-- livox_ros2_driver version: 0.0.1
-- Found ament_cmake_auto: 2.5.3 (/opt/ros/jazzy/share/ament_cmake_auto/cmake)
-- Override CMake install command with custom implementation using symlinks instead of copying resources
-- Found rosidl_generator_c: 4.6.5 (/opt/ros/jazzy/share/rosidl_generator_c/cmake)
-- Found rosidl_generator_cpp: 4.6.5 (/opt/ros/jazzy/share/rosidl_generator_cpp/cmake)
-- Using all available rosidl_typesupport_c: rosidl_typesupport_fastrtps_c;rosidl_typesupport_introspection_c
-- Using all available rosidl_typesupport_cpp: rosidl_typesupport_fastrtps_cpp;rosidl_typesupport_introspection_cpp
-- Found rmw_implementation_cmake: 7.3.1 (/opt/ros/jazzy/share/rmw_implementation_cmake/cmake)
-- Found rmw_fastrtps_cpp: 8.4.1 (/opt/ros/jazzy/share/rmw_fastrtps_cpp/cmake)
-- Using RMW implementation 'rmw_fastrtps_cpp' as default
-- Found flann version 1.9.2
-- OpenNI found (version: 1.5.4.0, include: /usr/include/ni, lib: /usr/lib/libOpenNI.so;libusb::libusb)
-- OpenNI2 found (version: 2.2.0.33, include: /usr/include/openni2, lib: /usr/lib/aarch64-linux-gnu/libOpenNI2.so;libusb::libusb)
-- OpenNI found (version: 1.5.4.0, include: /usr/include/ni, lib: /usr/lib/libOpenNI.so;libusb::libusb)
-- OpenNI2 found (version: 2.2.0.33, include: /usr/include/openni2, lib: /usr/lib/aarch64-linux-gnu/libOpenNI2.so;libusb::libusb)
-- Found Qhull version 8.0.2
-- OpenNI found (version: 1.5.4.0, include: /usr/include/ni, lib: /usr/lib/libOpenNI.so;libusb::libusb)
-- Found ament_lint_auto: 0.17.1 (/opt/ros/jazzy/share/ament_lint_auto/cmake)
-- Added test 'copyright' to check source files copyright and LICENSE
-- Added test 'cppcheck' to perform static code analysis on C / C++ code
-- Configured cppcheck include dirs: /home/ubpi5/ws_livox/src/livox_ros2_driver/livox_ros2_driver/../Livox-SDK/sdk_core/include;/home/ubpi5/ws_livox/src/livox_ros2_driver/livox_ros2_driver/common;/home/ubpi5/ws_livox/src/livox_ros2_driver/livox_ros2_driver/common/rapidjson;/home/ubpi5/ws_livox/src/livox_ros2_driver/livox_ros2_driver/comon/rapdidxml;/home/ubpi5/ws_livox/src/livox_ros2_driver/livox_ros2_driver/common/comm;/home/ubpi5/ws_livox/src/livox_ros2_driver/livox_ros2_driver/timesync;/home/ubpi5/ws_livox/src/livox_ros2_driver/livox_ros2_driver/timesync/user_uart;/home/ubpi5/ws_livox/src/livox_ros2_driver/livox_ros2_driver/livox_ros2_driver
-- Configured cppcheck exclude dirs and/or files: 
-- Added test 'cpplint' to check C / C++ code against the Google style
-- Configured cpplint exclude dirs and/or files: 
-- Added test 'flake8' to check Python code syntax and style conventions
-- Configured 'flake8' exclude dirs and/or files: 
-- Added test 'lint_cmake' to check CMake code style
-- Added test 'pep257' to check Python code against some of the docstring style conventions in PEP 257
-- Added test 'uncrustify' to check C / C++ code style
-- Configured uncrustify additional arguments: 
-- Added test 'xmllint' to check XML markup files
-- Configuring done (6.6s)
-- Generating done (0.2s)
-- Build files have been written to: /home/ubpi5/ws_livox/build/livox_ros2_driver
[ 87%] Built target livox_ros2_driver
[100%] Built target livox_ros2_driver_node
-- Install configuration: "Release"
-- Execute custom install script
-- Up-to-date symlink: /home/ubpi5/ws_livox/install/livox_ros2_driver/lib/livox_ros2_driver/livox_ros2_driver_node
-- Up-to-date symlink: /home/ubpi5/ws_livox/install/livox_ros2_driver/share/livox_ros2_driver/environment/library_path.sh
-- Up-to-date symlink: /home/ubpi5/ws_livox/install/livox_ros2_driver/share/livox_ros2_driver/environment/library_path.dsv
-- Up-to-date symlink: /home/ubpi5/ws_livox/install/livox_ros2_driver/lib/liblivox_ros2_driver.so
-- Up-to-date symlink: /home/ubpi5/ws_livox/install/livox_ros2_driver/share/livox_ros2_driver/config/avia_config.json
-- Up-to-date symlink: /home/ubpi5/ws_livox/install/livox_ros2_driver/share/livox_ros2_driver/config/livox_hub.rviz
-- Up-to-date symlink: /home/ubpi5/ws_livox/install/livox_ros2_driver/share/livox_ros2_driver/config/livox_hub_config.json
-- Up-to-date symlink: /home/ubpi5/ws_livox/install/livox_ros2_driver/share/livox_ros2_driver/config/livox_lidar.rviz
-- Up-to-date symlink: /home/ubpi5/ws_livox/install/livox_ros2_driver/share/livox_ros2_driver/config/livox_lidar_config.json
-- Up-to-date symlink: /home/ubpi5/ws_livox/install/livox_ros2_driver/share/livox_ros2_driver/launch/livox_hub_launch.py
-- Up-to-date symlink: /home/ubpi5/ws_livox/install/livox_ros2_driver/share/livox_ros2_driver/launch/livox_hub_msg_launch .py
-- Up-to-date symlink: /home/ubpi5/ws_livox/install/livox_ros2_driver/share/livox_ros2_driver/launch/livox_hub_rviz_launch.py
-- Up-to-date symlink: /home/ubpi5/ws_livox/install/livox_ros2_driver/share/livox_ros2_driver/launch/livox_lidar_launch.py
-- Up-to-date symlink: /home/ubpi5/ws_livox/install/livox_ros2_driver/share/livox_ros2_driver/launch/livox_lidar_msg_launch.py
-- Up-to-date symlink: /home/ubpi5/ws_livox/install/livox_ros2_driver/share/livox_ros2_driver/launch/livox_lidar_rviz_launch.py
-- Up-to-date symlink: /home/ubpi5/ws_livox/install/livox_ros2_driver/share/livox_ros2_driver/launch/livox_template_launch.py
-- Up-to-date symlink: /home/ubpi5/ws_livox/install/livox_ros2_driver/share/ament_index/resource_index/package_run_dependencies/livox_ros2_driver
-- Up-to-date symlink: /home/ubpi5/ws_livox/install/livox_ros2_driver/share/ament_index/resource_index/parent_prefix_path/livox_ros2_driver
-- Up-to-date symlink: /home/ubpi5/ws_livox/install/livox_ros2_driver/share/livox_ros2_driver/environment/ament_prefix_path.sh
-- Up-to-date symlink: /home/ubpi5/ws_livox/install/livox_ros2_driver/share/livox_ros2_driver/environment/ament_prefix_path.dsv
-- Up-to-date symlink: /home/ubpi5/ws_livox/install/livox_ros2_driver/share/livox_ros2_driver/environment/path.sh
-- Up-to-date symlink: /home/ubpi5/ws_livox/install/livox_ros2_driver/share/livox_ros2_driver/environment/path.dsv
-- Up-to-date symlink: /home/ubpi5/ws_livox/install/livox_ros2_driver/share/livox_ros2_driver/local_setup.bash
-- Up-to-date symlink: /home/ubpi5/ws_livox/install/livox_ros2_driver/share/livox_ros2_driver/local_setup.sh
-- Up-to-date symlink: /home/ubpi5/ws_livox/install/livox_ros2_driver/share/livox_ros2_driver/local_setup.zsh
-- Up-to-date symlink: /home/ubpi5/ws_livox/install/livox_ros2_driver/share/livox_ros2_driver/local_setup.dsv
-- Symlinking: /home/ubpi5/ws_livox/install/livox_ros2_driver/share/livox_ros2_driver/package.dsv
-- Up-to-date symlink: /home/ubpi5/ws_livox/install/livox_ros2_driver/share/ament_index/resource_index/packages/livox_ros2_driver
-- Up-to-date symlink: /home/ubpi5/ws_livox/install/livox_ros2_driver/share/ament_index/resource_index/rclcpp_components/livox_ros2_driver
-- Up-to-date symlink: /home/ubpi5/ws_livox/install/livox_ros2_driver/share/livox_ros2_driver/cmake/ament_cmake_export_dependencies-extras.cmake
-- Up-to-date symlink: /home/ubpi5/ws_livox/install/livox_ros2_driver/share/livox_ros2_driver/cmake/ament_cmake_export_libraries-extras.cmake
-- Up-to-date symlink: /home/ubpi5/ws_livox/install/livox_ros2_driver/share/livox_ros2_driver/cmake/livox_ros2_driverConfig.cmake
-- Up-to-date symlink: /home/ubpi5/ws_livox/install/livox_ros2_driver/share/livox_ros2_driver/cmake/livox_ros2_driverConfig-version.cmake
-- Up-to-date symlink: /home/ubpi5/ws_livox/install/livox_ros2_driver/share/livox_ros2_driver/package.xml
