[1.142s] DEBUG:colcon:Command line arguments: ['/usr/bin/colcon', 'build', '--symlink-install', '--packages-select', 'livox_ros2_driver', '--cmake-args', '-DCMAKE_BUILD_TYPE=Release']
[1.142s] DEBUG:colcon:Parsed command line arguments: Namespace(log_base=None, log_level=None, verb_name='build', build_base='build', install_base='install', merge_install=False, symlink_install=True, test_result_base=None, continue_on_error=False, executor='parallel', parallel_workers=4, event_handlers=None, ignore_user_meta=False, metas=['./colcon.meta'], base_paths=['.'], packages_ignore=None, packages_ignore_regex=None, paths=None, packages_up_to=None, packages_up_to_regex=None, packages_above=None, packages_above_and_dependencies=None, packages_above_depth=None, packages_select_by_dep=None, packages_skip_by_dep=None, packages_skip_up_to=None, packages_select_build_failed=False, packages_skip_build_finished=False, packages_select_test_failures=False, packages_skip_test_passed=False, packages_select=['livox_ros2_driver'], packages_skip=None, packages_select_regex=None, packages_skip_regex=None, packages_start=None, packages_end=None, allow_overriding=[], cmake_args=['-DCMAKE_BUILD_TYPE=Release'], cmake_target=None, cmake_target_skip_unavailable=False, cmake_clean_cache=False, cmake_clean_first=False, cmake_force_configure=False, ament_cmake_args=None, catkin_cmake_args=None, catkin_skip_building_tests=False, verb_parser=<colcon_defaults.argument_parser.defaults.DefaultArgumentsDecorator object at 0xffff9ec6da90>, verb_extension=<colcon_core.verb.build.BuildVerb object at 0xffff9ee2a660>, main=<bound method BuildVerb.main of <colcon_core.verb.build.BuildVerb object at 0xffff9ee2a660>>)
[1.719s] Level 1:colcon.colcon_core.package_discovery:discover_packages(colcon_meta) check parameters
[1.719s] Level 1:colcon.colcon_core.package_discovery:discover_packages(recursive) check parameters
[1.724s] Level 1:colcon.colcon_core.package_discovery:discover_packages(ignore) check parameters
[1.724s] Level 1:colcon.colcon_core.package_discovery:discover_packages(path) check parameters
[1.724s] Level 1:colcon.colcon_core.package_discovery:discover_packages(colcon_meta) discover
[1.724s] Level 1:colcon.colcon_core.package_discovery:discover_packages(recursive) discover
[1.724s] INFO:colcon.colcon_core.package_discovery:Crawling recursively for packages in '/home/ubpi5/ws_livox'
[1.725s] Level 1:colcon.colcon_core.package_identification:_identify(.) by extensions ['ignore', 'ignore_ament_install']
[1.725s] Level 1:colcon.colcon_core.package_identification:_identify(.) by extension 'ignore'
[1.725s] Level 1:colcon.colcon_core.package_identification:_identify(.) by extension 'ignore_ament_install'
[1.725s] Level 1:colcon.colcon_core.package_identification:_identify(.) by extensions ['colcon_pkg']
[1.725s] Level 1:colcon.colcon_core.package_identification:_identify(.) by extension 'colcon_pkg'
[1.725s] Level 1:colcon.colcon_core.package_identification:_identify(.) by extensions ['colcon_meta']
[1.725s] Level 1:colcon.colcon_core.package_identification:_identify(.) by extension 'colcon_meta'
[1.725s] Level 1:colcon.colcon_core.package_identification:_identify(.) by extensions ['ros']
[1.725s] Level 1:colcon.colcon_core.package_identification:_identify(.) by extension 'ros'
[1.957s] Level 1:colcon.colcon_core.package_identification:_identify(.) by extensions ['cmake', 'python']
[1.958s] Level 1:colcon.colcon_core.package_identification:_identify(.) by extension 'cmake'
[1.958s] Level 1:colcon.colcon_core.package_identification:_identify(.) by extension 'python'
[1.958s] Level 1:colcon.colcon_core.package_identification:_identify(.) by extensions ['python_setup_py']
[1.958s] Level 1:colcon.colcon_core.package_identification:_identify(.) by extension 'python_setup_py'
[1.958s] Level 1:colcon.colcon_core.package_identification:_identify(build) by extensions ['ignore', 'ignore_ament_install']
[1.970s] Level 1:colcon.colcon_core.package_identification:_identify(build) by extension 'ignore'
[1.970s] Level 1:colcon.colcon_core.package_identification:_identify(build) ignored
[1.970s] Level 1:colcon.colcon_core.package_identification:_identify(install) by extensions ['ignore', 'ignore_ament_install']
[1.970s] Level 1:colcon.colcon_core.package_identification:_identify(install) by extension 'ignore'
[1.970s] Level 1:colcon.colcon_core.package_identification:_identify(install) ignored
[1.971s] Level 1:colcon.colcon_core.package_identification:_identify(log) by extensions ['ignore', 'ignore_ament_install']
[1.971s] Level 1:colcon.colcon_core.package_identification:_identify(log) by extension 'ignore'
[1.971s] Level 1:colcon.colcon_core.package_identification:_identify(log) ignored
[1.971s] Level 1:colcon.colcon_core.package_identification:_identify(src) by extensions ['ignore', 'ignore_ament_install']
[1.971s] Level 1:colcon.colcon_core.package_identification:_identify(src) by extension 'ignore'
[1.971s] Level 1:colcon.colcon_core.package_identification:_identify(src) by extension 'ignore_ament_install'
[1.971s] Level 1:colcon.colcon_core.package_identification:_identify(src) by extensions ['colcon_pkg']
[1.971s] Level 1:colcon.colcon_core.package_identification:_identify(src) by extension 'colcon_pkg'
[1.971s] Level 1:colcon.colcon_core.package_identification:_identify(src) by extensions ['colcon_meta']
[1.971s] Level 1:colcon.colcon_core.package_identification:_identify(src) by extension 'colcon_meta'
[1.971s] Level 1:colcon.colcon_core.package_identification:_identify(src) by extensions ['ros']
[1.971s] Level 1:colcon.colcon_core.package_identification:_identify(src) by extension 'ros'
[1.972s] Level 1:colcon.colcon_core.package_identification:_identify(src) by extensions ['cmake', 'python']
[1.972s] Level 1:colcon.colcon_core.package_identification:_identify(src) by extension 'cmake'
[1.972s] Level 1:colcon.colcon_core.package_identification:_identify(src) by extension 'python'
[1.972s] Level 1:colcon.colcon_core.package_identification:_identify(src) by extensions ['python_setup_py']
[1.980s] Level 1:colcon.colcon_core.package_identification:_identify(src) by extension 'python_setup_py'
[1.981s] Level 1:colcon.colcon_core.package_identification:_identify(src/Livox-SDK) by extensions ['ignore', 'ignore_ament_install']
[1.981s] Level 1:colcon.colcon_core.package_identification:_identify(src/Livox-SDK) by extension 'ignore'
[1.981s] Level 1:colcon.colcon_core.package_identification:_identify(src/Livox-SDK) by extension 'ignore_ament_install'
[1.981s] Level 1:colcon.colcon_core.package_identification:_identify(src/Livox-SDK) by extensions ['colcon_pkg']
[1.981s] Level 1:colcon.colcon_core.package_identification:_identify(src/Livox-SDK) by extension 'colcon_pkg'
[1.981s] Level 1:colcon.colcon_core.package_identification:_identify(src/Livox-SDK) by extensions ['colcon_meta']
[1.981s] Level 1:colcon.colcon_core.package_identification:_identify(src/Livox-SDK) by extension 'colcon_meta'
[1.981s] Level 1:colcon.colcon_core.package_identification:_identify(src/Livox-SDK) by extensions ['ros']
[1.981s] Level 1:colcon.colcon_core.package_identification:_identify(src/Livox-SDK) by extension 'ros'
[1.981s] Level 1:colcon.colcon_core.package_identification:_identify(src/Livox-SDK) by extensions ['cmake', 'python']
[1.981s] Level 1:colcon.colcon_core.package_identification:_identify(src/Livox-SDK) by extension 'cmake'
[2.051s] Level 1:colcon.colcon_core.package_identification:_identify(src/Livox-SDK) by extension 'python'
[2.051s] DEBUG:colcon.colcon_core.package_identification:Package 'src/Livox-SDK' with type 'cmake' and name 'livox_sdk'
[2.055s] Level 1:colcon.colcon_core.package_identification:_identify(src/livox_ros2_driver) by extensions ['ignore', 'ignore_ament_install']
[2.055s] Level 1:colcon.colcon_core.package_identification:_identify(src/livox_ros2_driver) by extension 'ignore'
[2.056s] Level 1:colcon.colcon_core.package_identification:_identify(src/livox_ros2_driver) by extension 'ignore_ament_install'
[2.056s] Level 1:colcon.colcon_core.package_identification:_identify(src/livox_ros2_driver) by extensions ['colcon_pkg']
[2.056s] Level 1:colcon.colcon_core.package_identification:_identify(src/livox_ros2_driver) by extension 'colcon_pkg'
[2.056s] Level 1:colcon.colcon_core.package_identification:_identify(src/livox_ros2_driver) by extensions ['colcon_meta']
[2.056s] Level 1:colcon.colcon_core.package_identification:_identify(src/livox_ros2_driver) by extension 'colcon_meta'
[2.056s] Level 1:colcon.colcon_core.package_identification:_identify(src/livox_ros2_driver) by extensions ['ros']
[2.056s] Level 1:colcon.colcon_core.package_identification:_identify(src/livox_ros2_driver) by extension 'ros'
[2.056s] Level 1:colcon.colcon_core.package_identification:_identify(src/livox_ros2_driver) by extensions ['cmake', 'python']
[2.056s] Level 1:colcon.colcon_core.package_identification:_identify(src/livox_ros2_driver) by extension 'cmake'
[2.056s] Level 1:colcon.colcon_core.package_identification:_identify(src/livox_ros2_driver) by extension 'python'
[2.056s] Level 1:colcon.colcon_core.package_identification:_identify(src/livox_ros2_driver) by extensions ['python_setup_py']
[2.056s] Level 1:colcon.colcon_core.package_identification:_identify(src/livox_ros2_driver) by extension 'python_setup_py'
[2.056s] Level 1:colcon.colcon_core.package_identification:_identify(src/livox_ros2_driver/images) by extensions ['ignore', 'ignore_ament_install']
[2.057s] Level 1:colcon.colcon_core.package_identification:_identify(src/livox_ros2_driver/images) by extension 'ignore'
[2.057s] Level 1:colcon.colcon_core.package_identification:_identify(src/livox_ros2_driver/images) by extension 'ignore_ament_install'
[2.057s] Level 1:colcon.colcon_core.package_identification:_identify(src/livox_ros2_driver/images) by extensions ['colcon_pkg']
[2.057s] Level 1:colcon.colcon_core.package_identification:_identify(src/livox_ros2_driver/images) by extension 'colcon_pkg'
[2.057s] Level 1:colcon.colcon_core.package_identification:_identify(src/livox_ros2_driver/images) by extensions ['colcon_meta']
[2.057s] Level 1:colcon.colcon_core.package_identification:_identify(src/livox_ros2_driver/images) by extension 'colcon_meta'
[2.057s] Level 1:colcon.colcon_core.package_identification:_identify(src/livox_ros2_driver/images) by extensions ['ros']
[2.057s] Level 1:colcon.colcon_core.package_identification:_identify(src/livox_ros2_driver/images) by extension 'ros'
[2.057s] Level 1:colcon.colcon_core.package_identification:_identify(src/livox_ros2_driver/images) by extensions ['cmake', 'python']
[2.057s] Level 1:colcon.colcon_core.package_identification:_identify(src/livox_ros2_driver/images) by extension 'cmake'
[2.057s] Level 1:colcon.colcon_core.package_identification:_identify(src/livox_ros2_driver/images) by extension 'python'
[2.057s] Level 1:colcon.colcon_core.package_identification:_identify(src/livox_ros2_driver/images) by extensions ['python_setup_py']
[2.057s] Level 1:colcon.colcon_core.package_identification:_identify(src/livox_ros2_driver/images) by extension 'python_setup_py'
[2.065s] Level 1:colcon.colcon_core.package_identification:_identify(src/livox_ros2_driver/livox_interfaces) by extensions ['ignore', 'ignore_ament_install']
[2.065s] Level 1:colcon.colcon_core.package_identification:_identify(src/livox_ros2_driver/livox_interfaces) by extension 'ignore'
[2.065s] Level 1:colcon.colcon_core.package_identification:_identify(src/livox_ros2_driver/livox_interfaces) by extension 'ignore_ament_install'
[2.065s] Level 1:colcon.colcon_core.package_identification:_identify(src/livox_ros2_driver/livox_interfaces) by extensions ['colcon_pkg']
[2.065s] Level 1:colcon.colcon_core.package_identification:_identify(src/livox_ros2_driver/livox_interfaces) by extension 'colcon_pkg'
[2.065s] Level 1:colcon.colcon_core.package_identification:_identify(src/livox_ros2_driver/livox_interfaces) by extensions ['colcon_meta']
[2.065s] Level 1:colcon.colcon_core.package_identification:_identify(src/livox_ros2_driver/livox_interfaces) by extension 'colcon_meta'
[2.066s] Level 1:colcon.colcon_core.package_identification:_identify(src/livox_ros2_driver/livox_interfaces) by extensions ['ros']
[2.066s] Level 1:colcon.colcon_core.package_identification:_identify(src/livox_ros2_driver/livox_interfaces) by extension 'ros'
[2.083s] DEBUG:colcon.colcon_core.package_identification:Package 'src/livox_ros2_driver/livox_interfaces' with type 'ros.ament_cmake' and name 'livox_interfaces'
[2.083s] Level 1:colcon.colcon_core.package_identification:_identify(src/livox_ros2_driver/livox_ros2_driver) by extensions ['ignore', 'ignore_ament_install']
[2.083s] Level 1:colcon.colcon_core.package_identification:_identify(src/livox_ros2_driver/livox_ros2_driver) by extension 'ignore'
[2.083s] Level 1:colcon.colcon_core.package_identification:_identify(src/livox_ros2_driver/livox_ros2_driver) by extension 'ignore_ament_install'
[2.088s] Level 1:colcon.colcon_core.package_identification:_identify(src/livox_ros2_driver/livox_ros2_driver) by extensions ['colcon_pkg']
[2.088s] Level 1:colcon.colcon_core.package_identification:_identify(src/livox_ros2_driver/livox_ros2_driver) by extension 'colcon_pkg'
[2.094s] Level 1:colcon.colcon_core.package_identification:_identify(src/livox_ros2_driver/livox_ros2_driver) by extensions ['colcon_meta']
[2.094s] Level 1:colcon.colcon_core.package_identification:_identify(src/livox_ros2_driver/livox_ros2_driver) by extension 'colcon_meta'
[2.094s] Level 1:colcon.colcon_core.package_identification:_identify(src/livox_ros2_driver/livox_ros2_driver) by extensions ['ros']
[2.094s] Level 1:colcon.colcon_core.package_identification:_identify(src/livox_ros2_driver/livox_ros2_driver) by extension 'ros'
[2.102s] DEBUG:colcon.colcon_core.package_identification:Package 'src/livox_ros2_driver/livox_ros2_driver' with type 'ros.ament_cmake' and name 'livox_ros2_driver'
[2.103s] Level 1:colcon.colcon_core.package_discovery:discover_packages(recursive) using defaults
[2.103s] Level 1:colcon.colcon_core.package_discovery:discover_packages(ignore) discover
[2.106s] Level 1:colcon.colcon_core.package_discovery:discover_packages(ignore) using defaults
[2.107s] Level 1:colcon.colcon_core.package_discovery:discover_packages(path) discover
[2.107s] Level 1:colcon.colcon_core.package_discovery:discover_packages(path) using defaults
[2.468s] INFO:colcon.colcon_core.package_selection:Skipping not selected package 'livox_interfaces' in 'src/livox_ros2_driver/livox_interfaces'
[2.468s] INFO:colcon.colcon_core.package_selection:Skipping not selected package 'livox_sdk' in 'src/Livox-SDK'
[2.476s] Level 1:colcon.colcon_core.package_discovery:discover_packages(prefix_path) check parameters
[2.480s] Level 1:colcon.colcon_core.package_discovery:discover_packages(prefix_path) discover
[2.558s] DEBUG:colcon.colcon_installed_package_information.package_discovery:Found 3 installed packages in /home/ubpi5/ws_livox/install
[2.566s] DEBUG:colcon.colcon_installed_package_information.package_discovery:Found 301 installed packages in /opt/ros/jazzy
[2.578s] Level 1:colcon.colcon_core.package_discovery:discover_packages(prefix_path) using defaults
[2.992s] Level 5:colcon.colcon_core.verb:set package 'livox_ros2_driver' build argument 'cmake_args' from command line to '['-DCMAKE_BUILD_TYPE=Release']'
[2.992s] Level 5:colcon.colcon_core.verb:set package 'livox_ros2_driver' build argument 'cmake_target' from command line to 'None'
[2.992s] Level 5:colcon.colcon_core.verb:set package 'livox_ros2_driver' build argument 'cmake_target_skip_unavailable' from command line to 'False'
[2.992s] Level 5:colcon.colcon_core.verb:set package 'livox_ros2_driver' build argument 'cmake_clean_cache' from command line to 'False'
[2.992s] Level 5:colcon.colcon_core.verb:set package 'livox_ros2_driver' build argument 'cmake_clean_first' from command line to 'False'
[2.992s] Level 5:colcon.colcon_core.verb:set package 'livox_ros2_driver' build argument 'cmake_force_configure' from command line to 'False'
[2.992s] Level 5:colcon.colcon_core.verb:set package 'livox_ros2_driver' build argument 'ament_cmake_args' from command line to 'None'
[2.992s] Level 5:colcon.colcon_core.verb:set package 'livox_ros2_driver' build argument 'catkin_cmake_args' from command line to 'None'
[2.992s] Level 5:colcon.colcon_core.verb:set package 'livox_ros2_driver' build argument 'catkin_skip_building_tests' from command line to 'False'
[2.992s] DEBUG:colcon.colcon_core.verb:Building package 'livox_ros2_driver' with the following arguments: {'ament_cmake_args': None, 'build_base': '/home/ubpi5/ws_livox/build/livox_ros2_driver', 'catkin_cmake_args': None, 'catkin_skip_building_tests': False, 'cmake_args': ['-DCMAKE_BUILD_TYPE=Release'], 'cmake_clean_cache': False, 'cmake_clean_first': False, 'cmake_force_configure': False, 'cmake_target': None, 'cmake_target_skip_unavailable': False, 'install_base': '/home/ubpi5/ws_livox/install/livox_ros2_driver', 'merge_install': False, 'path': '/home/ubpi5/ws_livox/src/livox_ros2_driver/livox_ros2_driver', 'symlink_install': True, 'test_result_base': None}
[2.992s] INFO:colcon.colcon_core.executor:Executing jobs using 'parallel' executor
[3.000s] DEBUG:colcon.colcon_parallel_executor.executor.parallel:run_until_complete
[3.003s] INFO:colcon.colcon_ros.task.ament_cmake.build:Building ROS package in '/home/ubpi5/ws_livox/src/livox_ros2_driver/livox_ros2_driver' with build type 'ament_cmake'
[3.003s] INFO:colcon.colcon_cmake.task.cmake.build:Building CMake package in '/home/ubpi5/ws_livox/src/livox_ros2_driver/livox_ros2_driver'
[3.118s] INFO:colcon.colcon_core.plugin_system:Skipping extension 'colcon_core.shell.bat': Not used on non-Windows systems
[3.118s] INFO:colcon.colcon_core.shell:Skip shell extension 'powershell' for command environment: Not usable outside of PowerShell
[3.118s] DEBUG:colcon.colcon_core.shell:Skip shell extension 'dsv' for command environment
[3.402s] DEBUG:colcon.colcon_core.event_handler.log_command:Invoking command in '/home/ubpi5/ws_livox/build/livox_ros2_driver': CMAKE_PREFIX_PATH=/home/ubpi5/ws_livox/install/livox_interfaces:/home/ubpi5/ws_livox/install/livox_ros2_driver:/opt/ros/jazzy/opt/gz_math_vendor:/opt/ros/jazzy/opt/gz_utils_vendor:/opt/ros/jazzy/opt/gz_cmake_vendor:/opt/ros/jazzy DEBUGINFOD_URLS=https://debuginfod.ubuntu.com LD_LIBRARY_PATH=/home/ubpi5/ws_livox/install/livox_interfaces/lib:/home/ubpi5/ws_livox/install/livox_ros2_driver/lib:/opt/ros/jazzy/opt/rviz_ogre_vendor/lib:/opt/ros/jazzy/lib/aarch64-linux-gnu:/opt/ros/jazzy/opt/gz_math_vendor/lib:/opt/ros/jazzy/opt/gz_utils_vendor/lib:/opt/ros/jazzy/opt/gz_cmake_vendor/lib:/opt/ros/jazzy/lib:/tmp/.mount_CursorhOCKCB/usr/lib/:/tmp/.mount_CursorhOCKCB/usr/lib32/:/tmp/.mount_CursorhOCKCB/usr/lib64/:/tmp/.mount_CursorhOCKCB/lib/:/tmp/.mount_CursorhOCKCB/lib/i386-linux-gnu/:/tmp/.mount_CursorhOCKCB/lib/x86_64-linux-gnu/:/tmp/.mount_CursorhOCKCB/lib/aarch64-linux-gnu/:/tmp/.mount_CursorhOCKCB/lib32/:/tmp/.mount_CursorhOCKCB/lib64/ /usr/bin/cmake /home/ubpi5/ws_livox/src/livox_ros2_driver/livox_ros2_driver -DCMAKE_BUILD_TYPE=Release -DAMENT_CMAKE_SYMLINK_INSTALL=1 -DCMAKE_INSTALL_PREFIX=/home/ubpi5/ws_livox/install/livox_ros2_driver
[30.113s] DEBUG:colcon.colcon_core.event_handler.log_command:Invoked command in '/home/ubpi5/ws_livox/build/livox_ros2_driver' returned '0': CMAKE_PREFIX_PATH=/home/ubpi5/ws_livox/install/livox_interfaces:/home/ubpi5/ws_livox/install/livox_ros2_driver:/opt/ros/jazzy/opt/gz_math_vendor:/opt/ros/jazzy/opt/gz_utils_vendor:/opt/ros/jazzy/opt/gz_cmake_vendor:/opt/ros/jazzy DEBUGINFOD_URLS=https://debuginfod.ubuntu.com LD_LIBRARY_PATH=/home/ubpi5/ws_livox/install/livox_interfaces/lib:/home/ubpi5/ws_livox/install/livox_ros2_driver/lib:/opt/ros/jazzy/opt/rviz_ogre_vendor/lib:/opt/ros/jazzy/lib/aarch64-linux-gnu:/opt/ros/jazzy/opt/gz_math_vendor/lib:/opt/ros/jazzy/opt/gz_utils_vendor/lib:/opt/ros/jazzy/opt/gz_cmake_vendor/lib:/opt/ros/jazzy/lib:/tmp/.mount_CursorhOCKCB/usr/lib/:/tmp/.mount_CursorhOCKCB/usr/lib32/:/tmp/.mount_CursorhOCKCB/usr/lib64/:/tmp/.mount_CursorhOCKCB/lib/:/tmp/.mount_CursorhOCKCB/lib/i386-linux-gnu/:/tmp/.mount_CursorhOCKCB/lib/x86_64-linux-gnu/:/tmp/.mount_CursorhOCKCB/lib/aarch64-linux-gnu/:/tmp/.mount_CursorhOCKCB/lib32/:/tmp/.mount_CursorhOCKCB/lib64/ /usr/bin/cmake /home/ubpi5/ws_livox/src/livox_ros2_driver/livox_ros2_driver -DCMAKE_BUILD_TYPE=Release -DAMENT_CMAKE_SYMLINK_INSTALL=1 -DCMAKE_INSTALL_PREFIX=/home/ubpi5/ws_livox/install/livox_ros2_driver
[30.114s] DEBUG:colcon.colcon_core.event_handler.log_command:Invoking command in '/home/ubpi5/ws_livox/build/livox_ros2_driver': CMAKE_PREFIX_PATH=/home/ubpi5/ws_livox/install/livox_interfaces:/home/ubpi5/ws_livox/install/livox_ros2_driver:/opt/ros/jazzy/opt/gz_math_vendor:/opt/ros/jazzy/opt/gz_utils_vendor:/opt/ros/jazzy/opt/gz_cmake_vendor:/opt/ros/jazzy DEBUGINFOD_URLS=https://debuginfod.ubuntu.com LD_LIBRARY_PATH=/home/ubpi5/ws_livox/install/livox_interfaces/lib:/home/ubpi5/ws_livox/install/livox_ros2_driver/lib:/opt/ros/jazzy/opt/rviz_ogre_vendor/lib:/opt/ros/jazzy/lib/aarch64-linux-gnu:/opt/ros/jazzy/opt/gz_math_vendor/lib:/opt/ros/jazzy/opt/gz_utils_vendor/lib:/opt/ros/jazzy/opt/gz_cmake_vendor/lib:/opt/ros/jazzy/lib:/tmp/.mount_CursorhOCKCB/usr/lib/:/tmp/.mount_CursorhOCKCB/usr/lib32/:/tmp/.mount_CursorhOCKCB/usr/lib64/:/tmp/.mount_CursorhOCKCB/lib/:/tmp/.mount_CursorhOCKCB/lib/i386-linux-gnu/:/tmp/.mount_CursorhOCKCB/lib/x86_64-linux-gnu/:/tmp/.mount_CursorhOCKCB/lib/aarch64-linux-gnu/:/tmp/.mount_CursorhOCKCB/lib32/:/tmp/.mount_CursorhOCKCB/lib64/ /usr/bin/cmake --build /home/ubpi5/ws_livox/build/livox_ros2_driver -- -j4 -l4
[31.681s] DEBUG:colcon.colcon_core.event_handler.log_command:Invoked command in '/home/ubpi5/ws_livox/build/livox_ros2_driver' returned '0': CMAKE_PREFIX_PATH=/home/ubpi5/ws_livox/install/livox_interfaces:/home/ubpi5/ws_livox/install/livox_ros2_driver:/opt/ros/jazzy/opt/gz_math_vendor:/opt/ros/jazzy/opt/gz_utils_vendor:/opt/ros/jazzy/opt/gz_cmake_vendor:/opt/ros/jazzy DEBUGINFOD_URLS=https://debuginfod.ubuntu.com LD_LIBRARY_PATH=/home/ubpi5/ws_livox/install/livox_interfaces/lib:/home/ubpi5/ws_livox/install/livox_ros2_driver/lib:/opt/ros/jazzy/opt/rviz_ogre_vendor/lib:/opt/ros/jazzy/lib/aarch64-linux-gnu:/opt/ros/jazzy/opt/gz_math_vendor/lib:/opt/ros/jazzy/opt/gz_utils_vendor/lib:/opt/ros/jazzy/opt/gz_cmake_vendor/lib:/opt/ros/jazzy/lib:/tmp/.mount_CursorhOCKCB/usr/lib/:/tmp/.mount_CursorhOCKCB/usr/lib32/:/tmp/.mount_CursorhOCKCB/usr/lib64/:/tmp/.mount_CursorhOCKCB/lib/:/tmp/.mount_CursorhOCKCB/lib/i386-linux-gnu/:/tmp/.mount_CursorhOCKCB/lib/x86_64-linux-gnu/:/tmp/.mount_CursorhOCKCB/lib/aarch64-linux-gnu/:/tmp/.mount_CursorhOCKCB/lib32/:/tmp/.mount_CursorhOCKCB/lib64/ /usr/bin/cmake --build /home/ubpi5/ws_livox/build/livox_ros2_driver -- -j4 -l4
[31.751s] DEBUG:colcon.colcon_core.event_handler.log_command:Invoking command in '/home/ubpi5/ws_livox/build/livox_ros2_driver': CMAKE_PREFIX_PATH=/home/ubpi5/ws_livox/install/livox_interfaces:/home/ubpi5/ws_livox/install/livox_ros2_driver:/opt/ros/jazzy/opt/gz_math_vendor:/opt/ros/jazzy/opt/gz_utils_vendor:/opt/ros/jazzy/opt/gz_cmake_vendor:/opt/ros/jazzy DEBUGINFOD_URLS=https://debuginfod.ubuntu.com LD_LIBRARY_PATH=/home/ubpi5/ws_livox/install/livox_interfaces/lib:/home/ubpi5/ws_livox/install/livox_ros2_driver/lib:/opt/ros/jazzy/opt/rviz_ogre_vendor/lib:/opt/ros/jazzy/lib/aarch64-linux-gnu:/opt/ros/jazzy/opt/gz_math_vendor/lib:/opt/ros/jazzy/opt/gz_utils_vendor/lib:/opt/ros/jazzy/opt/gz_cmake_vendor/lib:/opt/ros/jazzy/lib:/tmp/.mount_CursorhOCKCB/usr/lib/:/tmp/.mount_CursorhOCKCB/usr/lib32/:/tmp/.mount_CursorhOCKCB/usr/lib64/:/tmp/.mount_CursorhOCKCB/lib/:/tmp/.mount_CursorhOCKCB/lib/i386-linux-gnu/:/tmp/.mount_CursorhOCKCB/lib/x86_64-linux-gnu/:/tmp/.mount_CursorhOCKCB/lib/aarch64-linux-gnu/:/tmp/.mount_CursorhOCKCB/lib32/:/tmp/.mount_CursorhOCKCB/lib64/ /usr/bin/cmake --install /home/ubpi5/ws_livox/build/livox_ros2_driver
[32.104s] Level 1:colcon.colcon_core.environment:create_environment_scripts_only(livox_ros2_driver)
[32.105s] DEBUG:colcon.colcon_core.event_handler.log_command:Invoked command in '/home/ubpi5/ws_livox/build/livox_ros2_driver' returned '0': CMAKE_PREFIX_PATH=/home/ubpi5/ws_livox/install/livox_interfaces:/home/ubpi5/ws_livox/install/livox_ros2_driver:/opt/ros/jazzy/opt/gz_math_vendor:/opt/ros/jazzy/opt/gz_utils_vendor:/opt/ros/jazzy/opt/gz_cmake_vendor:/opt/ros/jazzy DEBUGINFOD_URLS=https://debuginfod.ubuntu.com LD_LIBRARY_PATH=/home/ubpi5/ws_livox/install/livox_interfaces/lib:/home/ubpi5/ws_livox/install/livox_ros2_driver/lib:/opt/ros/jazzy/opt/rviz_ogre_vendor/lib:/opt/ros/jazzy/lib/aarch64-linux-gnu:/opt/ros/jazzy/opt/gz_math_vendor/lib:/opt/ros/jazzy/opt/gz_utils_vendor/lib:/opt/ros/jazzy/opt/gz_cmake_vendor/lib:/opt/ros/jazzy/lib:/tmp/.mount_CursorhOCKCB/usr/lib/:/tmp/.mount_CursorhOCKCB/usr/lib32/:/tmp/.mount_CursorhOCKCB/usr/lib64/:/tmp/.mount_CursorhOCKCB/lib/:/tmp/.mount_CursorhOCKCB/lib/i386-linux-gnu/:/tmp/.mount_CursorhOCKCB/lib/x86_64-linux-gnu/:/tmp/.mount_CursorhOCKCB/lib/aarch64-linux-gnu/:/tmp/.mount_CursorhOCKCB/lib32/:/tmp/.mount_CursorhOCKCB/lib64/ /usr/bin/cmake --install /home/ubpi5/ws_livox/build/livox_ros2_driver
[32.138s] Level 1:colcon.colcon_core.environment:checking '/home/ubpi5/ws_livox/install/livox_ros2_driver' for CMake module files
[32.139s] Level 1:colcon.colcon_core.environment:checking '/home/ubpi5/ws_livox/install/livox_ros2_driver' for CMake config files
[32.143s] Level 1:colcon.colcon_core.shell:create_environment_hook('livox_ros2_driver', 'cmake_prefix_path')
[32.151s] INFO:colcon.colcon_core.shell:Creating environment hook '/home/ubpi5/ws_livox/install/livox_ros2_driver/share/livox_ros2_driver/hook/cmake_prefix_path.ps1'
[32.152s] INFO:colcon.colcon_core.shell:Creating environment descriptor '/home/ubpi5/ws_livox/install/livox_ros2_driver/share/livox_ros2_driver/hook/cmake_prefix_path.dsv'
[32.162s] INFO:colcon.colcon_core.shell:Creating environment hook '/home/ubpi5/ws_livox/install/livox_ros2_driver/share/livox_ros2_driver/hook/cmake_prefix_path.sh'
[32.167s] Level 1:colcon.colcon_core.environment:checking '/home/ubpi5/ws_livox/install/livox_ros2_driver/lib'
[32.168s] Level 1:colcon.colcon_core.shell:create_environment_hook('livox_ros2_driver', 'ld_library_path_lib')
[32.168s] INFO:colcon.colcon_core.shell:Creating environment hook '/home/ubpi5/ws_livox/install/livox_ros2_driver/share/livox_ros2_driver/hook/ld_library_path_lib.ps1'
[32.176s] INFO:colcon.colcon_core.shell:Creating environment descriptor '/home/ubpi5/ws_livox/install/livox_ros2_driver/share/livox_ros2_driver/hook/ld_library_path_lib.dsv'
[32.192s] INFO:colcon.colcon_core.shell:Creating environment hook '/home/ubpi5/ws_livox/install/livox_ros2_driver/share/livox_ros2_driver/hook/ld_library_path_lib.sh'
[32.193s] Level 1:colcon.colcon_core.environment:checking '/home/ubpi5/ws_livox/install/livox_ros2_driver/bin'
[32.193s] Level 1:colcon.colcon_core.environment:checking '/home/ubpi5/ws_livox/install/livox_ros2_driver/lib/pkgconfig/livox_ros2_driver.pc'
[32.193s] Level 1:colcon.colcon_core.environment:checking '/home/ubpi5/ws_livox/install/livox_ros2_driver/lib/python3.12/site-packages'
[32.193s] Level 1:colcon.colcon_core.environment:checking '/home/ubpi5/ws_livox/install/livox_ros2_driver/bin'
[32.194s] INFO:colcon.colcon_core.shell:Creating package script '/home/ubpi5/ws_livox/install/livox_ros2_driver/share/livox_ros2_driver/package.ps1'
[32.206s] INFO:colcon.colcon_core.shell:Creating package descriptor '/home/ubpi5/ws_livox/install/livox_ros2_driver/share/livox_ros2_driver/package.dsv'
[32.207s] INFO:colcon.colcon_core.shell:Creating package script '/home/ubpi5/ws_livox/install/livox_ros2_driver/share/livox_ros2_driver/package.sh'
[32.211s] INFO:colcon.colcon_core.shell:Creating package script '/home/ubpi5/ws_livox/install/livox_ros2_driver/share/livox_ros2_driver/package.bash'
[32.226s] INFO:colcon.colcon_core.shell:Creating package script '/home/ubpi5/ws_livox/install/livox_ros2_driver/share/livox_ros2_driver/package.zsh'
[32.227s] Level 1:colcon.colcon_core.environment:create_file_with_runtime_dependencies(/home/ubpi5/ws_livox/install/livox_ros2_driver/share/colcon-core/packages/livox_ros2_driver)
[32.244s] Level 1:colcon.colcon_core.environment:create_environment_scripts_only(livox_ros2_driver)
[32.244s] Level 1:colcon.colcon_core.environment:checking '/home/ubpi5/ws_livox/install/livox_ros2_driver' for CMake module files
[32.245s] Level 1:colcon.colcon_core.environment:checking '/home/ubpi5/ws_livox/install/livox_ros2_driver' for CMake config files
[32.257s] Level 1:colcon.colcon_core.shell:create_environment_hook('livox_ros2_driver', 'cmake_prefix_path')
[32.257s] INFO:colcon.colcon_core.shell:Creating environment hook '/home/ubpi5/ws_livox/install/livox_ros2_driver/share/livox_ros2_driver/hook/cmake_prefix_path.ps1'
[32.258s] INFO:colcon.colcon_core.shell:Creating environment descriptor '/home/ubpi5/ws_livox/install/livox_ros2_driver/share/livox_ros2_driver/hook/cmake_prefix_path.dsv'
[32.267s] INFO:colcon.colcon_core.shell:Creating environment hook '/home/ubpi5/ws_livox/install/livox_ros2_driver/share/livox_ros2_driver/hook/cmake_prefix_path.sh'
[32.270s] Level 1:colcon.colcon_core.environment:checking '/home/ubpi5/ws_livox/install/livox_ros2_driver/lib'
[32.270s] Level 1:colcon.colcon_core.shell:create_environment_hook('livox_ros2_driver', 'ld_library_path_lib')
[32.271s] INFO:colcon.colcon_core.shell:Creating environment hook '/home/ubpi5/ws_livox/install/livox_ros2_driver/share/livox_ros2_driver/hook/ld_library_path_lib.ps1'
[32.278s] INFO:colcon.colcon_core.shell:Creating environment descriptor '/home/ubpi5/ws_livox/install/livox_ros2_driver/share/livox_ros2_driver/hook/ld_library_path_lib.dsv'
[32.287s] INFO:colcon.colcon_core.shell:Creating environment hook '/home/ubpi5/ws_livox/install/livox_ros2_driver/share/livox_ros2_driver/hook/ld_library_path_lib.sh'
[32.306s] Level 1:colcon.colcon_core.environment:checking '/home/ubpi5/ws_livox/install/livox_ros2_driver/bin'
[32.307s] Level 1:colcon.colcon_core.environment:checking '/home/ubpi5/ws_livox/install/livox_ros2_driver/lib/pkgconfig/livox_ros2_driver.pc'
[32.307s] Level 1:colcon.colcon_core.environment:checking '/home/ubpi5/ws_livox/install/livox_ros2_driver/lib/python3.12/site-packages'
[32.308s] Level 1:colcon.colcon_core.environment:checking '/home/ubpi5/ws_livox/install/livox_ros2_driver/bin'
[32.309s] INFO:colcon.colcon_core.shell:Creating package script '/home/ubpi5/ws_livox/install/livox_ros2_driver/share/livox_ros2_driver/package.ps1'
[32.327s] INFO:colcon.colcon_core.shell:Creating package descriptor '/home/ubpi5/ws_livox/install/livox_ros2_driver/share/livox_ros2_driver/package.dsv'
[32.337s] INFO:colcon.colcon_core.shell:Creating package script '/home/ubpi5/ws_livox/install/livox_ros2_driver/share/livox_ros2_driver/package.sh'
[32.343s] INFO:colcon.colcon_core.shell:Creating package script '/home/ubpi5/ws_livox/install/livox_ros2_driver/share/livox_ros2_driver/package.bash'
[32.356s] INFO:colcon.colcon_core.shell:Creating package script '/home/ubpi5/ws_livox/install/livox_ros2_driver/share/livox_ros2_driver/package.zsh'
[32.360s] Level 1:colcon.colcon_core.environment:create_file_with_runtime_dependencies(/home/ubpi5/ws_livox/install/livox_ros2_driver/share/colcon-core/packages/livox_ros2_driver)
[32.362s] DEBUG:colcon.colcon_parallel_executor.executor.parallel:closing loop
[32.364s] DEBUG:colcon.colcon_parallel_executor.executor.parallel:loop closed
[32.365s] DEBUG:colcon.colcon_parallel_executor.executor.parallel:run_until_complete finished with '0'
[32.365s] DEBUG:colcon.colcon_core.event_reactor:joining thread
[32.443s] INFO:colcon.colcon_core.plugin_system:Skipping extension 'colcon_notification.desktop_notification.terminal_notifier': Not used on non-Darwin systems
[32.443s] INFO:colcon.colcon_core.plugin_system:Skipping extension 'colcon_notification.desktop_notification.win32': Not used on non-Windows systems
[32.443s] INFO:colcon.colcon_notification.desktop_notification:Sending desktop notification using 'notify2'
[32.579s] DEBUG:colcon.colcon_core.event_reactor:joined thread
[32.580s] INFO:colcon.colcon_core.shell:Creating prefix script '/home/ubpi5/ws_livox/install/local_setup.ps1'
[32.590s] INFO:colcon.colcon_core.shell:Creating prefix util module '/home/ubpi5/ws_livox/install/_local_setup_util_ps1.py'
[32.608s] INFO:colcon.colcon_core.shell:Creating prefix chain script '/home/ubpi5/ws_livox/install/setup.ps1'
[32.624s] INFO:colcon.colcon_core.shell:Creating prefix script '/home/ubpi5/ws_livox/install/local_setup.sh'
[32.631s] INFO:colcon.colcon_core.shell:Creating prefix util module '/home/ubpi5/ws_livox/install/_local_setup_util_sh.py'
[32.632s] INFO:colcon.colcon_core.shell:Creating prefix chain script '/home/ubpi5/ws_livox/install/setup.sh'
[32.659s] INFO:colcon.colcon_core.shell:Creating prefix script '/home/ubpi5/ws_livox/install/local_setup.bash'
[32.671s] INFO:colcon.colcon_core.shell:Creating prefix chain script '/home/ubpi5/ws_livox/install/setup.bash'
[32.684s] INFO:colcon.colcon_core.shell:Creating prefix script '/home/ubpi5/ws_livox/install/local_setup.zsh'
[32.699s] INFO:colcon.colcon_core.shell:Creating prefix chain script '/home/ubpi5/ws_livox/install/setup.zsh'
