[0.403s] DEBUG:colcon:Command line arguments: ['/usr/bin/colcon', 'build', '--packages-select', 'livox_ros2_driver', '--symlink-install', '--cmake-args', '-DCMAKE_BUILD_TYPE=Release']
[0.405s] DEBUG:colcon:Parsed command line arguments: Namespace(log_base=None, log_level=None, verb_name='build', build_base='build', install_base='install', merge_install=False, symlink_install=True, test_result_base=None, continue_on_error=False, executor='parallel', parallel_workers=4, event_handlers=None, ignore_user_meta=False, metas=['./colcon.meta'], base_paths=['.'], packages_ignore=None, packages_ignore_regex=None, paths=None, packages_up_to=None, packages_up_to_regex=None, packages_above=None, packages_above_and_dependencies=None, packages_above_depth=None, packages_select_by_dep=None, packages_skip_by_dep=None, packages_skip_up_to=None, packages_select_build_failed=False, packages_skip_build_finished=False, packages_select_test_failures=False, packages_skip_test_passed=False, packages_select=['livox_ros2_driver'], packages_skip=None, packages_select_regex=None, packages_skip_regex=None, packages_start=None, packages_end=None, allow_overriding=[], cmake_args=['-DCMAKE_BUILD_TYPE=Release'], cmake_target=None, cmake_target_skip_unavailable=False, cmake_clean_cache=False, cmake_clean_first=False, cmake_force_configure=False, ament_cmake_args=None, catkin_cmake_args=None, catkin_skip_building_tests=False, verb_parser=<colcon_defaults.argument_parser.defaults.DefaultArgumentsDecorator object at 0xffffb2dadd30>, verb_extension=<colcon_core.verb.build.BuildVerb object at 0xffffb2f6a330>, main=<bound method BuildVerb.main of <colcon_core.verb.build.BuildVerb object at 0xffffb2f6a330>>)
[0.557s] Level 1:colcon.colcon_core.package_discovery:discover_packages(colcon_meta) check parameters
[0.558s] Level 1:colcon.colcon_core.package_discovery:discover_packages(recursive) check parameters
[0.558s] Level 1:colcon.colcon_core.package_discovery:discover_packages(ignore) check parameters
[0.558s] Level 1:colcon.colcon_core.package_discovery:discover_packages(path) check parameters
[0.558s] Level 1:colcon.colcon_core.package_discovery:discover_packages(colcon_meta) discover
[0.559s] Level 1:colcon.colcon_core.package_discovery:discover_packages(recursive) discover
[0.562s] INFO:colcon.colcon_core.package_discovery:Crawling recursively for packages in '/home/ubpi5/ws_livox'
[0.563s] Level 1:colcon.colcon_core.package_identification:_identify(.) by extensions ['ignore', 'ignore_ament_install']
[0.563s] Level 1:colcon.colcon_core.package_identification:_identify(.) by extension 'ignore'
[0.563s] Level 1:colcon.colcon_core.package_identification:_identify(.) by extension 'ignore_ament_install'
[0.563s] Level 1:colcon.colcon_core.package_identification:_identify(.) by extensions ['colcon_pkg']
[0.563s] Level 1:colcon.colcon_core.package_identification:_identify(.) by extension 'colcon_pkg'
[0.563s] Level 1:colcon.colcon_core.package_identification:_identify(.) by extensions ['colcon_meta']
[0.563s] Level 1:colcon.colcon_core.package_identification:_identify(.) by extension 'colcon_meta'
[0.563s] Level 1:colcon.colcon_core.package_identification:_identify(.) by extensions ['ros']
[0.563s] Level 1:colcon.colcon_core.package_identification:_identify(.) by extension 'ros'
[0.735s] Level 1:colcon.colcon_core.package_identification:_identify(.) by extensions ['cmake', 'python']
[0.744s] Level 1:colcon.colcon_core.package_identification:_identify(.) by extension 'cmake'
[0.745s] Level 1:colcon.colcon_core.package_identification:_identify(.) by extension 'python'
[0.745s] Level 1:colcon.colcon_core.package_identification:_identify(.) by extensions ['python_setup_py']
[0.745s] Level 1:colcon.colcon_core.package_identification:_identify(.) by extension 'python_setup_py'
[0.745s] Level 1:colcon.colcon_core.package_identification:_identify(build) by extensions ['ignore', 'ignore_ament_install']
[0.745s] Level 1:colcon.colcon_core.package_identification:_identify(build) by extension 'ignore'
[0.745s] Level 1:colcon.colcon_core.package_identification:_identify(build) ignored
[0.745s] Level 1:colcon.colcon_core.package_identification:_identify(install) by extensions ['ignore', 'ignore_ament_install']
[0.746s] Level 1:colcon.colcon_core.package_identification:_identify(install) by extension 'ignore'
[0.746s] Level 1:colcon.colcon_core.package_identification:_identify(install) ignored
[0.746s] Level 1:colcon.colcon_core.package_identification:_identify(log) by extensions ['ignore', 'ignore_ament_install']
[0.746s] Level 1:colcon.colcon_core.package_identification:_identify(log) by extension 'ignore'
[0.746s] Level 1:colcon.colcon_core.package_identification:_identify(log) ignored
[0.746s] Level 1:colcon.colcon_core.package_identification:_identify(src) by extensions ['ignore', 'ignore_ament_install']
[0.746s] Level 1:colcon.colcon_core.package_identification:_identify(src) by extension 'ignore'
[0.746s] Level 1:colcon.colcon_core.package_identification:_identify(src) by extension 'ignore_ament_install'
[0.746s] Level 1:colcon.colcon_core.package_identification:_identify(src) by extensions ['colcon_pkg']
[0.746s] Level 1:colcon.colcon_core.package_identification:_identify(src) by extension 'colcon_pkg'
[0.746s] Level 1:colcon.colcon_core.package_identification:_identify(src) by extensions ['colcon_meta']
[0.746s] Level 1:colcon.colcon_core.package_identification:_identify(src) by extension 'colcon_meta'
[0.747s] Level 1:colcon.colcon_core.package_identification:_identify(src) by extensions ['ros']
[0.747s] Level 1:colcon.colcon_core.package_identification:_identify(src) by extension 'ros'
[0.747s] Level 1:colcon.colcon_core.package_identification:_identify(src) by extensions ['cmake', 'python']
[0.747s] Level 1:colcon.colcon_core.package_identification:_identify(src) by extension 'cmake'
[0.747s] Level 1:colcon.colcon_core.package_identification:_identify(src) by extension 'python'
[0.747s] Level 1:colcon.colcon_core.package_identification:_identify(src) by extensions ['python_setup_py']
[0.747s] Level 1:colcon.colcon_core.package_identification:_identify(src) by extension 'python_setup_py'
[0.747s] Level 1:colcon.colcon_core.package_identification:_identify(src/Livox-SDK) by extensions ['ignore', 'ignore_ament_install']
[0.747s] Level 1:colcon.colcon_core.package_identification:_identify(src/Livox-SDK) by extension 'ignore'
[0.747s] Level 1:colcon.colcon_core.package_identification:_identify(src/Livox-SDK) by extension 'ignore_ament_install'
[0.747s] Level 1:colcon.colcon_core.package_identification:_identify(src/Livox-SDK) by extensions ['colcon_pkg']
[0.747s] Level 1:colcon.colcon_core.package_identification:_identify(src/Livox-SDK) by extension 'colcon_pkg'
[0.755s] Level 1:colcon.colcon_core.package_identification:_identify(src/Livox-SDK) by extensions ['colcon_meta']
[0.755s] Level 1:colcon.colcon_core.package_identification:_identify(src/Livox-SDK) by extension 'colcon_meta'
[0.755s] Level 1:colcon.colcon_core.package_identification:_identify(src/Livox-SDK) by extensions ['ros']
[0.755s] Level 1:colcon.colcon_core.package_identification:_identify(src/Livox-SDK) by extension 'ros'
[0.756s] Level 1:colcon.colcon_core.package_identification:_identify(src/Livox-SDK) by extensions ['cmake', 'python']
[0.756s] Level 1:colcon.colcon_core.package_identification:_identify(src/Livox-SDK) by extension 'cmake'
[0.830s] Level 1:colcon.colcon_core.package_identification:_identify(src/Livox-SDK) by extension 'python'
[0.830s] DEBUG:colcon.colcon_core.package_identification:Package 'src/Livox-SDK' with type 'cmake' and name 'livox_sdk'
[0.830s] Level 1:colcon.colcon_core.package_identification:_identify(src/livox_ros2_driver) by extensions ['ignore', 'ignore_ament_install']
[0.830s] Level 1:colcon.colcon_core.package_identification:_identify(src/livox_ros2_driver) by extension 'ignore'
[0.830s] Level 1:colcon.colcon_core.package_identification:_identify(src/livox_ros2_driver) by extension 'ignore_ament_install'
[0.831s] Level 1:colcon.colcon_core.package_identification:_identify(src/livox_ros2_driver) by extensions ['colcon_pkg']
[0.831s] Level 1:colcon.colcon_core.package_identification:_identify(src/livox_ros2_driver) by extension 'colcon_pkg'
[0.831s] Level 1:colcon.colcon_core.package_identification:_identify(src/livox_ros2_driver) by extensions ['colcon_meta']
[0.831s] Level 1:colcon.colcon_core.package_identification:_identify(src/livox_ros2_driver) by extension 'colcon_meta'
[0.831s] Level 1:colcon.colcon_core.package_identification:_identify(src/livox_ros2_driver) by extensions ['ros']
[0.831s] Level 1:colcon.colcon_core.package_identification:_identify(src/livox_ros2_driver) by extension 'ros'
[0.831s] Level 1:colcon.colcon_core.package_identification:_identify(src/livox_ros2_driver) by extensions ['cmake', 'python']
[0.831s] Level 1:colcon.colcon_core.package_identification:_identify(src/livox_ros2_driver) by extension 'cmake'
[0.831s] Level 1:colcon.colcon_core.package_identification:_identify(src/livox_ros2_driver) by extension 'python'
[0.831s] Level 1:colcon.colcon_core.package_identification:_identify(src/livox_ros2_driver) by extensions ['python_setup_py']
[0.831s] Level 1:colcon.colcon_core.package_identification:_identify(src/livox_ros2_driver) by extension 'python_setup_py'
[0.831s] Level 1:colcon.colcon_core.package_identification:_identify(src/livox_ros2_driver/images) by extensions ['ignore', 'ignore_ament_install']
[0.831s] Level 1:colcon.colcon_core.package_identification:_identify(src/livox_ros2_driver/images) by extension 'ignore'
[0.831s] Level 1:colcon.colcon_core.package_identification:_identify(src/livox_ros2_driver/images) by extension 'ignore_ament_install'
[0.831s] Level 1:colcon.colcon_core.package_identification:_identify(src/livox_ros2_driver/images) by extensions ['colcon_pkg']
[0.832s] Level 1:colcon.colcon_core.package_identification:_identify(src/livox_ros2_driver/images) by extension 'colcon_pkg'
[0.832s] Level 1:colcon.colcon_core.package_identification:_identify(src/livox_ros2_driver/images) by extensions ['colcon_meta']
[0.832s] Level 1:colcon.colcon_core.package_identification:_identify(src/livox_ros2_driver/images) by extension 'colcon_meta'
[0.832s] Level 1:colcon.colcon_core.package_identification:_identify(src/livox_ros2_driver/images) by extensions ['ros']
[0.832s] Level 1:colcon.colcon_core.package_identification:_identify(src/livox_ros2_driver/images) by extension 'ros'
[0.832s] Level 1:colcon.colcon_core.package_identification:_identify(src/livox_ros2_driver/images) by extensions ['cmake', 'python']
[0.832s] Level 1:colcon.colcon_core.package_identification:_identify(src/livox_ros2_driver/images) by extension 'cmake'
[0.832s] Level 1:colcon.colcon_core.package_identification:_identify(src/livox_ros2_driver/images) by extension 'python'
[0.832s] Level 1:colcon.colcon_core.package_identification:_identify(src/livox_ros2_driver/images) by extensions ['python_setup_py']
[0.832s] Level 1:colcon.colcon_core.package_identification:_identify(src/livox_ros2_driver/images) by extension 'python_setup_py'
[0.832s] Level 1:colcon.colcon_core.package_identification:_identify(src/livox_ros2_driver/livox_interfaces) by extensions ['ignore', 'ignore_ament_install']
[0.832s] Level 1:colcon.colcon_core.package_identification:_identify(src/livox_ros2_driver/livox_interfaces) by extension 'ignore'
[0.832s] Level 1:colcon.colcon_core.package_identification:_identify(src/livox_ros2_driver/livox_interfaces) by extension 'ignore_ament_install'
[0.846s] Level 1:colcon.colcon_core.package_identification:_identify(src/livox_ros2_driver/livox_interfaces) by extensions ['colcon_pkg']
[0.847s] Level 1:colcon.colcon_core.package_identification:_identify(src/livox_ros2_driver/livox_interfaces) by extension 'colcon_pkg'
[0.847s] Level 1:colcon.colcon_core.package_identification:_identify(src/livox_ros2_driver/livox_interfaces) by extensions ['colcon_meta']
[0.847s] Level 1:colcon.colcon_core.package_identification:_identify(src/livox_ros2_driver/livox_interfaces) by extension 'colcon_meta'
[0.847s] Level 1:colcon.colcon_core.package_identification:_identify(src/livox_ros2_driver/livox_interfaces) by extensions ['ros']
[0.847s] Level 1:colcon.colcon_core.package_identification:_identify(src/livox_ros2_driver/livox_interfaces) by extension 'ros'
[0.865s] DEBUG:colcon.colcon_core.package_identification:Package 'src/livox_ros2_driver/livox_interfaces' with type 'ros.ament_cmake' and name 'livox_interfaces'
[0.868s] Level 1:colcon.colcon_core.package_identification:_identify(src/livox_ros2_driver/livox_ros2_driver) by extensions ['ignore', 'ignore_ament_install']
[0.868s] Level 1:colcon.colcon_core.package_identification:_identify(src/livox_ros2_driver/livox_ros2_driver) by extension 'ignore'
[0.876s] Level 1:colcon.colcon_core.package_identification:_identify(src/livox_ros2_driver/livox_ros2_driver) by extension 'ignore_ament_install'
[0.876s] Level 1:colcon.colcon_core.package_identification:_identify(src/livox_ros2_driver/livox_ros2_driver) by extensions ['colcon_pkg']
[0.876s] Level 1:colcon.colcon_core.package_identification:_identify(src/livox_ros2_driver/livox_ros2_driver) by extension 'colcon_pkg'
[0.876s] Level 1:colcon.colcon_core.package_identification:_identify(src/livox_ros2_driver/livox_ros2_driver) by extensions ['colcon_meta']
[0.876s] Level 1:colcon.colcon_core.package_identification:_identify(src/livox_ros2_driver/livox_ros2_driver) by extension 'colcon_meta'
[0.877s] Level 1:colcon.colcon_core.package_identification:_identify(src/livox_ros2_driver/livox_ros2_driver) by extensions ['ros']
[0.877s] Level 1:colcon.colcon_core.package_identification:_identify(src/livox_ros2_driver/livox_ros2_driver) by extension 'ros'
[0.894s] DEBUG:colcon.colcon_core.package_identification:Package 'src/livox_ros2_driver/livox_ros2_driver' with type 'ros.ament_cmake' and name 'livox_ros2_driver'
[0.898s] Level 1:colcon.colcon_core.package_discovery:discover_packages(recursive) using defaults
[0.899s] Level 1:colcon.colcon_core.package_discovery:discover_packages(ignore) discover
[0.899s] Level 1:colcon.colcon_core.package_discovery:discover_packages(ignore) using defaults
[0.899s] Level 1:colcon.colcon_core.package_discovery:discover_packages(path) discover
[0.899s] Level 1:colcon.colcon_core.package_discovery:discover_packages(path) using defaults
[1.047s] INFO:colcon.colcon_core.package_selection:Skipping not selected package 'livox_interfaces' in 'src/livox_ros2_driver/livox_interfaces'
[1.052s] INFO:colcon.colcon_core.package_selection:Skipping not selected package 'livox_sdk' in 'src/Livox-SDK'
[1.053s] Level 1:colcon.colcon_core.package_discovery:discover_packages(prefix_path) check parameters
[1.053s] Level 1:colcon.colcon_core.package_discovery:discover_packages(prefix_path) discover
[1.067s] DEBUG:colcon.colcon_installed_package_information.package_discovery:Found 3 installed packages in /home/ubpi5/ws_livox/install
[1.079s] DEBUG:colcon.colcon_installed_package_information.package_discovery:Found 301 installed packages in /opt/ros/jazzy
[1.080s] Level 1:colcon.colcon_core.package_discovery:discover_packages(prefix_path) using defaults
[1.451s] Level 5:colcon.colcon_core.verb:set package 'livox_ros2_driver' build argument 'cmake_args' from command line to '['-DCMAKE_BUILD_TYPE=Release']'
[1.454s] Level 5:colcon.colcon_core.verb:set package 'livox_ros2_driver' build argument 'cmake_target' from command line to 'None'
[1.455s] Level 5:colcon.colcon_core.verb:set package 'livox_ros2_driver' build argument 'cmake_target_skip_unavailable' from command line to 'False'
[1.460s] Level 5:colcon.colcon_core.verb:set package 'livox_ros2_driver' build argument 'cmake_clean_cache' from command line to 'False'
[1.460s] Level 5:colcon.colcon_core.verb:set package 'livox_ros2_driver' build argument 'cmake_clean_first' from command line to 'False'
[1.460s] Level 5:colcon.colcon_core.verb:set package 'livox_ros2_driver' build argument 'cmake_force_configure' from command line to 'False'
[1.460s] Level 5:colcon.colcon_core.verb:set package 'livox_ros2_driver' build argument 'ament_cmake_args' from command line to 'None'
[1.460s] Level 5:colcon.colcon_core.verb:set package 'livox_ros2_driver' build argument 'catkin_cmake_args' from command line to 'None'
[1.460s] Level 5:colcon.colcon_core.verb:set package 'livox_ros2_driver' build argument 'catkin_skip_building_tests' from command line to 'False'
[1.461s] DEBUG:colcon.colcon_core.verb:Building package 'livox_ros2_driver' with the following arguments: {'ament_cmake_args': None, 'build_base': '/home/ubpi5/ws_livox/build/livox_ros2_driver', 'catkin_cmake_args': None, 'catkin_skip_building_tests': False, 'cmake_args': ['-DCMAKE_BUILD_TYPE=Release'], 'cmake_clean_cache': False, 'cmake_clean_first': False, 'cmake_force_configure': False, 'cmake_target': None, 'cmake_target_skip_unavailable': False, 'install_base': '/home/ubpi5/ws_livox/install/livox_ros2_driver', 'merge_install': False, 'path': '/home/ubpi5/ws_livox/src/livox_ros2_driver/livox_ros2_driver', 'symlink_install': True, 'test_result_base': None}
[1.461s] INFO:colcon.colcon_core.executor:Executing jobs using 'parallel' executor
[1.468s] DEBUG:colcon.colcon_parallel_executor.executor.parallel:run_until_complete
[1.469s] INFO:colcon.colcon_ros.task.ament_cmake.build:Building ROS package in '/home/ubpi5/ws_livox/src/livox_ros2_driver/livox_ros2_driver' with build type 'ament_cmake'
[1.469s] INFO:colcon.colcon_cmake.task.cmake.build:Building CMake package in '/home/ubpi5/ws_livox/src/livox_ros2_driver/livox_ros2_driver'
[1.493s] INFO:colcon.colcon_core.plugin_system:Skipping extension 'colcon_core.shell.bat': Not used on non-Windows systems
[1.494s] INFO:colcon.colcon_core.shell:Skip shell extension 'powershell' for command environment: Not usable outside of PowerShell
[1.494s] DEBUG:colcon.colcon_core.shell:Skip shell extension 'dsv' for command environment
[1.565s] DEBUG:colcon.colcon_core.event_handler.log_command:Invoking command in '/home/ubpi5/ws_livox/build/livox_ros2_driver': CMAKE_PREFIX_PATH=/home/ubpi5/ws_livox/install/livox_interfaces:/home/ubpi5/ws_livox/install/livox_ros2_driver:/opt/ros/jazzy/opt/gz_math_vendor:/opt/ros/jazzy/opt/gz_utils_vendor:/opt/ros/jazzy/opt/gz_cmake_vendor:/opt/ros/jazzy DEBUGINFOD_URLS=https://debuginfod.ubuntu.com LD_LIBRARY_PATH=/home/ubpi5/ws_livox/install/livox_interfaces/lib:/home/ubpi5/ws_livox/install/livox_ros2_driver/lib:/opt/ros/jazzy/opt/rviz_ogre_vendor/lib:/opt/ros/jazzy/lib/aarch64-linux-gnu:/opt/ros/jazzy/opt/gz_math_vendor/lib:/opt/ros/jazzy/opt/gz_utils_vendor/lib:/opt/ros/jazzy/opt/gz_cmake_vendor/lib:/opt/ros/jazzy/lib:/tmp/.mount_CursordCedJg/usr/lib/:/tmp/.mount_CursordCedJg/usr/lib32/:/tmp/.mount_CursordCedJg/usr/lib64/:/tmp/.mount_CursordCedJg/lib/:/tmp/.mount_CursordCedJg/lib/i386-linux-gnu/:/tmp/.mount_CursordCedJg/lib/x86_64-linux-gnu/:/tmp/.mount_CursordCedJg/lib/aarch64-linux-gnu/:/tmp/.mount_CursordCedJg/lib32/:/tmp/.mount_CursordCedJg/lib64/ /usr/bin/cmake --build /home/ubpi5/ws_livox/build/livox_ros2_driver -- -j4 -l4
[61.519s] DEBUG:colcon.colcon_core.event_handler.log_command:Invoked command in '/home/ubpi5/ws_livox/build/livox_ros2_driver' returned '0': CMAKE_PREFIX_PATH=/home/ubpi5/ws_livox/install/livox_interfaces:/home/ubpi5/ws_livox/install/livox_ros2_driver:/opt/ros/jazzy/opt/gz_math_vendor:/opt/ros/jazzy/opt/gz_utils_vendor:/opt/ros/jazzy/opt/gz_cmake_vendor:/opt/ros/jazzy DEBUGINFOD_URLS=https://debuginfod.ubuntu.com LD_LIBRARY_PATH=/home/ubpi5/ws_livox/install/livox_interfaces/lib:/home/ubpi5/ws_livox/install/livox_ros2_driver/lib:/opt/ros/jazzy/opt/rviz_ogre_vendor/lib:/opt/ros/jazzy/lib/aarch64-linux-gnu:/opt/ros/jazzy/opt/gz_math_vendor/lib:/opt/ros/jazzy/opt/gz_utils_vendor/lib:/opt/ros/jazzy/opt/gz_cmake_vendor/lib:/opt/ros/jazzy/lib:/tmp/.mount_CursordCedJg/usr/lib/:/tmp/.mount_CursordCedJg/usr/lib32/:/tmp/.mount_CursordCedJg/usr/lib64/:/tmp/.mount_CursordCedJg/lib/:/tmp/.mount_CursordCedJg/lib/i386-linux-gnu/:/tmp/.mount_CursordCedJg/lib/x86_64-linux-gnu/:/tmp/.mount_CursordCedJg/lib/aarch64-linux-gnu/:/tmp/.mount_CursordCedJg/lib32/:/tmp/.mount_CursordCedJg/lib64/ /usr/bin/cmake --build /home/ubpi5/ws_livox/build/livox_ros2_driver -- -j4 -l4
[61.567s] DEBUG:colcon.colcon_core.event_handler.log_command:Invoking command in '/home/ubpi5/ws_livox/build/livox_ros2_driver': CMAKE_PREFIX_PATH=/home/ubpi5/ws_livox/install/livox_interfaces:/home/ubpi5/ws_livox/install/livox_ros2_driver:/opt/ros/jazzy/opt/gz_math_vendor:/opt/ros/jazzy/opt/gz_utils_vendor:/opt/ros/jazzy/opt/gz_cmake_vendor:/opt/ros/jazzy DEBUGINFOD_URLS=https://debuginfod.ubuntu.com LD_LIBRARY_PATH=/home/ubpi5/ws_livox/install/livox_interfaces/lib:/home/ubpi5/ws_livox/install/livox_ros2_driver/lib:/opt/ros/jazzy/opt/rviz_ogre_vendor/lib:/opt/ros/jazzy/lib/aarch64-linux-gnu:/opt/ros/jazzy/opt/gz_math_vendor/lib:/opt/ros/jazzy/opt/gz_utils_vendor/lib:/opt/ros/jazzy/opt/gz_cmake_vendor/lib:/opt/ros/jazzy/lib:/tmp/.mount_CursordCedJg/usr/lib/:/tmp/.mount_CursordCedJg/usr/lib32/:/tmp/.mount_CursordCedJg/usr/lib64/:/tmp/.mount_CursordCedJg/lib/:/tmp/.mount_CursordCedJg/lib/i386-linux-gnu/:/tmp/.mount_CursordCedJg/lib/x86_64-linux-gnu/:/tmp/.mount_CursordCedJg/lib/aarch64-linux-gnu/:/tmp/.mount_CursordCedJg/lib32/:/tmp/.mount_CursordCedJg/lib64/ /usr/bin/cmake --install /home/ubpi5/ws_livox/build/livox_ros2_driver
[61.717s] Level 1:colcon.colcon_core.environment:create_environment_scripts_only(livox_ros2_driver)
[61.727s] DEBUG:colcon.colcon_core.event_handler.log_command:Invoked command in '/home/ubpi5/ws_livox/build/livox_ros2_driver' returned '0': CMAKE_PREFIX_PATH=/home/ubpi5/ws_livox/install/livox_interfaces:/home/ubpi5/ws_livox/install/livox_ros2_driver:/opt/ros/jazzy/opt/gz_math_vendor:/opt/ros/jazzy/opt/gz_utils_vendor:/opt/ros/jazzy/opt/gz_cmake_vendor:/opt/ros/jazzy DEBUGINFOD_URLS=https://debuginfod.ubuntu.com LD_LIBRARY_PATH=/home/ubpi5/ws_livox/install/livox_interfaces/lib:/home/ubpi5/ws_livox/install/livox_ros2_driver/lib:/opt/ros/jazzy/opt/rviz_ogre_vendor/lib:/opt/ros/jazzy/lib/aarch64-linux-gnu:/opt/ros/jazzy/opt/gz_math_vendor/lib:/opt/ros/jazzy/opt/gz_utils_vendor/lib:/opt/ros/jazzy/opt/gz_cmake_vendor/lib:/opt/ros/jazzy/lib:/tmp/.mount_CursordCedJg/usr/lib/:/tmp/.mount_CursordCedJg/usr/lib32/:/tmp/.mount_CursordCedJg/usr/lib64/:/tmp/.mount_CursordCedJg/lib/:/tmp/.mount_CursordCedJg/lib/i386-linux-gnu/:/tmp/.mount_CursordCedJg/lib/x86_64-linux-gnu/:/tmp/.mount_CursordCedJg/lib/aarch64-linux-gnu/:/tmp/.mount_CursordCedJg/lib32/:/tmp/.mount_CursordCedJg/lib64/ /usr/bin/cmake --install /home/ubpi5/ws_livox/build/livox_ros2_driver
[61.728s] Level 1:colcon.colcon_core.environment:checking '/home/ubpi5/ws_livox/install/livox_ros2_driver' for CMake module files
[61.738s] Level 1:colcon.colcon_core.environment:checking '/home/ubpi5/ws_livox/install/livox_ros2_driver' for CMake config files
[61.741s] Level 1:colcon.colcon_core.shell:create_environment_hook('livox_ros2_driver', 'cmake_prefix_path')
[61.741s] INFO:colcon.colcon_core.shell:Creating environment hook '/home/ubpi5/ws_livox/install/livox_ros2_driver/share/livox_ros2_driver/hook/cmake_prefix_path.ps1'
[61.747s] INFO:colcon.colcon_core.shell:Creating environment descriptor '/home/ubpi5/ws_livox/install/livox_ros2_driver/share/livox_ros2_driver/hook/cmake_prefix_path.dsv'
[61.753s] INFO:colcon.colcon_core.shell:Creating environment hook '/home/ubpi5/ws_livox/install/livox_ros2_driver/share/livox_ros2_driver/hook/cmake_prefix_path.sh'
[61.759s] Level 1:colcon.colcon_core.environment:checking '/home/ubpi5/ws_livox/install/livox_ros2_driver/lib'
[61.763s] Level 1:colcon.colcon_core.shell:create_environment_hook('livox_ros2_driver', 'ld_library_path_lib')
[61.764s] INFO:colcon.colcon_core.shell:Creating environment hook '/home/ubpi5/ws_livox/install/livox_ros2_driver/share/livox_ros2_driver/hook/ld_library_path_lib.ps1'
[61.765s] INFO:colcon.colcon_core.shell:Creating environment descriptor '/home/ubpi5/ws_livox/install/livox_ros2_driver/share/livox_ros2_driver/hook/ld_library_path_lib.dsv'
[61.769s] INFO:colcon.colcon_core.shell:Creating environment hook '/home/ubpi5/ws_livox/install/livox_ros2_driver/share/livox_ros2_driver/hook/ld_library_path_lib.sh'
[61.773s] Level 1:colcon.colcon_core.environment:checking '/home/ubpi5/ws_livox/install/livox_ros2_driver/bin'
[61.773s] Level 1:colcon.colcon_core.environment:checking '/home/ubpi5/ws_livox/install/livox_ros2_driver/lib/pkgconfig/livox_ros2_driver.pc'
[61.774s] Level 1:colcon.colcon_core.environment:checking '/home/ubpi5/ws_livox/install/livox_ros2_driver/lib/python3.12/site-packages'
[61.777s] Level 1:colcon.colcon_core.environment:checking '/home/ubpi5/ws_livox/install/livox_ros2_driver/bin'
[61.778s] INFO:colcon.colcon_core.shell:Creating package script '/home/ubpi5/ws_livox/install/livox_ros2_driver/share/livox_ros2_driver/package.ps1'
[61.783s] INFO:colcon.colcon_core.shell:Creating package descriptor '/home/ubpi5/ws_livox/install/livox_ros2_driver/share/livox_ros2_driver/package.dsv'
[61.784s] INFO:colcon.colcon_core.shell:Creating package script '/home/ubpi5/ws_livox/install/livox_ros2_driver/share/livox_ros2_driver/package.sh'
[61.789s] INFO:colcon.colcon_core.shell:Creating package script '/home/ubpi5/ws_livox/install/livox_ros2_driver/share/livox_ros2_driver/package.bash'
[61.793s] INFO:colcon.colcon_core.shell:Creating package script '/home/ubpi5/ws_livox/install/livox_ros2_driver/share/livox_ros2_driver/package.zsh'
[61.795s] Level 1:colcon.colcon_core.environment:create_file_with_runtime_dependencies(/home/ubpi5/ws_livox/install/livox_ros2_driver/share/colcon-core/packages/livox_ros2_driver)
[61.799s] Level 1:colcon.colcon_core.environment:create_environment_scripts_only(livox_ros2_driver)
[61.800s] Level 1:colcon.colcon_core.environment:checking '/home/ubpi5/ws_livox/install/livox_ros2_driver' for CMake module files
[61.801s] Level 1:colcon.colcon_core.environment:checking '/home/ubpi5/ws_livox/install/livox_ros2_driver' for CMake config files
[61.802s] Level 1:colcon.colcon_core.shell:create_environment_hook('livox_ros2_driver', 'cmake_prefix_path')
[61.802s] INFO:colcon.colcon_core.shell:Creating environment hook '/home/ubpi5/ws_livox/install/livox_ros2_driver/share/livox_ros2_driver/hook/cmake_prefix_path.ps1'
[61.808s] INFO:colcon.colcon_core.shell:Creating environment descriptor '/home/ubpi5/ws_livox/install/livox_ros2_driver/share/livox_ros2_driver/hook/cmake_prefix_path.dsv'
[61.810s] INFO:colcon.colcon_core.shell:Creating environment hook '/home/ubpi5/ws_livox/install/livox_ros2_driver/share/livox_ros2_driver/hook/cmake_prefix_path.sh'
[61.814s] Level 1:colcon.colcon_core.environment:checking '/home/ubpi5/ws_livox/install/livox_ros2_driver/lib'
[61.821s] Level 1:colcon.colcon_core.shell:create_environment_hook('livox_ros2_driver', 'ld_library_path_lib')
[61.822s] INFO:colcon.colcon_core.shell:Creating environment hook '/home/ubpi5/ws_livox/install/livox_ros2_driver/share/livox_ros2_driver/hook/ld_library_path_lib.ps1'
[61.823s] INFO:colcon.colcon_core.shell:Creating environment descriptor '/home/ubpi5/ws_livox/install/livox_ros2_driver/share/livox_ros2_driver/hook/ld_library_path_lib.dsv'
[61.832s] INFO:colcon.colcon_core.shell:Creating environment hook '/home/ubpi5/ws_livox/install/livox_ros2_driver/share/livox_ros2_driver/hook/ld_library_path_lib.sh'
[61.833s] Level 1:colcon.colcon_core.environment:checking '/home/ubpi5/ws_livox/install/livox_ros2_driver/bin'
[61.833s] Level 1:colcon.colcon_core.environment:checking '/home/ubpi5/ws_livox/install/livox_ros2_driver/lib/pkgconfig/livox_ros2_driver.pc'
[61.834s] Level 1:colcon.colcon_core.environment:checking '/home/ubpi5/ws_livox/install/livox_ros2_driver/lib/python3.12/site-packages'
[61.834s] Level 1:colcon.colcon_core.environment:checking '/home/ubpi5/ws_livox/install/livox_ros2_driver/bin'
[61.834s] INFO:colcon.colcon_core.shell:Creating package script '/home/ubpi5/ws_livox/install/livox_ros2_driver/share/livox_ros2_driver/package.ps1'
[61.841s] INFO:colcon.colcon_core.shell:Creating package descriptor '/home/ubpi5/ws_livox/install/livox_ros2_driver/share/livox_ros2_driver/package.dsv'
[61.847s] INFO:colcon.colcon_core.shell:Creating package script '/home/ubpi5/ws_livox/install/livox_ros2_driver/share/livox_ros2_driver/package.sh'
[61.853s] INFO:colcon.colcon_core.shell:Creating package script '/home/ubpi5/ws_livox/install/livox_ros2_driver/share/livox_ros2_driver/package.bash'
[61.855s] INFO:colcon.colcon_core.shell:Creating package script '/home/ubpi5/ws_livox/install/livox_ros2_driver/share/livox_ros2_driver/package.zsh'
[61.861s] Level 1:colcon.colcon_core.environment:create_file_with_runtime_dependencies(/home/ubpi5/ws_livox/install/livox_ros2_driver/share/colcon-core/packages/livox_ros2_driver)
[61.863s] DEBUG:colcon.colcon_parallel_executor.executor.parallel:closing loop
[61.863s] DEBUG:colcon.colcon_parallel_executor.executor.parallel:loop closed
[61.863s] DEBUG:colcon.colcon_parallel_executor.executor.parallel:run_until_complete finished with '0'
[61.863s] DEBUG:colcon.colcon_core.event_reactor:joining thread
[61.895s] INFO:colcon.colcon_core.plugin_system:Skipping extension 'colcon_notification.desktop_notification.terminal_notifier': Not used on non-Darwin systems
[61.896s] INFO:colcon.colcon_core.plugin_system:Skipping extension 'colcon_notification.desktop_notification.win32': Not used on non-Windows systems
[61.896s] INFO:colcon.colcon_notification.desktop_notification:Sending desktop notification using 'notify2'
[62.042s] DEBUG:colcon.colcon_core.event_reactor:joined thread
[62.043s] INFO:colcon.colcon_core.shell:Creating prefix script '/home/ubpi5/ws_livox/install/local_setup.ps1'
[62.044s] INFO:colcon.colcon_core.shell:Creating prefix util module '/home/ubpi5/ws_livox/install/_local_setup_util_ps1.py'
[62.060s] INFO:colcon.colcon_core.shell:Creating prefix chain script '/home/ubpi5/ws_livox/install/setup.ps1'
[62.068s] INFO:colcon.colcon_core.shell:Creating prefix script '/home/ubpi5/ws_livox/install/local_setup.sh'
[62.076s] INFO:colcon.colcon_core.shell:Creating prefix util module '/home/ubpi5/ws_livox/install/_local_setup_util_sh.py'
[62.082s] INFO:colcon.colcon_core.shell:Creating prefix chain script '/home/ubpi5/ws_livox/install/setup.sh'
[62.084s] INFO:colcon.colcon_core.shell:Creating prefix script '/home/ubpi5/ws_livox/install/local_setup.bash'
[62.087s] INFO:colcon.colcon_core.shell:Creating prefix chain script '/home/ubpi5/ws_livox/install/setup.bash'
[62.089s] INFO:colcon.colcon_core.shell:Creating prefix script '/home/ubpi5/ws_livox/install/local_setup.zsh'
[62.103s] INFO:colcon.colcon_core.shell:Creating prefix chain script '/home/ubpi5/ws_livox/install/setup.zsh'
