[0.419s] DEBUG:colcon:Command line arguments: ['/usr/bin/colcon', 'build', '--symlink-install']
[0.419s] DEBUG:colcon:Parsed command line arguments: Namespace(log_base=None, log_level=None, verb_name='build', build_base='build', install_base='install', merge_install=False, symlink_install=True, test_result_base=None, continue_on_error=False, executor='parallel', parallel_workers=4, event_handlers=None, ignore_user_meta=False, metas=['./colcon.meta'], base_paths=['.'], packages_ignore=None, packages_ignore_regex=None, paths=None, packages_up_to=None, packages_up_to_regex=None, packages_above=None, packages_above_and_dependencies=None, packages_above_depth=None, packages_select_by_dep=None, packages_skip_by_dep=None, packages_skip_up_to=None, packages_select_build_failed=False, packages_skip_build_finished=False, packages_select_test_failures=False, packages_skip_test_passed=False, packages_select=None, packages_skip=None, packages_select_regex=None, packages_skip_regex=None, packages_start=None, packages_end=None, allow_overriding=[], cmake_args=None, cmake_target=None, cmake_target_skip_unavailable=False, cmake_clean_cache=False, cmake_clean_first=False, cmake_force_configure=False, ament_cmake_args=None, catkin_cmake_args=None, catkin_skip_building_tests=False, verb_parser=<colcon_defaults.argument_parser.defaults.DefaultArgumentsDecorator object at 0xffff8cf7e270>, verb_extension=<colcon_core.verb.build.BuildVerb object at 0xffff8d136f00>, main=<bound method BuildVerb.main of <colcon_core.verb.build.BuildVerb object at 0xffff8d136f00>>)
[0.582s] Level 1:colcon.colcon_core.package_discovery:discover_packages(colcon_meta) check parameters
[0.582s] Level 1:colcon.colcon_core.package_discovery:discover_packages(recursive) check parameters
[0.582s] Level 1:colcon.colcon_core.package_discovery:discover_packages(ignore) check parameters
[0.582s] Level 1:colcon.colcon_core.package_discovery:discover_packages(path) check parameters
[0.582s] Level 1:colcon.colcon_core.package_discovery:discover_packages(colcon_meta) discover
[0.583s] Level 1:colcon.colcon_core.package_discovery:discover_packages(recursive) discover
[0.583s] INFO:colcon.colcon_core.package_discovery:Crawling recursively for packages in '/home/ubpi5/ws_livox'
[0.583s] Level 1:colcon.colcon_core.package_identification:_identify(.) by extensions ['ignore', 'ignore_ament_install']
[0.583s] Level 1:colcon.colcon_core.package_identification:_identify(.) by extension 'ignore'
[0.583s] Level 1:colcon.colcon_core.package_identification:_identify(.) by extension 'ignore_ament_install'
[0.584s] Level 1:colcon.colcon_core.package_identification:_identify(.) by extensions ['colcon_pkg']
[0.584s] Level 1:colcon.colcon_core.package_identification:_identify(.) by extension 'colcon_pkg'
[0.584s] Level 1:colcon.colcon_core.package_identification:_identify(.) by extensions ['colcon_meta']
[0.584s] Level 1:colcon.colcon_core.package_identification:_identify(.) by extension 'colcon_meta'
[0.584s] Level 1:colcon.colcon_core.package_identification:_identify(.) by extensions ['ros']
[0.584s] Level 1:colcon.colcon_core.package_identification:_identify(.) by extension 'ros'
[0.654s] Level 1:colcon.colcon_core.package_identification:_identify(.) by extensions ['cmake', 'python']
[0.655s] Level 1:colcon.colcon_core.package_identification:_identify(.) by extension 'cmake'
[0.655s] Level 1:colcon.colcon_core.package_identification:_identify(.) by extension 'python'
[0.655s] Level 1:colcon.colcon_core.package_identification:_identify(.) by extensions ['python_setup_py']
[0.655s] Level 1:colcon.colcon_core.package_identification:_identify(.) by extension 'python_setup_py'
[0.655s] Level 1:colcon.colcon_core.package_identification:_identify(build) by extensions ['ignore', 'ignore_ament_install']
[0.655s] Level 1:colcon.colcon_core.package_identification:_identify(build) by extension 'ignore'
[0.655s] Level 1:colcon.colcon_core.package_identification:_identify(build) ignored
[0.655s] Level 1:colcon.colcon_core.package_identification:_identify(install) by extensions ['ignore', 'ignore_ament_install']
[0.656s] Level 1:colcon.colcon_core.package_identification:_identify(install) by extension 'ignore'
[0.656s] Level 1:colcon.colcon_core.package_identification:_identify(install) ignored
[0.656s] Level 1:colcon.colcon_core.package_identification:_identify(log) by extensions ['ignore', 'ignore_ament_install']
[0.656s] Level 1:colcon.colcon_core.package_identification:_identify(log) by extension 'ignore'
[0.656s] Level 1:colcon.colcon_core.package_identification:_identify(log) ignored
[0.656s] Level 1:colcon.colcon_core.package_identification:_identify(src) by extensions ['ignore', 'ignore_ament_install']
[0.656s] Level 1:colcon.colcon_core.package_identification:_identify(src) by extension 'ignore'
[0.656s] Level 1:colcon.colcon_core.package_identification:_identify(src) by extension 'ignore_ament_install'
[0.656s] Level 1:colcon.colcon_core.package_identification:_identify(src) by extensions ['colcon_pkg']
[0.656s] Level 1:colcon.colcon_core.package_identification:_identify(src) by extension 'colcon_pkg'
[0.656s] Level 1:colcon.colcon_core.package_identification:_identify(src) by extensions ['colcon_meta']
[0.656s] Level 1:colcon.colcon_core.package_identification:_identify(src) by extension 'colcon_meta'
[0.656s] Level 1:colcon.colcon_core.package_identification:_identify(src) by extensions ['ros']
[0.656s] Level 1:colcon.colcon_core.package_identification:_identify(src) by extension 'ros'
[0.657s] Level 1:colcon.colcon_core.package_identification:_identify(src) by extensions ['cmake', 'python']
[0.657s] Level 1:colcon.colcon_core.package_identification:_identify(src) by extension 'cmake'
[0.657s] Level 1:colcon.colcon_core.package_identification:_identify(src) by extension 'python'
[0.657s] Level 1:colcon.colcon_core.package_identification:_identify(src) by extensions ['python_setup_py']
[0.657s] Level 1:colcon.colcon_core.package_identification:_identify(src) by extension 'python_setup_py'
[0.657s] Level 1:colcon.colcon_core.package_identification:_identify(src/Livox-SDK) by extensions ['ignore', 'ignore_ament_install']
[0.657s] Level 1:colcon.colcon_core.package_identification:_identify(src/Livox-SDK) by extension 'ignore'
[0.657s] Level 1:colcon.colcon_core.package_identification:_identify(src/Livox-SDK) by extension 'ignore_ament_install'
[0.657s] Level 1:colcon.colcon_core.package_identification:_identify(src/Livox-SDK) by extensions ['colcon_pkg']
[0.657s] Level 1:colcon.colcon_core.package_identification:_identify(src/Livox-SDK) by extension 'colcon_pkg'
[0.657s] Level 1:colcon.colcon_core.package_identification:_identify(src/Livox-SDK) by extensions ['colcon_meta']
[0.657s] Level 1:colcon.colcon_core.package_identification:_identify(src/Livox-SDK) by extension 'colcon_meta'
[0.657s] Level 1:colcon.colcon_core.package_identification:_identify(src/Livox-SDK) by extensions ['ros']
[0.657s] Level 1:colcon.colcon_core.package_identification:_identify(src/Livox-SDK) by extension 'ros'
[0.657s] Level 1:colcon.colcon_core.package_identification:_identify(src/Livox-SDK) by extensions ['cmake', 'python']
[0.657s] Level 1:colcon.colcon_core.package_identification:_identify(src/Livox-SDK) by extension 'cmake'
[0.701s] Level 1:colcon.colcon_core.package_identification:_identify(src/Livox-SDK) by extension 'python'
[0.701s] DEBUG:colcon.colcon_core.package_identification:Package 'src/Livox-SDK' with type 'cmake' and name 'livox_sdk'
[0.702s] Level 1:colcon.colcon_core.package_identification:_identify(src/livox_ros2_driver) by extensions ['ignore', 'ignore_ament_install']
[0.702s] Level 1:colcon.colcon_core.package_identification:_identify(src/livox_ros2_driver) by extension 'ignore'
[0.702s] Level 1:colcon.colcon_core.package_identification:_identify(src/livox_ros2_driver) by extension 'ignore_ament_install'
[0.702s] Level 1:colcon.colcon_core.package_identification:_identify(src/livox_ros2_driver) by extensions ['colcon_pkg']
[0.702s] Level 1:colcon.colcon_core.package_identification:_identify(src/livox_ros2_driver) by extension 'colcon_pkg'
[0.702s] Level 1:colcon.colcon_core.package_identification:_identify(src/livox_ros2_driver) by extensions ['colcon_meta']
[0.702s] Level 1:colcon.colcon_core.package_identification:_identify(src/livox_ros2_driver) by extension 'colcon_meta'
[0.702s] Level 1:colcon.colcon_core.package_identification:_identify(src/livox_ros2_driver) by extensions ['ros']
[0.702s] Level 1:colcon.colcon_core.package_identification:_identify(src/livox_ros2_driver) by extension 'ros'
[0.702s] Level 1:colcon.colcon_core.package_identification:_identify(src/livox_ros2_driver) by extensions ['cmake', 'python']
[0.702s] Level 1:colcon.colcon_core.package_identification:_identify(src/livox_ros2_driver) by extension 'cmake'
[0.702s] Level 1:colcon.colcon_core.package_identification:_identify(src/livox_ros2_driver) by extension 'python'
[0.702s] Level 1:colcon.colcon_core.package_identification:_identify(src/livox_ros2_driver) by extensions ['python_setup_py']
[0.702s] Level 1:colcon.colcon_core.package_identification:_identify(src/livox_ros2_driver) by extension 'python_setup_py'
[0.703s] Level 1:colcon.colcon_core.package_identification:_identify(src/livox_ros2_driver/images) by extensions ['ignore', 'ignore_ament_install']
[0.703s] Level 1:colcon.colcon_core.package_identification:_identify(src/livox_ros2_driver/images) by extension 'ignore'
[0.703s] Level 1:colcon.colcon_core.package_identification:_identify(src/livox_ros2_driver/images) by extension 'ignore_ament_install'
[0.703s] Level 1:colcon.colcon_core.package_identification:_identify(src/livox_ros2_driver/images) by extensions ['colcon_pkg']
[0.703s] Level 1:colcon.colcon_core.package_identification:_identify(src/livox_ros2_driver/images) by extension 'colcon_pkg'
[0.703s] Level 1:colcon.colcon_core.package_identification:_identify(src/livox_ros2_driver/images) by extensions ['colcon_meta']
[0.703s] Level 1:colcon.colcon_core.package_identification:_identify(src/livox_ros2_driver/images) by extension 'colcon_meta'
[0.703s] Level 1:colcon.colcon_core.package_identification:_identify(src/livox_ros2_driver/images) by extensions ['ros']
[0.703s] Level 1:colcon.colcon_core.package_identification:_identify(src/livox_ros2_driver/images) by extension 'ros'
[0.703s] Level 1:colcon.colcon_core.package_identification:_identify(src/livox_ros2_driver/images) by extensions ['cmake', 'python']
[0.703s] Level 1:colcon.colcon_core.package_identification:_identify(src/livox_ros2_driver/images) by extension 'cmake'
[0.703s] Level 1:colcon.colcon_core.package_identification:_identify(src/livox_ros2_driver/images) by extension 'python'
[0.703s] Level 1:colcon.colcon_core.package_identification:_identify(src/livox_ros2_driver/images) by extensions ['python_setup_py']
[0.703s] Level 1:colcon.colcon_core.package_identification:_identify(src/livox_ros2_driver/images) by extension 'python_setup_py'
[0.704s] Level 1:colcon.colcon_core.package_identification:_identify(src/livox_ros2_driver/livox_interfaces) by extensions ['ignore', 'ignore_ament_install']
[0.704s] Level 1:colcon.colcon_core.package_identification:_identify(src/livox_ros2_driver/livox_interfaces) by extension 'ignore'
[0.704s] Level 1:colcon.colcon_core.package_identification:_identify(src/livox_ros2_driver/livox_interfaces) by extension 'ignore_ament_install'
[0.704s] Level 1:colcon.colcon_core.package_identification:_identify(src/livox_ros2_driver/livox_interfaces) by extensions ['colcon_pkg']
[0.704s] Level 1:colcon.colcon_core.package_identification:_identify(src/livox_ros2_driver/livox_interfaces) by extension 'colcon_pkg'
[0.704s] Level 1:colcon.colcon_core.package_identification:_identify(src/livox_ros2_driver/livox_interfaces) by extensions ['colcon_meta']
[0.704s] Level 1:colcon.colcon_core.package_identification:_identify(src/livox_ros2_driver/livox_interfaces) by extension 'colcon_meta'
[0.704s] Level 1:colcon.colcon_core.package_identification:_identify(src/livox_ros2_driver/livox_interfaces) by extensions ['ros']
[0.704s] Level 1:colcon.colcon_core.package_identification:_identify(src/livox_ros2_driver/livox_interfaces) by extension 'ros'
[0.714s] DEBUG:colcon.colcon_core.package_identification:Package 'src/livox_ros2_driver/livox_interfaces' with type 'ros.ament_cmake' and name 'livox_interfaces'
[0.715s] Level 1:colcon.colcon_core.package_identification:_identify(src/livox_ros2_driver/livox_ros2_driver) by extensions ['ignore', 'ignore_ament_install']
[0.715s] Level 1:colcon.colcon_core.package_identification:_identify(src/livox_ros2_driver/livox_ros2_driver) by extension 'ignore'
[0.715s] Level 1:colcon.colcon_core.package_identification:_identify(src/livox_ros2_driver/livox_ros2_driver) by extension 'ignore_ament_install'
[0.715s] Level 1:colcon.colcon_core.package_identification:_identify(src/livox_ros2_driver/livox_ros2_driver) by extensions ['colcon_pkg']
[0.715s] Level 1:colcon.colcon_core.package_identification:_identify(src/livox_ros2_driver/livox_ros2_driver) by extension 'colcon_pkg'
[0.715s] Level 1:colcon.colcon_core.package_identification:_identify(src/livox_ros2_driver/livox_ros2_driver) by extensions ['colcon_meta']
[0.715s] Level 1:colcon.colcon_core.package_identification:_identify(src/livox_ros2_driver/livox_ros2_driver) by extension 'colcon_meta'
[0.715s] Level 1:colcon.colcon_core.package_identification:_identify(src/livox_ros2_driver/livox_ros2_driver) by extensions ['ros']
[0.715s] Level 1:colcon.colcon_core.package_identification:_identify(src/livox_ros2_driver/livox_ros2_driver) by extension 'ros'
[0.717s] DEBUG:colcon.colcon_core.package_identification:Package 'src/livox_ros2_driver/livox_ros2_driver' with type 'ros.ament_cmake' and name 'livox_ros2_driver'
[0.717s] Level 1:colcon.colcon_core.package_discovery:discover_packages(recursive) using defaults
[0.718s] Level 1:colcon.colcon_core.package_discovery:discover_packages(ignore) discover
[0.718s] Level 1:colcon.colcon_core.package_discovery:discover_packages(ignore) using defaults
[0.718s] Level 1:colcon.colcon_core.package_discovery:discover_packages(path) discover
[0.718s] Level 1:colcon.colcon_core.package_discovery:discover_packages(path) using defaults
[0.772s] Level 1:colcon.colcon_core.package_discovery:discover_packages(prefix_path) check parameters
[0.772s] Level 1:colcon.colcon_core.package_discovery:discover_packages(prefix_path) discover
[0.779s] DEBUG:colcon.colcon_installed_package_information.package_discovery:Found 3 installed packages in /home/ubpi5/ws_livox/install
[0.782s] DEBUG:colcon.colcon_installed_package_information.package_discovery:Found 301 installed packages in /opt/ros/jazzy
[0.783s] Level 1:colcon.colcon_core.package_discovery:discover_packages(prefix_path) using defaults
[0.876s] Level 5:colcon.colcon_core.verb:set package 'livox_interfaces' build argument 'cmake_args' from command line to 'None'
[0.876s] Level 5:colcon.colcon_core.verb:set package 'livox_interfaces' build argument 'cmake_target' from command line to 'None'
[0.876s] Level 5:colcon.colcon_core.verb:set package 'livox_interfaces' build argument 'cmake_target_skip_unavailable' from command line to 'False'
[0.876s] Level 5:colcon.colcon_core.verb:set package 'livox_interfaces' build argument 'cmake_clean_cache' from command line to 'False'
[0.876s] Level 5:colcon.colcon_core.verb:set package 'livox_interfaces' build argument 'cmake_clean_first' from command line to 'False'
[0.876s] Level 5:colcon.colcon_core.verb:set package 'livox_interfaces' build argument 'cmake_force_configure' from command line to 'False'
[0.876s] Level 5:colcon.colcon_core.verb:set package 'livox_interfaces' build argument 'ament_cmake_args' from command line to 'None'
[0.876s] Level 5:colcon.colcon_core.verb:set package 'livox_interfaces' build argument 'catkin_cmake_args' from command line to 'None'
[0.876s] Level 5:colcon.colcon_core.verb:set package 'livox_interfaces' build argument 'catkin_skip_building_tests' from command line to 'False'
[0.876s] DEBUG:colcon.colcon_core.verb:Building package 'livox_interfaces' with the following arguments: {'ament_cmake_args': None, 'build_base': '/home/ubpi5/ws_livox/build/livox_interfaces', 'catkin_cmake_args': None, 'catkin_skip_building_tests': False, 'cmake_args': None, 'cmake_clean_cache': False, 'cmake_clean_first': False, 'cmake_force_configure': False, 'cmake_target': None, 'cmake_target_skip_unavailable': False, 'install_base': '/home/ubpi5/ws_livox/install/livox_interfaces', 'merge_install': False, 'path': '/home/ubpi5/ws_livox/src/livox_ros2_driver/livox_interfaces', 'symlink_install': True, 'test_result_base': None}
[0.877s] Level 5:colcon.colcon_core.verb:set package 'livox_sdk' build argument 'cmake_args' from command line to 'None'
[0.877s] Level 5:colcon.colcon_core.verb:set package 'livox_sdk' build argument 'cmake_target' from command line to 'None'
[0.877s] Level 5:colcon.colcon_core.verb:set package 'livox_sdk' build argument 'cmake_target_skip_unavailable' from command line to 'False'
[0.877s] Level 5:colcon.colcon_core.verb:set package 'livox_sdk' build argument 'cmake_clean_cache' from command line to 'False'
[0.877s] Level 5:colcon.colcon_core.verb:set package 'livox_sdk' build argument 'cmake_clean_first' from command line to 'False'
[0.877s] Level 5:colcon.colcon_core.verb:set package 'livox_sdk' build argument 'cmake_force_configure' from command line to 'False'
[0.877s] Level 5:colcon.colcon_core.verb:set package 'livox_sdk' build argument 'ament_cmake_args' from command line to 'None'
[0.877s] Level 5:colcon.colcon_core.verb:set package 'livox_sdk' build argument 'catkin_cmake_args' from command line to 'None'
[0.877s] Level 5:colcon.colcon_core.verb:set package 'livox_sdk' build argument 'catkin_skip_building_tests' from command line to 'False'
[0.877s] DEBUG:colcon.colcon_core.verb:Building package 'livox_sdk' with the following arguments: {'ament_cmake_args': None, 'build_base': '/home/ubpi5/ws_livox/build/livox_sdk', 'catkin_cmake_args': None, 'catkin_skip_building_tests': False, 'cmake_args': None, 'cmake_clean_cache': False, 'cmake_clean_first': False, 'cmake_force_configure': False, 'cmake_target': None, 'cmake_target_skip_unavailable': False, 'install_base': '/home/ubpi5/ws_livox/install/livox_sdk', 'merge_install': False, 'path': '/home/ubpi5/ws_livox/src/Livox-SDK', 'symlink_install': True, 'test_result_base': None}
[0.878s] Level 5:colcon.colcon_core.verb:set package 'livox_ros2_driver' build argument 'cmake_args' from command line to 'None'
[0.878s] Level 5:colcon.colcon_core.verb:set package 'livox_ros2_driver' build argument 'cmake_target' from command line to 'None'
[0.878s] Level 5:colcon.colcon_core.verb:set package 'livox_ros2_driver' build argument 'cmake_target_skip_unavailable' from command line to 'False'
[0.878s] Level 5:colcon.colcon_core.verb:set package 'livox_ros2_driver' build argument 'cmake_clean_cache' from command line to 'False'
[0.878s] Level 5:colcon.colcon_core.verb:set package 'livox_ros2_driver' build argument 'cmake_clean_first' from command line to 'False'
[0.878s] Level 5:colcon.colcon_core.verb:set package 'livox_ros2_driver' build argument 'cmake_force_configure' from command line to 'False'
[0.878s] Level 5:colcon.colcon_core.verb:set package 'livox_ros2_driver' build argument 'ament_cmake_args' from command line to 'None'
[0.878s] Level 5:colcon.colcon_core.verb:set package 'livox_ros2_driver' build argument 'catkin_cmake_args' from command line to 'None'
[0.878s] Level 5:colcon.colcon_core.verb:set package 'livox_ros2_driver' build argument 'catkin_skip_building_tests' from command line to 'False'
[0.879s] DEBUG:colcon.colcon_core.verb:Building package 'livox_ros2_driver' with the following arguments: {'ament_cmake_args': None, 'build_base': '/home/ubpi5/ws_livox/build/livox_ros2_driver', 'catkin_cmake_args': None, 'catkin_skip_building_tests': False, 'cmake_args': None, 'cmake_clean_cache': False, 'cmake_clean_first': False, 'cmake_force_configure': False, 'cmake_target': None, 'cmake_target_skip_unavailable': False, 'install_base': '/home/ubpi5/ws_livox/install/livox_ros2_driver', 'merge_install': False, 'path': '/home/ubpi5/ws_livox/src/livox_ros2_driver/livox_ros2_driver', 'symlink_install': True, 'test_result_base': None}
[0.879s] INFO:colcon.colcon_core.executor:Executing jobs using 'parallel' executor
[0.881s] DEBUG:colcon.colcon_parallel_executor.executor.parallel:run_until_complete
[0.881s] INFO:colcon.colcon_ros.task.ament_cmake.build:Building ROS package in '/home/ubpi5/ws_livox/src/livox_ros2_driver/livox_interfaces' with build type 'ament_cmake'
[0.882s] INFO:colcon.colcon_cmake.task.cmake.build:Building CMake package in '/home/ubpi5/ws_livox/src/livox_ros2_driver/livox_interfaces'
[0.911s] INFO:colcon.colcon_core.plugin_system:Skipping extension 'colcon_core.shell.bat': Not used on non-Windows systems
[0.911s] INFO:colcon.colcon_core.shell:Skip shell extension 'powershell' for command environment: Not usable outside of PowerShell
[0.912s] DEBUG:colcon.colcon_core.shell:Skip shell extension 'dsv' for command environment
[0.919s] INFO:colcon.colcon_cmake.task.cmake.build:Building CMake package in '/home/ubpi5/ws_livox/src/Livox-SDK'
[0.920s] INFO:colcon.colcon_core.shell:Skip shell extension 'powershell' for command environment: Not usable outside of PowerShell
[0.920s] DEBUG:colcon.colcon_core.shell:Skip shell extension 'dsv' for command environment
[0.939s] DEBUG:colcon.colcon_core.event_handler.log_command:Invoking command in '/home/ubpi5/ws_livox/build/livox_interfaces': CMAKE_PREFIX_PATH=${CMAKE_PREFIX_PATH}:/opt/ros/jazzy DEBUGINFOD_URLS=https://debuginfod.ubuntu.com /usr/bin/cmake /home/ubpi5/ws_livox/src/livox_ros2_driver/livox_interfaces -DAMENT_CMAKE_SYMLINK_INSTALL=1 -DCMAKE_INSTALL_PREFIX=/home/ubpi5/ws_livox/install/livox_interfaces
[0.958s] DEBUG:colcon.colcon_core.event_handler.log_command:Invoking command in '/home/ubpi5/ws_livox/build/livox_sdk': DEBUGINFOD_URLS=https://debuginfod.ubuntu.com /usr/bin/cmake /home/ubpi5/ws_livox/src/Livox-SDK -DCMAKE_INSTALL_PREFIX=/home/ubpi5/ws_livox/install/livox_sdk
[1.238s] DEBUG:colcon.colcon_core.event_handler.log_command:Invoked command in '/home/ubpi5/ws_livox/build/livox_sdk' returned '0': DEBUGINFOD_URLS=https://debuginfod.ubuntu.com /usr/bin/cmake /home/ubpi5/ws_livox/src/Livox-SDK -DCMAKE_INSTALL_PREFIX=/home/ubpi5/ws_livox/install/livox_sdk
[1.241s] DEBUG:colcon.colcon_core.event_handler.log_command:Invoking command in '/home/ubpi5/ws_livox/build/livox_sdk': DEBUGINFOD_URLS=https://debuginfod.ubuntu.com /usr/bin/cmake --build /home/ubpi5/ws_livox/build/livox_sdk -- -j4 -l4
[2.056s] DEBUG:colcon.colcon_core.event_handler.log_command:Invoked command in '/home/ubpi5/ws_livox/build/livox_sdk' returned '0': DEBUGINFOD_URLS=https://debuginfod.ubuntu.com /usr/bin/cmake --build /home/ubpi5/ws_livox/build/livox_sdk -- -j4 -l4
[2.090s] DEBUG:colcon.colcon_core.event_handler.log_command:Invoking command in '/home/ubpi5/ws_livox/build/livox_sdk': DEBUGINFOD_URLS=https://debuginfod.ubuntu.com /usr/bin/cmake --install /home/ubpi5/ws_livox/build/livox_sdk
[2.121s] Level 1:colcon.colcon_core.environment:create_environment_scripts_only(livox_sdk)
[2.122s] DEBUG:colcon.colcon_core.event_handler.log_command:Invoked command in '/home/ubpi5/ws_livox/build/livox_sdk' returned '0': DEBUGINFOD_URLS=https://debuginfod.ubuntu.com /usr/bin/cmake --install /home/ubpi5/ws_livox/build/livox_sdk
[2.134s] Level 1:colcon.colcon_core.environment:checking '/home/ubpi5/ws_livox/install/livox_sdk' for CMake module files
[2.135s] Level 1:colcon.colcon_core.environment:checking '/home/ubpi5/ws_livox/install/livox_sdk' for CMake config files
[2.136s] Level 1:colcon.colcon_core.environment:checking '/home/ubpi5/ws_livox/install/livox_sdk/lib'
[2.136s] Level 1:colcon.colcon_core.environment:checking '/home/ubpi5/ws_livox/install/livox_sdk/bin'
[2.136s] Level 1:colcon.colcon_core.environment:checking '/home/ubpi5/ws_livox/install/livox_sdk/lib/pkgconfig/livox_sdk.pc'
[2.136s] Level 1:colcon.colcon_core.environment:checking '/home/ubpi5/ws_livox/install/livox_sdk/lib/python3.12/site-packages'
[2.137s] Level 1:colcon.colcon_core.environment:checking '/home/ubpi5/ws_livox/install/livox_sdk/bin'
[2.137s] INFO:colcon.colcon_core.shell:Creating package script '/home/ubpi5/ws_livox/install/livox_sdk/share/livox_sdk/package.ps1'
[2.140s] INFO:colcon.colcon_core.shell:Creating package descriptor '/home/ubpi5/ws_livox/install/livox_sdk/share/livox_sdk/package.dsv'
[2.143s] INFO:colcon.colcon_core.shell:Creating package script '/home/ubpi5/ws_livox/install/livox_sdk/share/livox_sdk/package.sh'
[2.146s] INFO:colcon.colcon_core.shell:Creating package script '/home/ubpi5/ws_livox/install/livox_sdk/share/livox_sdk/package.bash'
[2.155s] INFO:colcon.colcon_core.shell:Creating package script '/home/ubpi5/ws_livox/install/livox_sdk/share/livox_sdk/package.zsh'
[2.158s] Level 1:colcon.colcon_core.environment:create_file_with_runtime_dependencies(/home/ubpi5/ws_livox/install/livox_sdk/share/colcon-core/packages/livox_sdk)
[4.350s] DEBUG:colcon.colcon_core.event_handler.log_command:Invoked command in '/home/ubpi5/ws_livox/build/livox_interfaces' returned '0': CMAKE_PREFIX_PATH=${CMAKE_PREFIX_PATH}:/opt/ros/jazzy DEBUGINFOD_URLS=https://debuginfod.ubuntu.com /usr/bin/cmake /home/ubpi5/ws_livox/src/livox_ros2_driver/livox_interfaces -DAMENT_CMAKE_SYMLINK_INSTALL=1 -DCMAKE_INSTALL_PREFIX=/home/ubpi5/ws_livox/install/livox_interfaces
[4.354s] DEBUG:colcon.colcon_core.event_handler.log_command:Invoking command in '/home/ubpi5/ws_livox/build/livox_interfaces': CMAKE_PREFIX_PATH=${CMAKE_PREFIX_PATH}:/opt/ros/jazzy DEBUGINFOD_URLS=https://debuginfod.ubuntu.com /usr/bin/cmake --build /home/ubpi5/ws_livox/build/livox_interfaces -- -j4 -l4
[6.101s] DEBUG:colcon.colcon_core.event_handler.log_command:Invoked command in '/home/ubpi5/ws_livox/build/livox_interfaces' returned '0': CMAKE_PREFIX_PATH=${CMAKE_PREFIX_PATH}:/opt/ros/jazzy DEBUGINFOD_URLS=https://debuginfod.ubuntu.com /usr/bin/cmake --build /home/ubpi5/ws_livox/build/livox_interfaces -- -j4 -l4
[6.104s] DEBUG:colcon.colcon_core.event_handler.log_command:Invoking command in '/home/ubpi5/ws_livox/build/livox_interfaces': CMAKE_PREFIX_PATH=${CMAKE_PREFIX_PATH}:/opt/ros/jazzy DEBUGINFOD_URLS=https://debuginfod.ubuntu.com /usr/bin/cmake --install /home/ubpi5/ws_livox/build/livox_interfaces
[6.303s] Level 1:colcon.colcon_core.environment:create_environment_scripts_only(livox_interfaces)
[6.304s] Level 1:colcon.colcon_core.environment:checking '/home/ubpi5/ws_livox/install/livox_interfaces' for CMake module files
[6.305s] DEBUG:colcon.colcon_core.event_handler.log_command:Invoked command in '/home/ubpi5/ws_livox/build/livox_interfaces' returned '0': CMAKE_PREFIX_PATH=${CMAKE_PREFIX_PATH}:/opt/ros/jazzy DEBUGINFOD_URLS=https://debuginfod.ubuntu.com /usr/bin/cmake --install /home/ubpi5/ws_livox/build/livox_interfaces
[6.306s] Level 1:colcon.colcon_core.environment:checking '/home/ubpi5/ws_livox/install/livox_interfaces' for CMake config files
[6.307s] Level 1:colcon.colcon_core.shell:create_environment_hook('livox_interfaces', 'cmake_prefix_path')
[6.308s] INFO:colcon.colcon_core.shell:Creating environment hook '/home/ubpi5/ws_livox/install/livox_interfaces/share/livox_interfaces/hook/cmake_prefix_path.ps1'
[6.310s] INFO:colcon.colcon_core.shell:Creating environment descriptor '/home/ubpi5/ws_livox/install/livox_interfaces/share/livox_interfaces/hook/cmake_prefix_path.dsv'
[6.313s] INFO:colcon.colcon_core.shell:Creating environment hook '/home/ubpi5/ws_livox/install/livox_interfaces/share/livox_interfaces/hook/cmake_prefix_path.sh'
[6.316s] Level 1:colcon.colcon_core.environment:checking '/home/ubpi5/ws_livox/install/livox_interfaces/lib'
[6.316s] Level 1:colcon.colcon_core.shell:create_environment_hook('livox_interfaces', 'ld_library_path_lib')
[6.317s] INFO:colcon.colcon_core.shell:Creating environment hook '/home/ubpi5/ws_livox/install/livox_interfaces/share/livox_interfaces/hook/ld_library_path_lib.ps1'
[6.318s] INFO:colcon.colcon_core.shell:Creating environment descriptor '/home/ubpi5/ws_livox/install/livox_interfaces/share/livox_interfaces/hook/ld_library_path_lib.dsv'
[6.319s] INFO:colcon.colcon_core.shell:Creating environment hook '/home/ubpi5/ws_livox/install/livox_interfaces/share/livox_interfaces/hook/ld_library_path_lib.sh'
[6.320s] Level 1:colcon.colcon_core.environment:checking '/home/ubpi5/ws_livox/install/livox_interfaces/bin'
[6.320s] Level 1:colcon.colcon_core.environment:checking '/home/ubpi5/ws_livox/install/livox_interfaces/lib/pkgconfig/livox_interfaces.pc'
[6.321s] Level 1:colcon.colcon_core.environment:checking '/home/ubpi5/ws_livox/install/livox_interfaces/lib/python3.12/site-packages'
[6.322s] Level 1:colcon.colcon_core.shell:create_environment_hook('livox_interfaces', 'pythonpath')
[6.322s] INFO:colcon.colcon_core.shell:Creating environment hook '/home/ubpi5/ws_livox/install/livox_interfaces/share/livox_interfaces/hook/pythonpath.ps1'
[6.323s] INFO:colcon.colcon_core.shell:Creating environment descriptor '/home/ubpi5/ws_livox/install/livox_interfaces/share/livox_interfaces/hook/pythonpath.dsv'
[6.324s] INFO:colcon.colcon_core.shell:Creating environment hook '/home/ubpi5/ws_livox/install/livox_interfaces/share/livox_interfaces/hook/pythonpath.sh'
[6.326s] Level 1:colcon.colcon_core.environment:checking '/home/ubpi5/ws_livox/install/livox_interfaces/bin'
[6.327s] INFO:colcon.colcon_core.shell:Creating package script '/home/ubpi5/ws_livox/install/livox_interfaces/share/livox_interfaces/package.ps1'
[6.330s] INFO:colcon.colcon_core.shell:Creating package descriptor '/home/ubpi5/ws_livox/install/livox_interfaces/share/livox_interfaces/package.dsv'
[6.332s] INFO:colcon.colcon_core.shell:Creating package script '/home/ubpi5/ws_livox/install/livox_interfaces/share/livox_interfaces/package.sh'
[6.334s] INFO:colcon.colcon_core.shell:Creating package script '/home/ubpi5/ws_livox/install/livox_interfaces/share/livox_interfaces/package.bash'
[6.335s] INFO:colcon.colcon_core.shell:Creating package script '/home/ubpi5/ws_livox/install/livox_interfaces/share/livox_interfaces/package.zsh'
[6.337s] Level 1:colcon.colcon_core.environment:create_file_with_runtime_dependencies(/home/ubpi5/ws_livox/install/livox_interfaces/share/colcon-core/packages/livox_interfaces)
[6.339s] Level 1:colcon.colcon_core.environment:create_environment_scripts_only(livox_interfaces)
[6.340s] Level 1:colcon.colcon_core.environment:checking '/home/ubpi5/ws_livox/install/livox_interfaces' for CMake module files
[6.342s] Level 1:colcon.colcon_core.environment:checking '/home/ubpi5/ws_livox/install/livox_interfaces' for CMake config files
[6.343s] Level 1:colcon.colcon_core.shell:create_environment_hook('livox_interfaces', 'cmake_prefix_path')
[6.344s] INFO:colcon.colcon_core.shell:Creating environment hook '/home/ubpi5/ws_livox/install/livox_interfaces/share/livox_interfaces/hook/cmake_prefix_path.ps1'
[6.345s] INFO:colcon.colcon_core.shell:Creating environment descriptor '/home/ubpi5/ws_livox/install/livox_interfaces/share/livox_interfaces/hook/cmake_prefix_path.dsv'
[6.346s] INFO:colcon.colcon_core.shell:Creating environment hook '/home/ubpi5/ws_livox/install/livox_interfaces/share/livox_interfaces/hook/cmake_prefix_path.sh'
[6.348s] Level 1:colcon.colcon_core.environment:checking '/home/ubpi5/ws_livox/install/livox_interfaces/lib'
[6.348s] Level 1:colcon.colcon_core.shell:create_environment_hook('livox_interfaces', 'ld_library_path_lib')
[6.349s] INFO:colcon.colcon_core.shell:Creating environment hook '/home/ubpi5/ws_livox/install/livox_interfaces/share/livox_interfaces/hook/ld_library_path_lib.ps1'
[6.350s] INFO:colcon.colcon_core.shell:Creating environment descriptor '/home/ubpi5/ws_livox/install/livox_interfaces/share/livox_interfaces/hook/ld_library_path_lib.dsv'
[6.352s] INFO:colcon.colcon_core.shell:Creating environment hook '/home/ubpi5/ws_livox/install/livox_interfaces/share/livox_interfaces/hook/ld_library_path_lib.sh'
[6.353s] Level 1:colcon.colcon_core.environment:checking '/home/ubpi5/ws_livox/install/livox_interfaces/bin'
[6.353s] Level 1:colcon.colcon_core.environment:checking '/home/ubpi5/ws_livox/install/livox_interfaces/lib/pkgconfig/livox_interfaces.pc'
[6.354s] Level 1:colcon.colcon_core.environment:checking '/home/ubpi5/ws_livox/install/livox_interfaces/lib/python3.12/site-packages'
[6.354s] Level 1:colcon.colcon_core.shell:create_environment_hook('livox_interfaces', 'pythonpath')
[6.354s] INFO:colcon.colcon_core.shell:Creating environment hook '/home/ubpi5/ws_livox/install/livox_interfaces/share/livox_interfaces/hook/pythonpath.ps1'
[6.355s] INFO:colcon.colcon_core.shell:Creating environment descriptor '/home/ubpi5/ws_livox/install/livox_interfaces/share/livox_interfaces/hook/pythonpath.dsv'
[6.359s] INFO:colcon.colcon_core.shell:Creating environment hook '/home/ubpi5/ws_livox/install/livox_interfaces/share/livox_interfaces/hook/pythonpath.sh'
[6.361s] Level 1:colcon.colcon_core.environment:checking '/home/ubpi5/ws_livox/install/livox_interfaces/bin'
[6.361s] INFO:colcon.colcon_core.shell:Creating package script '/home/ubpi5/ws_livox/install/livox_interfaces/share/livox_interfaces/package.ps1'
[6.362s] INFO:colcon.colcon_core.shell:Creating package descriptor '/home/ubpi5/ws_livox/install/livox_interfaces/share/livox_interfaces/package.dsv'
[6.363s] INFO:colcon.colcon_core.shell:Creating package script '/home/ubpi5/ws_livox/install/livox_interfaces/share/livox_interfaces/package.sh'
[6.364s] INFO:colcon.colcon_core.shell:Creating package script '/home/ubpi5/ws_livox/install/livox_interfaces/share/livox_interfaces/package.bash'
[6.365s] INFO:colcon.colcon_core.shell:Creating package script '/home/ubpi5/ws_livox/install/livox_interfaces/share/livox_interfaces/package.zsh'
[6.366s] Level 1:colcon.colcon_core.environment:create_file_with_runtime_dependencies(/home/ubpi5/ws_livox/install/livox_interfaces/share/colcon-core/packages/livox_interfaces)
[6.367s] INFO:colcon.colcon_ros.task.ament_cmake.build:Building ROS package in '/home/ubpi5/ws_livox/src/livox_ros2_driver/livox_ros2_driver' with build type 'ament_cmake'
[6.367s] INFO:colcon.colcon_cmake.task.cmake.build:Building CMake package in '/home/ubpi5/ws_livox/src/livox_ros2_driver/livox_ros2_driver'
[6.368s] INFO:colcon.colcon_core.shell:Skip shell extension 'powershell' for command environment: Not usable outside of PowerShell
[6.368s] DEBUG:colcon.colcon_core.shell:Skip shell extension 'dsv' for command environment
[6.398s] DEBUG:colcon.colcon_core.event_handler.log_command:Invoking command in '/home/ubpi5/ws_livox/build/livox_ros2_driver': CMAKE_PREFIX_PATH=/home/ubpi5/ws_livox/install/livox_interfaces:/home/ubpi5/ws_livox/install/livox_ros2_driver:/opt/ros/jazzy/opt/gz_math_vendor:/opt/ros/jazzy/opt/gz_utils_vendor:/opt/ros/jazzy/opt/gz_cmake_vendor:/opt/ros/jazzy DEBUGINFOD_URLS=https://debuginfod.ubuntu.com LD_LIBRARY_PATH=/home/ubpi5/ws_livox/install/livox_interfaces/lib:/home/ubpi5/ws_livox/install/livox_ros2_driver/lib:/opt/ros/jazzy/opt/rviz_ogre_vendor/lib:/opt/ros/jazzy/lib/aarch64-linux-gnu:/opt/ros/jazzy/opt/gz_math_vendor/lib:/opt/ros/jazzy/opt/gz_utils_vendor/lib:/opt/ros/jazzy/opt/gz_cmake_vendor/lib:/opt/ros/jazzy/lib:/tmp/.mount_CursorLKAMNa/usr/lib/:/tmp/.mount_CursorLKAMNa/usr/lib32/:/tmp/.mount_CursorLKAMNa/usr/lib64/:/tmp/.mount_CursorLKAMNa/lib/:/tmp/.mount_CursorLKAMNa/lib/i386-linux-gnu/:/tmp/.mount_CursorLKAMNa/lib/x86_64-linux-gnu/:/tmp/.mount_CursorLKAMNa/lib/aarch64-linux-gnu/:/tmp/.mount_CursorLKAMNa/lib32/:/tmp/.mount_CursorLKAMNa/lib64/ /usr/bin/cmake /home/ubpi5/ws_livox/src/livox_ros2_driver/livox_ros2_driver -DAMENT_CMAKE_SYMLINK_INSTALL=1 -DCMAKE_INSTALL_PREFIX=/home/ubpi5/ws_livox/install/livox_ros2_driver
[13.296s] DEBUG:colcon.colcon_core.event_handler.log_command:Invoked command in '/home/ubpi5/ws_livox/build/livox_ros2_driver' returned '0': CMAKE_PREFIX_PATH=/home/ubpi5/ws_livox/install/livox_interfaces:/home/ubpi5/ws_livox/install/livox_ros2_driver:/opt/ros/jazzy/opt/gz_math_vendor:/opt/ros/jazzy/opt/gz_utils_vendor:/opt/ros/jazzy/opt/gz_cmake_vendor:/opt/ros/jazzy DEBUGINFOD_URLS=https://debuginfod.ubuntu.com LD_LIBRARY_PATH=/home/ubpi5/ws_livox/install/livox_interfaces/lib:/home/ubpi5/ws_livox/install/livox_ros2_driver/lib:/opt/ros/jazzy/opt/rviz_ogre_vendor/lib:/opt/ros/jazzy/lib/aarch64-linux-gnu:/opt/ros/jazzy/opt/gz_math_vendor/lib:/opt/ros/jazzy/opt/gz_utils_vendor/lib:/opt/ros/jazzy/opt/gz_cmake_vendor/lib:/opt/ros/jazzy/lib:/tmp/.mount_CursorLKAMNa/usr/lib/:/tmp/.mount_CursorLKAMNa/usr/lib32/:/tmp/.mount_CursorLKAMNa/usr/lib64/:/tmp/.mount_CursorLKAMNa/lib/:/tmp/.mount_CursorLKAMNa/lib/i386-linux-gnu/:/tmp/.mount_CursorLKAMNa/lib/x86_64-linux-gnu/:/tmp/.mount_CursorLKAMNa/lib/aarch64-linux-gnu/:/tmp/.mount_CursorLKAMNa/lib32/:/tmp/.mount_CursorLKAMNa/lib64/ /usr/bin/cmake /home/ubpi5/ws_livox/src/livox_ros2_driver/livox_ros2_driver -DAMENT_CMAKE_SYMLINK_INSTALL=1 -DCMAKE_INSTALL_PREFIX=/home/ubpi5/ws_livox/install/livox_ros2_driver
[13.298s] DEBUG:colcon.colcon_core.event_handler.log_command:Invoking command in '/home/ubpi5/ws_livox/build/livox_ros2_driver': CMAKE_PREFIX_PATH=/home/ubpi5/ws_livox/install/livox_interfaces:/home/ubpi5/ws_livox/install/livox_ros2_driver:/opt/ros/jazzy/opt/gz_math_vendor:/opt/ros/jazzy/opt/gz_utils_vendor:/opt/ros/jazzy/opt/gz_cmake_vendor:/opt/ros/jazzy DEBUGINFOD_URLS=https://debuginfod.ubuntu.com LD_LIBRARY_PATH=/home/ubpi5/ws_livox/install/livox_interfaces/lib:/home/ubpi5/ws_livox/install/livox_ros2_driver/lib:/opt/ros/jazzy/opt/rviz_ogre_vendor/lib:/opt/ros/jazzy/lib/aarch64-linux-gnu:/opt/ros/jazzy/opt/gz_math_vendor/lib:/opt/ros/jazzy/opt/gz_utils_vendor/lib:/opt/ros/jazzy/opt/gz_cmake_vendor/lib:/opt/ros/jazzy/lib:/tmp/.mount_CursorLKAMNa/usr/lib/:/tmp/.mount_CursorLKAMNa/usr/lib32/:/tmp/.mount_CursorLKAMNa/usr/lib64/:/tmp/.mount_CursorLKAMNa/lib/:/tmp/.mount_CursorLKAMNa/lib/i386-linux-gnu/:/tmp/.mount_CursorLKAMNa/lib/x86_64-linux-gnu/:/tmp/.mount_CursorLKAMNa/lib/aarch64-linux-gnu/:/tmp/.mount_CursorLKAMNa/lib32/:/tmp/.mount_CursorLKAMNa/lib64/ /usr/bin/cmake --build /home/ubpi5/ws_livox/build/livox_ros2_driver -- -j4 -l4
[13.631s] DEBUG:colcon.colcon_core.event_handler.log_command:Invoked command in '/home/ubpi5/ws_livox/build/livox_ros2_driver' returned '0': CMAKE_PREFIX_PATH=/home/ubpi5/ws_livox/install/livox_interfaces:/home/ubpi5/ws_livox/install/livox_ros2_driver:/opt/ros/jazzy/opt/gz_math_vendor:/opt/ros/jazzy/opt/gz_utils_vendor:/opt/ros/jazzy/opt/gz_cmake_vendor:/opt/ros/jazzy DEBUGINFOD_URLS=https://debuginfod.ubuntu.com LD_LIBRARY_PATH=/home/ubpi5/ws_livox/install/livox_interfaces/lib:/home/ubpi5/ws_livox/install/livox_ros2_driver/lib:/opt/ros/jazzy/opt/rviz_ogre_vendor/lib:/opt/ros/jazzy/lib/aarch64-linux-gnu:/opt/ros/jazzy/opt/gz_math_vendor/lib:/opt/ros/jazzy/opt/gz_utils_vendor/lib:/opt/ros/jazzy/opt/gz_cmake_vendor/lib:/opt/ros/jazzy/lib:/tmp/.mount_CursorLKAMNa/usr/lib/:/tmp/.mount_CursorLKAMNa/usr/lib32/:/tmp/.mount_CursorLKAMNa/usr/lib64/:/tmp/.mount_CursorLKAMNa/lib/:/tmp/.mount_CursorLKAMNa/lib/i386-linux-gnu/:/tmp/.mount_CursorLKAMNa/lib/x86_64-linux-gnu/:/tmp/.mount_CursorLKAMNa/lib/aarch64-linux-gnu/:/tmp/.mount_CursorLKAMNa/lib32/:/tmp/.mount_CursorLKAMNa/lib64/ /usr/bin/cmake --build /home/ubpi5/ws_livox/build/livox_ros2_driver -- -j4 -l4
[13.635s] DEBUG:colcon.colcon_core.event_handler.log_command:Invoking command in '/home/ubpi5/ws_livox/build/livox_ros2_driver': CMAKE_PREFIX_PATH=/home/ubpi5/ws_livox/install/livox_interfaces:/home/ubpi5/ws_livox/install/livox_ros2_driver:/opt/ros/jazzy/opt/gz_math_vendor:/opt/ros/jazzy/opt/gz_utils_vendor:/opt/ros/jazzy/opt/gz_cmake_vendor:/opt/ros/jazzy DEBUGINFOD_URLS=https://debuginfod.ubuntu.com LD_LIBRARY_PATH=/home/ubpi5/ws_livox/install/livox_interfaces/lib:/home/ubpi5/ws_livox/install/livox_ros2_driver/lib:/opt/ros/jazzy/opt/rviz_ogre_vendor/lib:/opt/ros/jazzy/lib/aarch64-linux-gnu:/opt/ros/jazzy/opt/gz_math_vendor/lib:/opt/ros/jazzy/opt/gz_utils_vendor/lib:/opt/ros/jazzy/opt/gz_cmake_vendor/lib:/opt/ros/jazzy/lib:/tmp/.mount_CursorLKAMNa/usr/lib/:/tmp/.mount_CursorLKAMNa/usr/lib32/:/tmp/.mount_CursorLKAMNa/usr/lib64/:/tmp/.mount_CursorLKAMNa/lib/:/tmp/.mount_CursorLKAMNa/lib/i386-linux-gnu/:/tmp/.mount_CursorLKAMNa/lib/x86_64-linux-gnu/:/tmp/.mount_CursorLKAMNa/lib/aarch64-linux-gnu/:/tmp/.mount_CursorLKAMNa/lib32/:/tmp/.mount_CursorLKAMNa/lib64/ /usr/bin/cmake --install /home/ubpi5/ws_livox/build/livox_ros2_driver
[13.698s] Level 1:colcon.colcon_core.environment:create_environment_scripts_only(livox_ros2_driver)
[13.699s] Level 1:colcon.colcon_core.environment:checking '/home/ubpi5/ws_livox/install/livox_ros2_driver' for CMake module files
[13.699s] DEBUG:colcon.colcon_core.event_handler.log_command:Invoked command in '/home/ubpi5/ws_livox/build/livox_ros2_driver' returned '0': CMAKE_PREFIX_PATH=/home/ubpi5/ws_livox/install/livox_interfaces:/home/ubpi5/ws_livox/install/livox_ros2_driver:/opt/ros/jazzy/opt/gz_math_vendor:/opt/ros/jazzy/opt/gz_utils_vendor:/opt/ros/jazzy/opt/gz_cmake_vendor:/opt/ros/jazzy DEBUGINFOD_URLS=https://debuginfod.ubuntu.com LD_LIBRARY_PATH=/home/ubpi5/ws_livox/install/livox_interfaces/lib:/home/ubpi5/ws_livox/install/livox_ros2_driver/lib:/opt/ros/jazzy/opt/rviz_ogre_vendor/lib:/opt/ros/jazzy/lib/aarch64-linux-gnu:/opt/ros/jazzy/opt/gz_math_vendor/lib:/opt/ros/jazzy/opt/gz_utils_vendor/lib:/opt/ros/jazzy/opt/gz_cmake_vendor/lib:/opt/ros/jazzy/lib:/tmp/.mount_CursorLKAMNa/usr/lib/:/tmp/.mount_CursorLKAMNa/usr/lib32/:/tmp/.mount_CursorLKAMNa/usr/lib64/:/tmp/.mount_CursorLKAMNa/lib/:/tmp/.mount_CursorLKAMNa/lib/i386-linux-gnu/:/tmp/.mount_CursorLKAMNa/lib/x86_64-linux-gnu/:/tmp/.mount_CursorLKAMNa/lib/aarch64-linux-gnu/:/tmp/.mount_CursorLKAMNa/lib32/:/tmp/.mount_CursorLKAMNa/lib64/ /usr/bin/cmake --install /home/ubpi5/ws_livox/build/livox_ros2_driver
[13.700s] Level 1:colcon.colcon_core.environment:checking '/home/ubpi5/ws_livox/install/livox_ros2_driver' for CMake config files
[13.701s] Level 1:colcon.colcon_core.shell:create_environment_hook('livox_ros2_driver', 'cmake_prefix_path')
[13.702s] INFO:colcon.colcon_core.shell:Creating environment hook '/home/ubpi5/ws_livox/install/livox_ros2_driver/share/livox_ros2_driver/hook/cmake_prefix_path.ps1'
[13.704s] INFO:colcon.colcon_core.shell:Creating environment descriptor '/home/ubpi5/ws_livox/install/livox_ros2_driver/share/livox_ros2_driver/hook/cmake_prefix_path.dsv'
[13.705s] INFO:colcon.colcon_core.shell:Creating environment hook '/home/ubpi5/ws_livox/install/livox_ros2_driver/share/livox_ros2_driver/hook/cmake_prefix_path.sh'
[13.706s] Level 1:colcon.colcon_core.environment:checking '/home/ubpi5/ws_livox/install/livox_ros2_driver/lib'
[13.706s] Level 1:colcon.colcon_core.shell:create_environment_hook('livox_ros2_driver', 'ld_library_path_lib')
[13.706s] INFO:colcon.colcon_core.shell:Creating environment hook '/home/ubpi5/ws_livox/install/livox_ros2_driver/share/livox_ros2_driver/hook/ld_library_path_lib.ps1'
[13.707s] INFO:colcon.colcon_core.shell:Creating environment descriptor '/home/ubpi5/ws_livox/install/livox_ros2_driver/share/livox_ros2_driver/hook/ld_library_path_lib.dsv'
[13.708s] INFO:colcon.colcon_core.shell:Creating environment hook '/home/ubpi5/ws_livox/install/livox_ros2_driver/share/livox_ros2_driver/hook/ld_library_path_lib.sh'
[13.708s] Level 1:colcon.colcon_core.environment:checking '/home/ubpi5/ws_livox/install/livox_ros2_driver/bin'
[13.709s] Level 1:colcon.colcon_core.environment:checking '/home/ubpi5/ws_livox/install/livox_ros2_driver/lib/pkgconfig/livox_ros2_driver.pc'
[13.709s] Level 1:colcon.colcon_core.environment:checking '/home/ubpi5/ws_livox/install/livox_ros2_driver/lib/python3.12/site-packages'
[13.709s] Level 1:colcon.colcon_core.environment:checking '/home/ubpi5/ws_livox/install/livox_ros2_driver/bin'
[13.710s] INFO:colcon.colcon_core.shell:Creating package script '/home/ubpi5/ws_livox/install/livox_ros2_driver/share/livox_ros2_driver/package.ps1'
[13.712s] INFO:colcon.colcon_core.shell:Creating package descriptor '/home/ubpi5/ws_livox/install/livox_ros2_driver/share/livox_ros2_driver/package.dsv'
[13.713s] INFO:colcon.colcon_core.shell:Creating package script '/home/ubpi5/ws_livox/install/livox_ros2_driver/share/livox_ros2_driver/package.sh'
[13.713s] INFO:colcon.colcon_core.shell:Creating package script '/home/ubpi5/ws_livox/install/livox_ros2_driver/share/livox_ros2_driver/package.bash'
[13.715s] INFO:colcon.colcon_core.shell:Creating package script '/home/ubpi5/ws_livox/install/livox_ros2_driver/share/livox_ros2_driver/package.zsh'
[13.716s] Level 1:colcon.colcon_core.environment:create_file_with_runtime_dependencies(/home/ubpi5/ws_livox/install/livox_ros2_driver/share/colcon-core/packages/livox_ros2_driver)
[13.718s] Level 1:colcon.colcon_core.environment:create_environment_scripts_only(livox_ros2_driver)
[13.718s] Level 1:colcon.colcon_core.environment:checking '/home/ubpi5/ws_livox/install/livox_ros2_driver' for CMake module files
[13.720s] Level 1:colcon.colcon_core.environment:checking '/home/ubpi5/ws_livox/install/livox_ros2_driver' for CMake config files
[13.720s] Level 1:colcon.colcon_core.shell:create_environment_hook('livox_ros2_driver', 'cmake_prefix_path')
[13.720s] INFO:colcon.colcon_core.shell:Creating environment hook '/home/ubpi5/ws_livox/install/livox_ros2_driver/share/livox_ros2_driver/hook/cmake_prefix_path.ps1'
[13.721s] INFO:colcon.colcon_core.shell:Creating environment descriptor '/home/ubpi5/ws_livox/install/livox_ros2_driver/share/livox_ros2_driver/hook/cmake_prefix_path.dsv'
[13.723s] INFO:colcon.colcon_core.shell:Creating environment hook '/home/ubpi5/ws_livox/install/livox_ros2_driver/share/livox_ros2_driver/hook/cmake_prefix_path.sh'
[13.724s] Level 1:colcon.colcon_core.environment:checking '/home/ubpi5/ws_livox/install/livox_ros2_driver/lib'
[13.724s] Level 1:colcon.colcon_core.shell:create_environment_hook('livox_ros2_driver', 'ld_library_path_lib')
[13.725s] INFO:colcon.colcon_core.shell:Creating environment hook '/home/ubpi5/ws_livox/install/livox_ros2_driver/share/livox_ros2_driver/hook/ld_library_path_lib.ps1'
[13.725s] INFO:colcon.colcon_core.shell:Creating environment descriptor '/home/ubpi5/ws_livox/install/livox_ros2_driver/share/livox_ros2_driver/hook/ld_library_path_lib.dsv'
[13.727s] INFO:colcon.colcon_core.shell:Creating environment hook '/home/ubpi5/ws_livox/install/livox_ros2_driver/share/livox_ros2_driver/hook/ld_library_path_lib.sh'
[13.728s] Level 1:colcon.colcon_core.environment:checking '/home/ubpi5/ws_livox/install/livox_ros2_driver/bin'
[13.729s] Level 1:colcon.colcon_core.environment:checking '/home/ubpi5/ws_livox/install/livox_ros2_driver/lib/pkgconfig/livox_ros2_driver.pc'
[13.729s] Level 1:colcon.colcon_core.environment:checking '/home/ubpi5/ws_livox/install/livox_ros2_driver/lib/python3.12/site-packages'
[13.729s] Level 1:colcon.colcon_core.environment:checking '/home/ubpi5/ws_livox/install/livox_ros2_driver/bin'
[13.730s] INFO:colcon.colcon_core.shell:Creating package script '/home/ubpi5/ws_livox/install/livox_ros2_driver/share/livox_ros2_driver/package.ps1'
[13.731s] INFO:colcon.colcon_core.shell:Creating package descriptor '/home/ubpi5/ws_livox/install/livox_ros2_driver/share/livox_ros2_driver/package.dsv'
[13.732s] INFO:colcon.colcon_core.shell:Creating package script '/home/ubpi5/ws_livox/install/livox_ros2_driver/share/livox_ros2_driver/package.sh'
[13.734s] INFO:colcon.colcon_core.shell:Creating package script '/home/ubpi5/ws_livox/install/livox_ros2_driver/share/livox_ros2_driver/package.bash'
[13.736s] INFO:colcon.colcon_core.shell:Creating package script '/home/ubpi5/ws_livox/install/livox_ros2_driver/share/livox_ros2_driver/package.zsh'
[13.737s] Level 1:colcon.colcon_core.environment:create_file_with_runtime_dependencies(/home/ubpi5/ws_livox/install/livox_ros2_driver/share/colcon-core/packages/livox_ros2_driver)
[13.741s] DEBUG:colcon.colcon_parallel_executor.executor.parallel:closing loop
[13.742s] DEBUG:colcon.colcon_parallel_executor.executor.parallel:loop closed
[13.743s] DEBUG:colcon.colcon_parallel_executor.executor.parallel:run_until_complete finished with '0'
[13.743s] DEBUG:colcon.colcon_core.event_reactor:joining thread
[13.766s] INFO:colcon.colcon_core.plugin_system:Skipping extension 'colcon_notification.desktop_notification.terminal_notifier': Not used on non-Darwin systems
[13.766s] INFO:colcon.colcon_core.plugin_system:Skipping extension 'colcon_notification.desktop_notification.win32': Not used on non-Windows systems
[13.766s] INFO:colcon.colcon_notification.desktop_notification:Sending desktop notification using 'notify2'
[13.832s] DEBUG:colcon.colcon_core.event_reactor:joined thread
[13.833s] INFO:colcon.colcon_core.shell:Creating prefix script '/home/ubpi5/ws_livox/install/local_setup.ps1'
[13.836s] INFO:colcon.colcon_core.shell:Creating prefix util module '/home/ubpi5/ws_livox/install/_local_setup_util_ps1.py'
[13.840s] INFO:colcon.colcon_core.shell:Creating prefix chain script '/home/ubpi5/ws_livox/install/setup.ps1'
[13.846s] INFO:colcon.colcon_core.shell:Creating prefix script '/home/ubpi5/ws_livox/install/local_setup.sh'
[13.850s] INFO:colcon.colcon_core.shell:Creating prefix util module '/home/ubpi5/ws_livox/install/_local_setup_util_sh.py'
[13.852s] INFO:colcon.colcon_core.shell:Creating prefix chain script '/home/ubpi5/ws_livox/install/setup.sh'
[13.859s] INFO:colcon.colcon_core.shell:Creating prefix script '/home/ubpi5/ws_livox/install/local_setup.bash'
[13.864s] INFO:colcon.colcon_core.shell:Creating prefix chain script '/home/ubpi5/ws_livox/install/setup.bash'
[13.867s] INFO:colcon.colcon_core.shell:Creating prefix script '/home/ubpi5/ws_livox/install/local_setup.zsh'
[13.870s] INFO:colcon.colcon_core.shell:Creating prefix chain script '/home/ubpi5/ws_livox/install/setup.zsh'
