-- Found ament_cmake: 2.5.3 (/opt/ros/jazzy/share/ament_cmake/cmake)
-- Found Python3: /usr/bin/python3 (found version "3.12.3") found components: Interpreter 
-- Override CMake install command with custom implementation using symlinks instead of copying resources
-- Found std_msgs: 5.3.5 (/opt/ros/jazzy/share/std_msgs/cmake)
-- Found rosidl_generator_c: 4.6.5 (/opt/ros/jazzy/share/rosidl_generator_c/cmake)
-- Found rosidl_generator_cpp: 4.6.5 (/opt/ros/jazzy/share/rosidl_generator_cpp/cmake)
-- Using all available rosidl_typesupport_c: rosidl_typesupport_fastrtps_c;rosidl_typesupport_introspection_c
-- Using all available rosidl_typesupport_cpp: rosidl_typesupport_fastrtps_cpp;rosidl_typesupport_introspection_cpp
-- Found rosidl_default_generators: 1.6.0 (/opt/ros/jazzy/share/rosidl_default_generators/cmake)
-- Found rosidl_adapter: 4.6.5 (/opt/ros/jazzy/share/rosidl_adapter/cmake)
-- Found ament_cmake_ros: 0.12.0 (/opt/ros/jazzy/share/ament_cmake_ros/cmake)
-- Using all available rosidl_typesupport_c: rosidl_typesupport_fastrtps_c;rosidl_typesupport_introspection_c
-- Using all available rosidl_typesupport_cpp: rosidl_typesupport_fastrtps_cpp;rosidl_typesupport_introspection_cpp
-- Found python_cmake_module: 0.11.1 (/opt/ros/jazzy/share/python_cmake_module/cmake)
-- Found Python3: /usr/bin/python3 (found version "3.12.3") found components: Interpreter Development NumPy Development.Module Development.Embed 
-- Found ament_lint_auto: 0.17.1 (/opt/ros/jazzy/share/ament_lint_auto/cmake)
-- Added test 'copyright' to check source files copyright and LICENSE
-- Added test 'lint_cmake' to check CMake code style
-- Added test 'xmllint' to check XML markup files
-- Configuring done (3.1s)
-- Generating done (0.2s)
-- Build files have been written to: /home/ubpi5/ws_livox/build/livox_interfaces
[  2%] Built target livox_interfaces__rosidl_generator_type_description
[  2%] Built target ament_cmake_python_symlink_livox_interfaces
[ 20%] Built target livox_interfaces__rosidl_generator_c
running egg_info
writing livox_interfaces.egg-info/PKG-INFO
writing dependency_links to livox_interfaces.egg-info/dependency_links.txt
writing top-level names to livox_interfaces.egg-info/top_level.txt
reading manifest file 'livox_interfaces.egg-info/SOURCES.txt'
writing manifest file 'livox_interfaces.egg-info/SOURCES.txt'
[ 20%] Built target ament_cmake_python_build_livox_interfaces_egg
[ 29%] Built target livox_interfaces__rosidl_typesupport_introspection_c
[ 38%] Built target livox_interfaces__rosidl_typesupport_c
[ 47%] Built target livox_interfaces__rosidl_typesupport_fastrtps_c
[ 50%] Built target livox_interfaces__cpp
[ 59%] Built target livox_interfaces__rosidl_typesupport_cpp
[ 68%] Built target livox_interfaces__rosidl_typesupport_introspection_cpp
[ 77%] Built target livox_interfaces__rosidl_typesupport_fastrtps_cpp
[ 77%] Built target livox_interfaces
[ 79%] Built target livox_interfaces__py
[ 86%] Built target livox_interfaces__rosidl_generator_py
[ 90%] Built target livox_interfaces_s__rosidl_typesupport_fastrtps_c
[ 95%] Built target livox_interfaces_s__rosidl_typesupport_c
[100%] Built target livox_interfaces_s__rosidl_typesupport_introspection_c
-- Install configuration: "Release"
-- Execute custom install script
-- Up-to-date symlink: /home/ubpi5/ws_livox/install/livox_interfaces/share/ament_index/resource_index/rosidl_interfaces/livox_interfaces
-- Up-to-date symlink: /home/ubpi5/ws_livox/install/livox_interfaces/share/livox_interfaces/msg/CustomPoint.json
-- Up-to-date symlink: /home/ubpi5/ws_livox/install/livox_interfaces/share/livox_interfaces/msg/CustomMsg.json
-- Up-to-date symlink: /home/ubpi5/ws_livox/install/livox_interfaces/include/livox_interfaces/livox_interfaces/msg/custom_msg.h
-- Up-to-date symlink: /home/ubpi5/ws_livox/install/livox_interfaces/include/livox_interfaces/livox_interfaces/msg/custom_point.h
-- Up-to-date symlink: /home/ubpi5/ws_livox/install/livox_interfaces/include/livox_interfaces/livox_interfaces/msg/detail/custom_msg__functions.h
-- Up-to-date symlink: /home/ubpi5/ws_livox/install/livox_interfaces/include/livox_interfaces/livox_interfaces/msg/detail/custom_msg__struct.h
-- Up-to-date symlink: /home/ubpi5/ws_livox/install/livox_interfaces/include/livox_interfaces/livox_interfaces/msg/detail/custom_msg__type_support.h
-- Up-to-date symlink: /home/ubpi5/ws_livox/install/livox_interfaces/include/livox_interfaces/livox_interfaces/msg/detail/custom_point__functions.h
-- Up-to-date symlink: /home/ubpi5/ws_livox/install/livox_interfaces/include/livox_interfaces/livox_interfaces/msg/detail/custom_point__struct.h
-- Up-to-date symlink: /home/ubpi5/ws_livox/install/livox_interfaces/include/livox_interfaces/livox_interfaces/msg/detail/custom_point__type_support.h
-- Up-to-date symlink: /home/ubpi5/ws_livox/install/livox_interfaces/include/livox_interfaces/livox_interfaces/msg/rosidl_generator_c__visibility_control.h
-- Up-to-date symlink: /home/ubpi5/ws_livox/install/livox_interfaces/share/livox_interfaces/environment/library_path.sh
-- Up-to-date symlink: /home/ubpi5/ws_livox/install/livox_interfaces/share/livox_interfaces/environment/library_path.dsv
-- Up-to-date symlink: /home/ubpi5/ws_livox/install/livox_interfaces/include/livox_interfaces/livox_interfaces/msg/detail/custom_msg__rosidl_typesupport_fastrtps_c.h
-- Up-to-date symlink: /home/ubpi5/ws_livox/install/livox_interfaces/include/livox_interfaces/livox_interfaces/msg/detail/custom_point__rosidl_typesupport_fastrtps_c.h
-- Up-to-date symlink: /home/ubpi5/ws_livox/install/livox_interfaces/include/livox_interfaces/livox_interfaces/msg/rosidl_typesupport_fastrtps_c__visibility_control.h
-- Up-to-date symlink: /home/ubpi5/ws_livox/install/livox_interfaces/include/livox_interfaces/livox_interfaces/msg/custom_msg.hpp
-- Up-to-date symlink: /home/ubpi5/ws_livox/install/livox_interfaces/include/livox_interfaces/livox_interfaces/msg/custom_point.hpp
-- Up-to-date symlink: /home/ubpi5/ws_livox/install/livox_interfaces/include/livox_interfaces/livox_interfaces/msg/detail/custom_msg__builder.hpp
-- Up-to-date symlink: /home/ubpi5/ws_livox/install/livox_interfaces/include/livox_interfaces/livox_interfaces/msg/detail/custom_msg__struct.hpp
-- Up-to-date symlink: /home/ubpi5/ws_livox/install/livox_interfaces/include/livox_interfaces/livox_interfaces/msg/detail/custom_msg__traits.hpp
-- Up-to-date symlink: /home/ubpi5/ws_livox/install/livox_interfaces/include/livox_interfaces/livox_interfaces/msg/detail/custom_msg__type_support.hpp
-- Up-to-date symlink: /home/ubpi5/ws_livox/install/livox_interfaces/include/livox_interfaces/livox_interfaces/msg/detail/custom_point__builder.hpp
-- Up-to-date symlink: /home/ubpi5/ws_livox/install/livox_interfaces/include/livox_interfaces/livox_interfaces/msg/detail/custom_point__struct.hpp
-- Up-to-date symlink: /home/ubpi5/ws_livox/install/livox_interfaces/include/livox_interfaces/livox_interfaces/msg/detail/custom_point__traits.hpp
-- Up-to-date symlink: /home/ubpi5/ws_livox/install/livox_interfaces/include/livox_interfaces/livox_interfaces/msg/detail/custom_point__type_support.hpp
-- Up-to-date symlink: /home/ubpi5/ws_livox/install/livox_interfaces/include/livox_interfaces/livox_interfaces/msg/rosidl_generator_cpp__visibility_control.hpp
-- Up-to-date symlink: /home/ubpi5/ws_livox/install/livox_interfaces/include/livox_interfaces/livox_interfaces/msg/detail/custom_msg__rosidl_typesupport_fastrtps_cpp.hpp
-- Up-to-date symlink: /home/ubpi5/ws_livox/install/livox_interfaces/include/livox_interfaces/livox_interfaces/msg/detail/custom_point__rosidl_typesupport_fastrtps_cpp.hpp
-- Up-to-date symlink: /home/ubpi5/ws_livox/install/livox_interfaces/include/livox_interfaces/livox_interfaces/msg/rosidl_typesupport_fastrtps_cpp__visibility_control.h
-- Up-to-date symlink: /home/ubpi5/ws_livox/install/livox_interfaces/include/livox_interfaces/livox_interfaces/msg/detail/custom_msg__rosidl_typesupport_introspection_c.h
-- Up-to-date symlink: /home/ubpi5/ws_livox/install/livox_interfaces/include/livox_interfaces/livox_interfaces/msg/detail/custom_point__rosidl_typesupport_introspection_c.h
-- Up-to-date symlink: /home/ubpi5/ws_livox/install/livox_interfaces/include/livox_interfaces/livox_interfaces/msg/rosidl_typesupport_introspection_c__visibility_control.h
-- Up-to-date symlink: /home/ubpi5/ws_livox/install/livox_interfaces/include/livox_interfaces/livox_interfaces/msg/detail/custom_msg__rosidl_typesupport_introspection_cpp.hpp
-- Up-to-date symlink: /home/ubpi5/ws_livox/install/livox_interfaces/include/livox_interfaces/livox_interfaces/msg/detail/custom_point__rosidl_typesupport_introspection_cpp.hpp
-- Up-to-date symlink: /home/ubpi5/ws_livox/install/livox_interfaces/share/livox_interfaces/environment/pythonpath.sh
-- Up-to-date symlink: /home/ubpi5/ws_livox/install/livox_interfaces/share/livox_interfaces/environment/pythonpath.dsv
-- Up-to-date symlink: /home/ubpi5/ws_livox/install/livox_interfaces/lib/python3.12/site-packages/livox_interfaces-0.0.1-py3.12.egg-info/PKG-INFO
-- Up-to-date symlink: /home/ubpi5/ws_livox/install/livox_interfaces/lib/python3.12/site-packages/livox_interfaces-0.0.1-py3.12.egg-info/SOURCES.txt
-- Up-to-date symlink: /home/ubpi5/ws_livox/install/livox_interfaces/lib/python3.12/site-packages/livox_interfaces-0.0.1-py3.12.egg-info/dependency_links.txt
-- Up-to-date symlink: /home/ubpi5/ws_livox/install/livox_interfaces/lib/python3.12/site-packages/livox_interfaces-0.0.1-py3.12.egg-info/top_level.txt
-- Up-to-date symlink: /home/ubpi5/ws_livox/install/livox_interfaces/lib/python3.12/site-packages/livox_interfaces/__init__.py
-- Up-to-date symlink: /home/ubpi5/ws_livox/install/livox_interfaces/lib/python3.12/site-packages/livox_interfaces/_livox_interfaces_s.ep.rosidl_typesupport_c.c
-- Up-to-date symlink: /home/ubpi5/ws_livox/install/livox_interfaces/lib/python3.12/site-packages/livox_interfaces/_livox_interfaces_s.ep.rosidl_typesupport_fastrtps_c.c
-- Up-to-date symlink: /home/ubpi5/ws_livox/install/livox_interfaces/lib/python3.12/site-packages/livox_interfaces/_livox_interfaces_s.ep.rosidl_typesupport_introspection_c.c
-- Up-to-date symlink: /home/ubpi5/ws_livox/install/livox_interfaces/lib/python3.12/site-packages/livox_interfaces/livox_interfaces_s__rosidl_typesupport_c.so
-- Up-to-date symlink: /home/ubpi5/ws_livox/install/livox_interfaces/lib/python3.12/site-packages/livox_interfaces/livox_interfaces_s__rosidl_typesupport_fastrtps_c.so
-- Up-to-date symlink: /home/ubpi5/ws_livox/install/livox_interfaces/lib/python3.12/site-packages/livox_interfaces/livox_interfaces_s__rosidl_typesupport_introspection_c.so
-- Up-to-date symlink: /home/ubpi5/ws_livox/install/livox_interfaces/lib/python3.12/site-packages/livox_interfaces/msg/__init__.py
-- Up-to-date symlink: /home/ubpi5/ws_livox/install/livox_interfaces/lib/python3.12/site-packages/livox_interfaces/msg/_custom_msg.py
-- Up-to-date symlink: /home/ubpi5/ws_livox/install/livox_interfaces/lib/python3.12/site-packages/livox_interfaces/msg/_custom_msg_s.c
-- Up-to-date symlink: /home/ubpi5/ws_livox/install/livox_interfaces/lib/python3.12/site-packages/livox_interfaces/msg/_custom_point.py
-- Up-to-date symlink: /home/ubpi5/ws_livox/install/livox_interfaces/lib/python3.12/site-packages/livox_interfaces/msg/_custom_point_s.c
-- Up-to-date symlink: /home/ubpi5/ws_livox/install/livox_interfaces/lib/python3.12/site-packages/livox_interfaces/livox_interfaces_s__rosidl_typesupport_fastrtps_c.so
-- Up-to-date symlink: /home/ubpi5/ws_livox/install/livox_interfaces/lib/python3.12/site-packages/livox_interfaces/livox_interfaces_s__rosidl_typesupport_introspection_c.so
-- Up-to-date symlink: /home/ubpi5/ws_livox/install/livox_interfaces/lib/python3.12/site-packages/livox_interfaces/livox_interfaces_s__rosidl_typesupport_c.so
-- Up-to-date symlink: /home/ubpi5/ws_livox/install/livox_interfaces/share/livox_interfaces/msg/CustomPoint.idl
-- Up-to-date symlink: /home/ubpi5/ws_livox/install/livox_interfaces/share/livox_interfaces/msg/CustomMsg.idl
-- Up-to-date symlink: /home/ubpi5/ws_livox/install/livox_interfaces/share/livox_interfaces/msg/CustomPoint.msg
-- Up-to-date symlink: /home/ubpi5/ws_livox/install/livox_interfaces/share/livox_interfaces/msg/CustomMsg.msg
-- Up-to-date symlink: /home/ubpi5/ws_livox/install/livox_interfaces/share/ament_index/resource_index/package_run_dependencies/livox_interfaces
-- Up-to-date symlink: /home/ubpi5/ws_livox/install/livox_interfaces/share/ament_index/resource_index/parent_prefix_path/livox_interfaces
-- Up-to-date symlink: /home/ubpi5/ws_livox/install/livox_interfaces/share/livox_interfaces/environment/ament_prefix_path.sh
-- Up-to-date symlink: /home/ubpi5/ws_livox/install/livox_interfaces/share/livox_interfaces/environment/ament_prefix_path.dsv
-- Up-to-date symlink: /home/ubpi5/ws_livox/install/livox_interfaces/share/livox_interfaces/environment/path.sh
-- Up-to-date symlink: /home/ubpi5/ws_livox/install/livox_interfaces/share/livox_interfaces/environment/path.dsv
-- Up-to-date symlink: /home/ubpi5/ws_livox/install/livox_interfaces/share/livox_interfaces/local_setup.bash
-- Up-to-date symlink: /home/ubpi5/ws_livox/install/livox_interfaces/share/livox_interfaces/local_setup.sh
-- Up-to-date symlink: /home/ubpi5/ws_livox/install/livox_interfaces/share/livox_interfaces/local_setup.zsh
-- Up-to-date symlink: /home/ubpi5/ws_livox/install/livox_interfaces/share/livox_interfaces/local_setup.dsv
-- Symlinking: /home/ubpi5/ws_livox/install/livox_interfaces/share/livox_interfaces/package.dsv
-- Up-to-date symlink: /home/ubpi5/ws_livox/install/livox_interfaces/share/ament_index/resource_index/packages/livox_interfaces
-- Up-to-date symlink: /home/ubpi5/ws_livox/install/livox_interfaces/share/livox_interfaces/cmake/rosidl_cmake-extras.cmake
-- Up-to-date symlink: /home/ubpi5/ws_livox/install/livox_interfaces/share/livox_interfaces/cmake/ament_cmake_export_dependencies-extras.cmake
-- Up-to-date symlink: /home/ubpi5/ws_livox/install/livox_interfaces/share/livox_interfaces/cmake/ament_cmake_export_include_directories-extras.cmake
-- Up-to-date symlink: /home/ubpi5/ws_livox/install/livox_interfaces/share/livox_interfaces/cmake/ament_cmake_export_libraries-extras.cmake
-- Up-to-date symlink: /home/ubpi5/ws_livox/install/livox_interfaces/share/livox_interfaces/cmake/ament_cmake_export_targets-extras.cmake
-- Up-to-date symlink: /home/ubpi5/ws_livox/install/livox_interfaces/share/livox_interfaces/cmake/rosidl_cmake_export_typesupport_targets-extras.cmake
-- Up-to-date symlink: /home/ubpi5/ws_livox/install/livox_interfaces/share/livox_interfaces/cmake/rosidl_cmake_export_typesupport_libraries-extras.cmake
-- Up-to-date symlink: /home/ubpi5/ws_livox/install/livox_interfaces/share/livox_interfaces/cmake/livox_interfacesConfig.cmake
-- Up-to-date symlink: /home/ubpi5/ws_livox/install/livox_interfaces/share/livox_interfaces/cmake/livox_interfacesConfig-version.cmake
-- Up-to-date symlink: /home/ubpi5/ws_livox/install/livox_interfaces/share/livox_interfaces/package.xml
-- Up-to-date: /home/ubpi5/ws_livox/install/livox_interfaces/lib/liblivox_interfaces__rosidl_generator_c.so
-- Up-to-date: /home/ubpi5/ws_livox/install/livox_interfaces/lib/liblivox_interfaces__rosidl_typesupport_fastrtps_c.so
-- Up-to-date: /home/ubpi5/ws_livox/install/livox_interfaces/lib/liblivox_interfaces__rosidl_typesupport_fastrtps_cpp.so
-- Up-to-date: /home/ubpi5/ws_livox/install/livox_interfaces/lib/liblivox_interfaces__rosidl_typesupport_introspection_c.so
-- Up-to-date: /home/ubpi5/ws_livox/install/livox_interfaces/lib/liblivox_interfaces__rosidl_typesupport_c.so
-- Up-to-date: /home/ubpi5/ws_livox/install/livox_interfaces/lib/liblivox_interfaces__rosidl_typesupport_introspection_cpp.so
-- Up-to-date: /home/ubpi5/ws_livox/install/livox_interfaces/lib/liblivox_interfaces__rosidl_typesupport_cpp.so
Listing '/home/ubpi5/ws_livox/install/livox_interfaces/lib/python3.12/site-packages/livox_interfaces'...
Compiling '/home/ubpi5/ws_livox/install/livox_interfaces/lib/python3.12/site-packages/livox_interfaces/__init__.py'...
Listing '/home/ubpi5/ws_livox/install/livox_interfaces/lib/python3.12/site-packages/livox_interfaces/msg'...
-- Up-to-date: /home/ubpi5/ws_livox/install/livox_interfaces/lib/liblivox_interfaces__rosidl_generator_py.so
-- Up-to-date: /home/ubpi5/ws_livox/install/livox_interfaces/share/livox_interfaces/cmake/export_livox_interfaces__rosidl_generator_cExport.cmake
-- Up-to-date: /home/ubpi5/ws_livox/install/livox_interfaces/share/livox_interfaces/cmake/export_livox_interfaces__rosidl_generator_cExport-release.cmake
-- Up-to-date: /home/ubpi5/ws_livox/install/livox_interfaces/share/livox_interfaces/cmake/export_livox_interfaces__rosidl_typesupport_fastrtps_cExport.cmake
-- Up-to-date: /home/ubpi5/ws_livox/install/livox_interfaces/share/livox_interfaces/cmake/export_livox_interfaces__rosidl_typesupport_fastrtps_cExport-release.cmake
-- Up-to-date: /home/ubpi5/ws_livox/install/livox_interfaces/share/livox_interfaces/cmake/export_livox_interfaces__rosidl_generator_cppExport.cmake
-- Up-to-date: /home/ubpi5/ws_livox/install/livox_interfaces/share/livox_interfaces/cmake/export_livox_interfaces__rosidl_typesupport_fastrtps_cppExport.cmake
-- Up-to-date: /home/ubpi5/ws_livox/install/livox_interfaces/share/livox_interfaces/cmake/export_livox_interfaces__rosidl_typesupport_fastrtps_cppExport-release.cmake
-- Up-to-date: /home/ubpi5/ws_livox/install/livox_interfaces/share/livox_interfaces/cmake/livox_interfaces__rosidl_typesupport_introspection_cExport.cmake
-- Up-to-date: /home/ubpi5/ws_livox/install/livox_interfaces/share/livox_interfaces/cmake/livox_interfaces__rosidl_typesupport_introspection_cExport-release.cmake
-- Up-to-date: /home/ubpi5/ws_livox/install/livox_interfaces/share/livox_interfaces/cmake/livox_interfaces__rosidl_typesupport_cExport.cmake
-- Up-to-date: /home/ubpi5/ws_livox/install/livox_interfaces/share/livox_interfaces/cmake/livox_interfaces__rosidl_typesupport_cExport-release.cmake
-- Up-to-date: /home/ubpi5/ws_livox/install/livox_interfaces/share/livox_interfaces/cmake/livox_interfaces__rosidl_typesupport_introspection_cppExport.cmake
-- Up-to-date: /home/ubpi5/ws_livox/install/livox_interfaces/share/livox_interfaces/cmake/livox_interfaces__rosidl_typesupport_introspection_cppExport-release.cmake
-- Up-to-date: /home/ubpi5/ws_livox/install/livox_interfaces/share/livox_interfaces/cmake/livox_interfaces__rosidl_typesupport_cppExport.cmake
-- Up-to-date: /home/ubpi5/ws_livox/install/livox_interfaces/share/livox_interfaces/cmake/livox_interfaces__rosidl_typesupport_cppExport-release.cmake
-- Up-to-date: /home/ubpi5/ws_livox/install/livox_interfaces/share/livox_interfaces/cmake/export_livox_interfaces__rosidl_generator_pyExport.cmake
-- Up-to-date: /home/ubpi5/ws_livox/install/livox_interfaces/share/livox_interfaces/cmake/export_livox_interfaces__rosidl_generator_pyExport-release.cmake
