[0.056s] Invoking command in '/home/ubpi5/ws_livox/build/livox_interfaces': CMAKE_PREFIX_PATH=${CMAKE_PREFIX_PATH}:/opt/ros/jazzy DEBUGINFOD_URLS=https://debuginfod.ubuntu.com /usr/bin/cmake /home/ubpi5/ws_livox/src/livox_ros2_driver/livox_interfaces -DAMENT_CMAKE_SYMLINK_INSTALL=1 -DCMAKE_INSTALL_PREFIX=/home/ubpi5/ws_livox/install/livox_interfaces
[0.138s] -- Found ament_cmake: 2.5.3 (/opt/ros/jazzy/share/ament_cmake/cmake)
[0.249s] -- Found Python3: /usr/bin/python3 (found version "3.12.3") found components: Interpreter 
[0.498s] -- Override CMake install command with custom implementation using symlinks instead of copying resources
[0.554s] -- Found std_msgs: 5.3.5 (/opt/ros/jazzy/share/std_msgs/cmake)
[0.652s] -- Found rosidl_generator_c: 4.6.5 (/opt/ros/jazzy/share/rosidl_generator_c/cmake)
[0.681s] -- Found rosidl_generator_cpp: 4.6.5 (/opt/ros/jazzy/share/rosidl_generator_cpp/cmake)
[0.721s] -- Using all available rosidl_typesupport_c: rosidl_typesupport_fastrtps_c;rosidl_typesupport_introspection_c
[0.773s] -- Using all available rosidl_typesupport_cpp: rosidl_typesupport_fastrtps_cpp;rosidl_typesupport_introspection_cpp
[0.856s] -- Found rosidl_default_generators: 1.6.0 (/opt/ros/jazzy/share/rosidl_default_generators/cmake)
[0.880s] -- Found rosidl_adapter: 4.6.5 (/opt/ros/jazzy/share/rosidl_adapter/cmake)
[1.675s] -- Found ament_cmake_ros: 0.12.0 (/opt/ros/jazzy/share/ament_cmake_ros/cmake)
[2.145s] -- Using all available rosidl_typesupport_c: rosidl_typesupport_fastrtps_c;rosidl_typesupport_introspection_c
[2.337s] -- Using all available rosidl_typesupport_cpp: rosidl_typesupport_fastrtps_cpp;rosidl_typesupport_introspection_cpp
[2.344s] -- Found python_cmake_module: 0.11.1 (/opt/ros/jazzy/share/python_cmake_module/cmake)
[3.032s] -- Found Python3: /usr/bin/python3 (found version "3.12.3") found components: Interpreter Development NumPy Development.Module Development.Embed 
[3.119s] -- Found ament_lint_auto: 0.17.1 (/opt/ros/jazzy/share/ament_lint_auto/cmake)
[3.165s] -- Added test 'copyright' to check source files copyright and LICENSE
[3.173s] -- Added test 'lint_cmake' to check CMake code style
[3.177s] -- Added test 'xmllint' to check XML markup files
[3.189s] -- Configuring done (3.1s)
[3.379s] -- Generating done (0.2s)
[3.432s] -- Build files have been written to: /home/ubpi5/ws_livox/build/livox_interfaces
[3.467s] Invoked command in '/home/ubpi5/ws_livox/build/livox_interfaces' returned '0': CMAKE_PREFIX_PATH=${CMAKE_PREFIX_PATH}:/opt/ros/jazzy DEBUGINFOD_URLS=https://debuginfod.ubuntu.com /usr/bin/cmake /home/ubpi5/ws_livox/src/livox_ros2_driver/livox_interfaces -DAMENT_CMAKE_SYMLINK_INSTALL=1 -DCMAKE_INSTALL_PREFIX=/home/ubpi5/ws_livox/install/livox_interfaces
[3.472s] Invoking command in '/home/ubpi5/ws_livox/build/livox_interfaces': CMAKE_PREFIX_PATH=${CMAKE_PREFIX_PATH}:/opt/ros/jazzy DEBUGINFOD_URLS=https://debuginfod.ubuntu.com /usr/bin/cmake --build /home/ubpi5/ws_livox/build/livox_interfaces -- -j4 -l4
[3.595s] [  2%] Built target livox_interfaces__rosidl_generator_type_description
[3.676s] [  2%] Built target ament_cmake_python_symlink_livox_interfaces
[3.740s] [ 20%] Built target livox_interfaces__rosidl_generator_c
[4.157s] running egg_info
[4.187s] writing livox_interfaces.egg-info/PKG-INFO
[4.187s] writing dependency_links to livox_interfaces.egg-info/dependency_links.txt
[4.189s] writing top-level names to livox_interfaces.egg-info/top_level.txt
[4.287s] reading manifest file 'livox_interfaces.egg-info/SOURCES.txt'
[4.288s] writing manifest file 'livox_interfaces.egg-info/SOURCES.txt'
[4.391s] [ 20%] Built target ament_cmake_python_build_livox_interfaces_egg
[4.452s] [ 29%] Built target livox_interfaces__rosidl_typesupport_introspection_c
[4.517s] [ 38%] Built target livox_interfaces__rosidl_typesupport_c
[4.580s] [ 47%] Built target livox_interfaces__rosidl_typesupport_fastrtps_c
[4.633s] [ 50%] Built target livox_interfaces__cpp
[4.695s] [ 59%] Built target livox_interfaces__rosidl_typesupport_cpp
[4.759s] [ 68%] Built target livox_interfaces__rosidl_typesupport_introspection_cpp
[4.824s] [ 77%] Built target livox_interfaces__rosidl_typesupport_fastrtps_cpp
[4.881s] [ 77%] Built target livox_interfaces
[4.935s] [ 79%] Built target livox_interfaces__py
[5.001s] [ 86%] Built target livox_interfaces__rosidl_generator_py
[5.062s] [ 90%] Built target livox_interfaces_s__rosidl_typesupport_fastrtps_c
[5.121s] [ 95%] Built target livox_interfaces_s__rosidl_typesupport_c
[5.187s] [100%] Built target livox_interfaces_s__rosidl_typesupport_introspection_c
[5.219s] Invoked command in '/home/ubpi5/ws_livox/build/livox_interfaces' returned '0': CMAKE_PREFIX_PATH=${CMAKE_PREFIX_PATH}:/opt/ros/jazzy DEBUGINFOD_URLS=https://debuginfod.ubuntu.com /usr/bin/cmake --build /home/ubpi5/ws_livox/build/livox_interfaces -- -j4 -l4
[5.221s] Invoking command in '/home/ubpi5/ws_livox/build/livox_interfaces': CMAKE_PREFIX_PATH=${CMAKE_PREFIX_PATH}:/opt/ros/jazzy DEBUGINFOD_URLS=https://debuginfod.ubuntu.com /usr/bin/cmake --install /home/ubpi5/ws_livox/build/livox_interfaces
[5.241s] -- Install configuration: "Release"
[5.242s] -- Execute custom install script
[5.242s] -- Up-to-date symlink: /home/ubpi5/ws_livox/install/livox_interfaces/share/ament_index/resource_index/rosidl_interfaces/livox_interfaces
[5.242s] -- Up-to-date symlink: /home/ubpi5/ws_livox/install/livox_interfaces/share/livox_interfaces/msg/CustomPoint.json
[5.243s] -- Up-to-date symlink: /home/ubpi5/ws_livox/install/livox_interfaces/share/livox_interfaces/msg/CustomMsg.json
[5.244s] -- Up-to-date symlink: /home/ubpi5/ws_livox/install/livox_interfaces/include/livox_interfaces/livox_interfaces/msg/custom_msg.h
[5.244s] -- Up-to-date symlink: /home/ubpi5/ws_livox/install/livox_interfaces/include/livox_interfaces/livox_interfaces/msg/custom_point.h
[5.244s] -- Up-to-date symlink: /home/ubpi5/ws_livox/install/livox_interfaces/include/livox_interfaces/livox_interfaces/msg/detail/custom_msg__functions.h
[5.245s] -- Up-to-date symlink: /home/ubpi5/ws_livox/install/livox_interfaces/include/livox_interfaces/livox_interfaces/msg/detail/custom_msg__struct.h
[5.245s] -- Up-to-date symlink: /home/ubpi5/ws_livox/install/livox_interfaces/include/livox_interfaces/livox_interfaces/msg/detail/custom_msg__type_support.h
[5.246s] -- Up-to-date symlink: /home/ubpi5/ws_livox/install/livox_interfaces/include/livox_interfaces/livox_interfaces/msg/detail/custom_point__functions.h
[5.246s] -- Up-to-date symlink: /home/ubpi5/ws_livox/install/livox_interfaces/include/livox_interfaces/livox_interfaces/msg/detail/custom_point__struct.h
[5.247s] -- Up-to-date symlink: /home/ubpi5/ws_livox/install/livox_interfaces/include/livox_interfaces/livox_interfaces/msg/detail/custom_point__type_support.h
[5.247s] -- Up-to-date symlink: /home/ubpi5/ws_livox/install/livox_interfaces/include/livox_interfaces/livox_interfaces/msg/rosidl_generator_c__visibility_control.h
[5.248s] -- Up-to-date symlink: /home/ubpi5/ws_livox/install/livox_interfaces/share/livox_interfaces/environment/library_path.sh
[5.248s] -- Up-to-date symlink: /home/ubpi5/ws_livox/install/livox_interfaces/share/livox_interfaces/environment/library_path.dsv
[5.249s] -- Up-to-date symlink: /home/ubpi5/ws_livox/install/livox_interfaces/include/livox_interfaces/livox_interfaces/msg/detail/custom_msg__rosidl_typesupport_fastrtps_c.h
[5.249s] -- Up-to-date symlink: /home/ubpi5/ws_livox/install/livox_interfaces/include/livox_interfaces/livox_interfaces/msg/detail/custom_point__rosidl_typesupport_fastrtps_c.h
[5.249s] -- Up-to-date symlink: /home/ubpi5/ws_livox/install/livox_interfaces/include/livox_interfaces/livox_interfaces/msg/rosidl_typesupport_fastrtps_c__visibility_control.h
[5.249s] -- Up-to-date symlink: /home/ubpi5/ws_livox/install/livox_interfaces/include/livox_interfaces/livox_interfaces/msg/custom_msg.hpp
[5.250s] -- Up-to-date symlink: /home/ubpi5/ws_livox/install/livox_interfaces/include/livox_interfaces/livox_interfaces/msg/custom_point.hpp
[5.250s] -- Up-to-date symlink: /home/ubpi5/ws_livox/install/livox_interfaces/include/livox_interfaces/livox_interfaces/msg/detail/custom_msg__builder.hpp
[5.250s] -- Up-to-date symlink: /home/ubpi5/ws_livox/install/livox_interfaces/include/livox_interfaces/livox_interfaces/msg/detail/custom_msg__struct.hpp
[5.250s] -- Up-to-date symlink: /home/ubpi5/ws_livox/install/livox_interfaces/include/livox_interfaces/livox_interfaces/msg/detail/custom_msg__traits.hpp
[5.251s] -- Up-to-date symlink: /home/ubpi5/ws_livox/install/livox_interfaces/include/livox_interfaces/livox_interfaces/msg/detail/custom_msg__type_support.hpp
[5.252s] -- Up-to-date symlink: /home/ubpi5/ws_livox/install/livox_interfaces/include/livox_interfaces/livox_interfaces/msg/detail/custom_point__builder.hpp
[5.252s] -- Up-to-date symlink: /home/ubpi5/ws_livox/install/livox_interfaces/include/livox_interfaces/livox_interfaces/msg/detail/custom_point__struct.hpp
[5.252s] -- Up-to-date symlink: /home/ubpi5/ws_livox/install/livox_interfaces/include/livox_interfaces/livox_interfaces/msg/detail/custom_point__traits.hpp
[5.252s] -- Up-to-date symlink: /home/ubpi5/ws_livox/install/livox_interfaces/include/livox_interfaces/livox_interfaces/msg/detail/custom_point__type_support.hpp
[5.253s] -- Up-to-date symlink: /home/ubpi5/ws_livox/install/livox_interfaces/include/livox_interfaces/livox_interfaces/msg/rosidl_generator_cpp__visibility_control.hpp
[5.253s] -- Up-to-date symlink: /home/ubpi5/ws_livox/install/livox_interfaces/include/livox_interfaces/livox_interfaces/msg/detail/custom_msg__rosidl_typesupport_fastrtps_cpp.hpp
[5.253s] -- Up-to-date symlink: /home/ubpi5/ws_livox/install/livox_interfaces/include/livox_interfaces/livox_interfaces/msg/detail/custom_point__rosidl_typesupport_fastrtps_cpp.hpp
[5.253s] -- Up-to-date symlink: /home/ubpi5/ws_livox/install/livox_interfaces/include/livox_interfaces/livox_interfaces/msg/rosidl_typesupport_fastrtps_cpp__visibility_control.h
[5.254s] -- Up-to-date symlink: /home/ubpi5/ws_livox/install/livox_interfaces/include/livox_interfaces/livox_interfaces/msg/detail/custom_msg__rosidl_typesupport_introspection_c.h
[5.254s] -- Up-to-date symlink: /home/ubpi5/ws_livox/install/livox_interfaces/include/livox_interfaces/livox_interfaces/msg/detail/custom_point__rosidl_typesupport_introspection_c.h
[5.254s] -- Up-to-date symlink: /home/ubpi5/ws_livox/install/livox_interfaces/include/livox_interfaces/livox_interfaces/msg/rosidl_typesupport_introspection_c__visibility_control.h
[5.255s] -- Up-to-date symlink: /home/ubpi5/ws_livox/install/livox_interfaces/include/livox_interfaces/livox_interfaces/msg/detail/custom_msg__rosidl_typesupport_introspection_cpp.hpp
[5.255s] -- Up-to-date symlink: /home/ubpi5/ws_livox/install/livox_interfaces/include/livox_interfaces/livox_interfaces/msg/detail/custom_point__rosidl_typesupport_introspection_cpp.hpp
[5.255s] -- Up-to-date symlink: /home/ubpi5/ws_livox/install/livox_interfaces/share/livox_interfaces/environment/pythonpath.sh
[5.256s] -- Up-to-date symlink: /home/ubpi5/ws_livox/install/livox_interfaces/share/livox_interfaces/environment/pythonpath.dsv
[5.256s] -- Up-to-date symlink: /home/ubpi5/ws_livox/install/livox_interfaces/lib/python3.12/site-packages/livox_interfaces-0.0.1-py3.12.egg-info/PKG-INFO
[5.256s] -- Up-to-date symlink: /home/ubpi5/ws_livox/install/livox_interfaces/lib/python3.12/site-packages/livox_interfaces-0.0.1-py3.12.egg-info/SOURCES.txt
[5.256s] -- Up-to-date symlink: /home/ubpi5/ws_livox/install/livox_interfaces/lib/python3.12/site-packages/livox_interfaces-0.0.1-py3.12.egg-info/dependency_links.txt
[5.256s] -- Up-to-date symlink: /home/ubpi5/ws_livox/install/livox_interfaces/lib/python3.12/site-packages/livox_interfaces-0.0.1-py3.12.egg-info/top_level.txt
[5.257s] -- Up-to-date symlink: /home/ubpi5/ws_livox/install/livox_interfaces/lib/python3.12/site-packages/livox_interfaces/__init__.py
[5.257s] -- Up-to-date symlink: /home/ubpi5/ws_livox/install/livox_interfaces/lib/python3.12/site-packages/livox_interfaces/_livox_interfaces_s.ep.rosidl_typesupport_c.c
[5.258s] -- Up-to-date symlink: /home/ubpi5/ws_livox/install/livox_interfaces/lib/python3.12/site-packages/livox_interfaces/_livox_interfaces_s.ep.rosidl_typesupport_fastrtps_c.c
[5.258s] -- Up-to-date symlink: /home/ubpi5/ws_livox/install/livox_interfaces/lib/python3.12/site-packages/livox_interfaces/_livox_interfaces_s.ep.rosidl_typesupport_introspection_c.c
[5.258s] -- Up-to-date symlink: /home/ubpi5/ws_livox/install/livox_interfaces/lib/python3.12/site-packages/livox_interfaces/livox_interfaces_s__rosidl_typesupport_c.so
[5.258s] -- Up-to-date symlink: /home/ubpi5/ws_livox/install/livox_interfaces/lib/python3.12/site-packages/livox_interfaces/livox_interfaces_s__rosidl_typesupport_fastrtps_c.so
[5.258s] -- Up-to-date symlink: /home/ubpi5/ws_livox/install/livox_interfaces/lib/python3.12/site-packages/livox_interfaces/livox_interfaces_s__rosidl_typesupport_introspection_c.so
[5.259s] -- Up-to-date symlink: /home/ubpi5/ws_livox/install/livox_interfaces/lib/python3.12/site-packages/livox_interfaces/msg/__init__.py
[5.259s] -- Up-to-date symlink: /home/ubpi5/ws_livox/install/livox_interfaces/lib/python3.12/site-packages/livox_interfaces/msg/_custom_msg.py
[5.259s] -- Up-to-date symlink: /home/ubpi5/ws_livox/install/livox_interfaces/lib/python3.12/site-packages/livox_interfaces/msg/_custom_msg_s.c
[5.259s] -- Up-to-date symlink: /home/ubpi5/ws_livox/install/livox_interfaces/lib/python3.12/site-packages/livox_interfaces/msg/_custom_point.py
[5.259s] -- Up-to-date symlink: /home/ubpi5/ws_livox/install/livox_interfaces/lib/python3.12/site-packages/livox_interfaces/msg/_custom_point_s.c
[5.260s] -- Up-to-date symlink: /home/ubpi5/ws_livox/install/livox_interfaces/lib/python3.12/site-packages/livox_interfaces/livox_interfaces_s__rosidl_typesupport_fastrtps_c.so
[5.260s] -- Up-to-date symlink: /home/ubpi5/ws_livox/install/livox_interfaces/lib/python3.12/site-packages/livox_interfaces/livox_interfaces_s__rosidl_typesupport_introspection_c.so
[5.261s] -- Up-to-date symlink: /home/ubpi5/ws_livox/install/livox_interfaces/lib/python3.12/site-packages/livox_interfaces/livox_interfaces_s__rosidl_typesupport_c.so
[5.261s] -- Up-to-date symlink: /home/ubpi5/ws_livox/install/livox_interfaces/share/livox_interfaces/msg/CustomPoint.idl
[5.261s] -- Up-to-date symlink: /home/ubpi5/ws_livox/install/livox_interfaces/share/livox_interfaces/msg/CustomMsg.idl
[5.261s] -- Up-to-date symlink: /home/ubpi5/ws_livox/install/livox_interfaces/share/livox_interfaces/msg/CustomPoint.msg
[5.262s] -- Up-to-date symlink: /home/ubpi5/ws_livox/install/livox_interfaces/share/livox_interfaces/msg/CustomMsg.msg
[5.262s] -- Up-to-date symlink: /home/ubpi5/ws_livox/install/livox_interfaces/share/ament_index/resource_index/package_run_dependencies/livox_interfaces
[5.262s] -- Up-to-date symlink: /home/ubpi5/ws_livox/install/livox_interfaces/share/ament_index/resource_index/parent_prefix_path/livox_interfaces
[5.263s] -- Up-to-date symlink: /home/ubpi5/ws_livox/install/livox_interfaces/share/livox_interfaces/environment/ament_prefix_path.sh
[5.263s] -- Up-to-date symlink: /home/ubpi5/ws_livox/install/livox_interfaces/share/livox_interfaces/environment/ament_prefix_path.dsv
[5.263s] -- Up-to-date symlink: /home/ubpi5/ws_livox/install/livox_interfaces/share/livox_interfaces/environment/path.sh
[5.263s] -- Up-to-date symlink: /home/ubpi5/ws_livox/install/livox_interfaces/share/livox_interfaces/environment/path.dsv
[5.264s] -- Up-to-date symlink: /home/ubpi5/ws_livox/install/livox_interfaces/share/livox_interfaces/local_setup.bash
[5.264s] -- Up-to-date symlink: /home/ubpi5/ws_livox/install/livox_interfaces/share/livox_interfaces/local_setup.sh
[5.264s] -- Up-to-date symlink: /home/ubpi5/ws_livox/install/livox_interfaces/share/livox_interfaces/local_setup.zsh
[5.264s] -- Up-to-date symlink: /home/ubpi5/ws_livox/install/livox_interfaces/share/livox_interfaces/local_setup.dsv
[5.265s] -- Symlinking: /home/ubpi5/ws_livox/install/livox_interfaces/share/livox_interfaces/package.dsv
[5.288s] -- Up-to-date symlink: /home/ubpi5/ws_livox/install/livox_interfaces/share/ament_index/resource_index/packages/livox_interfaces
[5.288s] -- Up-to-date symlink: /home/ubpi5/ws_livox/install/livox_interfaces/share/livox_interfaces/cmake/rosidl_cmake-extras.cmake
[5.289s] -- Up-to-date symlink: /home/ubpi5/ws_livox/install/livox_interfaces/share/livox_interfaces/cmake/ament_cmake_export_dependencies-extras.cmake
[5.289s] -- Up-to-date symlink: /home/ubpi5/ws_livox/install/livox_interfaces/share/livox_interfaces/cmake/ament_cmake_export_include_directories-extras.cmake
[5.290s] -- Up-to-date symlink: /home/ubpi5/ws_livox/install/livox_interfaces/share/livox_interfaces/cmake/ament_cmake_export_libraries-extras.cmake
[5.290s] -- Up-to-date symlink: /home/ubpi5/ws_livox/install/livox_interfaces/share/livox_interfaces/cmake/ament_cmake_export_targets-extras.cmake
[5.293s] -- Up-to-date symlink: /home/ubpi5/ws_livox/install/livox_interfaces/share/livox_interfaces/cmake/rosidl_cmake_export_typesupport_targets-extras.cmake
[5.293s] -- Up-to-date symlink: /home/ubpi5/ws_livox/install/livox_interfaces/share/livox_interfaces/cmake/rosidl_cmake_export_typesupport_libraries-extras.cmake
[5.293s] -- Up-to-date symlink: /home/ubpi5/ws_livox/install/livox_interfaces/share/livox_interfaces/cmake/livox_interfacesConfig.cmake
[5.293s] -- Up-to-date symlink: /home/ubpi5/ws_livox/install/livox_interfaces/share/livox_interfaces/cmake/livox_interfacesConfig-version.cmake
[5.293s] -- Up-to-date symlink: /home/ubpi5/ws_livox/install/livox_interfaces/share/livox_interfaces/package.xml
[5.294s] -- Up-to-date: /home/ubpi5/ws_livox/install/livox_interfaces/lib/liblivox_interfaces__rosidl_generator_c.so
[5.295s] -- Up-to-date: /home/ubpi5/ws_livox/install/livox_interfaces/lib/liblivox_interfaces__rosidl_typesupport_fastrtps_c.so
[5.297s] -- Up-to-date: /home/ubpi5/ws_livox/install/livox_interfaces/lib/liblivox_interfaces__rosidl_typesupport_fastrtps_cpp.so
[5.299s] -- Up-to-date: /home/ubpi5/ws_livox/install/livox_interfaces/lib/liblivox_interfaces__rosidl_typesupport_introspection_c.so
[5.301s] -- Up-to-date: /home/ubpi5/ws_livox/install/livox_interfaces/lib/liblivox_interfaces__rosidl_typesupport_c.so
[5.303s] -- Up-to-date: /home/ubpi5/ws_livox/install/livox_interfaces/lib/liblivox_interfaces__rosidl_typesupport_introspection_cpp.so
[5.304s] -- Up-to-date: /home/ubpi5/ws_livox/install/livox_interfaces/lib/liblivox_interfaces__rosidl_typesupport_cpp.so
[5.389s] Listing '/home/ubpi5/ws_livox/install/livox_interfaces/lib/python3.12/site-packages/livox_interfaces'...
[5.389s] Compiling '/home/ubpi5/ws_livox/install/livox_interfaces/lib/python3.12/site-packages/livox_interfaces/__init__.py'...
[5.390s] Listing '/home/ubpi5/ws_livox/install/livox_interfaces/lib/python3.12/site-packages/livox_interfaces/msg'...
[5.411s] -- Up-to-date: /home/ubpi5/ws_livox/install/livox_interfaces/lib/liblivox_interfaces__rosidl_generator_py.so
[5.411s] -- Up-to-date: /home/ubpi5/ws_livox/install/livox_interfaces/share/livox_interfaces/cmake/export_livox_interfaces__rosidl_generator_cExport.cmake
[5.412s] -- Up-to-date: /home/ubpi5/ws_livox/install/livox_interfaces/share/livox_interfaces/cmake/export_livox_interfaces__rosidl_generator_cExport-release.cmake
[5.412s] -- Up-to-date: /home/ubpi5/ws_livox/install/livox_interfaces/share/livox_interfaces/cmake/export_livox_interfaces__rosidl_typesupport_fastrtps_cExport.cmake
[5.412s] -- Up-to-date: /home/ubpi5/ws_livox/install/livox_interfaces/share/livox_interfaces/cmake/export_livox_interfaces__rosidl_typesupport_fastrtps_cExport-release.cmake
[5.413s] -- Up-to-date: /home/ubpi5/ws_livox/install/livox_interfaces/share/livox_interfaces/cmake/export_livox_interfaces__rosidl_generator_cppExport.cmake
[5.413s] -- Up-to-date: /home/ubpi5/ws_livox/install/livox_interfaces/share/livox_interfaces/cmake/export_livox_interfaces__rosidl_typesupport_fastrtps_cppExport.cmake
[5.413s] -- Up-to-date: /home/ubpi5/ws_livox/install/livox_interfaces/share/livox_interfaces/cmake/export_livox_interfaces__rosidl_typesupport_fastrtps_cppExport-release.cmake
[5.414s] -- Up-to-date: /home/ubpi5/ws_livox/install/livox_interfaces/share/livox_interfaces/cmake/livox_interfaces__rosidl_typesupport_introspection_cExport.cmake
[5.414s] -- Up-to-date: /home/ubpi5/ws_livox/install/livox_interfaces/share/livox_interfaces/cmake/livox_interfaces__rosidl_typesupport_introspection_cExport-release.cmake
[5.414s] -- Up-to-date: /home/ubpi5/ws_livox/install/livox_interfaces/share/livox_interfaces/cmake/livox_interfaces__rosidl_typesupport_cExport.cmake
[5.414s] -- Up-to-date: /home/ubpi5/ws_livox/install/livox_interfaces/share/livox_interfaces/cmake/livox_interfaces__rosidl_typesupport_cExport-release.cmake
[5.415s] -- Up-to-date: /home/ubpi5/ws_livox/install/livox_interfaces/share/livox_interfaces/cmake/livox_interfaces__rosidl_typesupport_introspection_cppExport.cmake
[5.415s] -- Up-to-date: /home/ubpi5/ws_livox/install/livox_interfaces/share/livox_interfaces/cmake/livox_interfaces__rosidl_typesupport_introspection_cppExport-release.cmake
[5.415s] -- Up-to-date: /home/ubpi5/ws_livox/install/livox_interfaces/share/livox_interfaces/cmake/livox_interfaces__rosidl_typesupport_cppExport.cmake
[5.415s] -- Up-to-date: /home/ubpi5/ws_livox/install/livox_interfaces/share/livox_interfaces/cmake/livox_interfaces__rosidl_typesupport_cppExport-release.cmake
[5.416s] -- Up-to-date: /home/ubpi5/ws_livox/install/livox_interfaces/share/livox_interfaces/cmake/export_livox_interfaces__rosidl_generator_pyExport.cmake
[5.416s] -- Up-to-date: /home/ubpi5/ws_livox/install/livox_interfaces/share/livox_interfaces/cmake/export_livox_interfaces__rosidl_generator_pyExport-release.cmake
[5.422s] Invoked command in '/home/ubpi5/ws_livox/build/livox_interfaces' returned '0': CMAKE_PREFIX_PATH=${CMAKE_PREFIX_PATH}:/opt/ros/jazzy DEBUGINFOD_URLS=https://debuginfod.ubuntu.com /usr/bin/cmake --install /home/ubpi5/ws_livox/build/livox_interfaces
