[0.087s] Invoking command in '/home/ubpi5/ws_livox/build/livox_ros2_driver': CMAKE_PREFIX_PATH=/home/ubpi5/ws_livox/install/livox_interfaces:/home/ubpi5/ws_livox/install/livox_ros2_driver:/opt/ros/jazzy/opt/gz_math_vendor:/opt/ros/jazzy/opt/gz_utils_vendor:/opt/ros/jazzy/opt/gz_cmake_vendor:/opt/ros/jazzy DEBUGINFOD_URLS=https://debuginfod.ubuntu.com LD_LIBRARY_PATH=/home/ubpi5/ws_livox/install/livox_interfaces/lib:/home/ubpi5/ws_livox/install/livox_ros2_driver/lib:/opt/ros/jazzy/opt/rviz_ogre_vendor/lib:/opt/ros/jazzy/lib/aarch64-linux-gnu:/opt/ros/jazzy/opt/gz_math_vendor/lib:/opt/ros/jazzy/opt/gz_utils_vendor/lib:/opt/ros/jazzy/opt/gz_cmake_vendor/lib:/opt/ros/jazzy/lib:/tmp/.mount_CursordCedJg/usr/lib/:/tmp/.mount_CursordCedJg/usr/lib32/:/tmp/.mount_CursordCedJg/usr/lib64/:/tmp/.mount_CursordCedJg/lib/:/tmp/.mount_CursordCedJg/lib/i386-linux-gnu/:/tmp/.mount_CursordCedJg/lib/x86_64-linux-gnu/:/tmp/.mount_CursordCedJg/lib/aarch64-linux-gnu/:/tmp/.mount_CursordCedJg/lib32/:/tmp/.mount_CursordCedJg/lib64/ /usr/bin/cmake --build /home/ubpi5/ws_livox/build/livox_ros2_driver -- -j4 -l4
[0.645s] [  6%] [32mBuilding CXX object CMakeFiles/livox_ros2_driver.dir/livox_ros2_driver/livox_ros2_driver.cpp.o[0m
[54.725s] [ 12%] [32m[1mLinking CXX shared library liblivox_ros2_driver.so[0m
[59.810s] [ 87%] Built target livox_ros2_driver
[59.974s] [100%] Built target livox_ros2_driver_node
[60.040s] Invoked command in '/home/ubpi5/ws_livox/build/livox_ros2_driver' returned '0': CMAKE_PREFIX_PATH=/home/ubpi5/ws_livox/install/livox_interfaces:/home/ubpi5/ws_livox/install/livox_ros2_driver:/opt/ros/jazzy/opt/gz_math_vendor:/opt/ros/jazzy/opt/gz_utils_vendor:/opt/ros/jazzy/opt/gz_cmake_vendor:/opt/ros/jazzy DEBUGINFOD_URLS=https://debuginfod.ubuntu.com LD_LIBRARY_PATH=/home/ubpi5/ws_livox/install/livox_interfaces/lib:/home/ubpi5/ws_livox/install/livox_ros2_driver/lib:/opt/ros/jazzy/opt/rviz_ogre_vendor/lib:/opt/ros/jazzy/lib/aarch64-linux-gnu:/opt/ros/jazzy/opt/gz_math_vendor/lib:/opt/ros/jazzy/opt/gz_utils_vendor/lib:/opt/ros/jazzy/opt/gz_cmake_vendor/lib:/opt/ros/jazzy/lib:/tmp/.mount_CursordCedJg/usr/lib/:/tmp/.mount_CursordCedJg/usr/lib32/:/tmp/.mount_CursordCedJg/usr/lib64/:/tmp/.mount_CursordCedJg/lib/:/tmp/.mount_CursordCedJg/lib/i386-linux-gnu/:/tmp/.mount_CursordCedJg/lib/x86_64-linux-gnu/:/tmp/.mount_CursordCedJg/lib/aarch64-linux-gnu/:/tmp/.mount_CursordCedJg/lib32/:/tmp/.mount_CursordCedJg/lib64/ /usr/bin/cmake --build /home/ubpi5/ws_livox/build/livox_ros2_driver -- -j4 -l4
[60.089s] Invoking command in '/home/ubpi5/ws_livox/build/livox_ros2_driver': CMAKE_PREFIX_PATH=/home/ubpi5/ws_livox/install/livox_interfaces:/home/ubpi5/ws_livox/install/livox_ros2_driver:/opt/ros/jazzy/opt/gz_math_vendor:/opt/ros/jazzy/opt/gz_utils_vendor:/opt/ros/jazzy/opt/gz_cmake_vendor:/opt/ros/jazzy DEBUGINFOD_URLS=https://debuginfod.ubuntu.com LD_LIBRARY_PATH=/home/ubpi5/ws_livox/install/livox_interfaces/lib:/home/ubpi5/ws_livox/install/livox_ros2_driver/lib:/opt/ros/jazzy/opt/rviz_ogre_vendor/lib:/opt/ros/jazzy/lib/aarch64-linux-gnu:/opt/ros/jazzy/opt/gz_math_vendor/lib:/opt/ros/jazzy/opt/gz_utils_vendor/lib:/opt/ros/jazzy/opt/gz_cmake_vendor/lib:/opt/ros/jazzy/lib:/tmp/.mount_CursordCedJg/usr/lib/:/tmp/.mount_CursordCedJg/usr/lib32/:/tmp/.mount_CursordCedJg/usr/lib64/:/tmp/.mount_CursordCedJg/lib/:/tmp/.mount_CursordCedJg/lib/i386-linux-gnu/:/tmp/.mount_CursordCedJg/lib/x86_64-linux-gnu/:/tmp/.mount_CursordCedJg/lib/aarch64-linux-gnu/:/tmp/.mount_CursordCedJg/lib32/:/tmp/.mount_CursordCedJg/lib64/ /usr/bin/cmake --install /home/ubpi5/ws_livox/build/livox_ros2_driver
[60.131s] -- Install configuration: "Release"
[60.133s] -- Execute custom install script
[60.135s] -- Up-to-date symlink: /home/ubpi5/ws_livox/install/livox_ros2_driver/lib/livox_ros2_driver/livox_ros2_driver_node
[60.137s] -- Up-to-date symlink: /home/ubpi5/ws_livox/install/livox_ros2_driver/share/livox_ros2_driver/environment/library_path.sh
[60.138s] -- Up-to-date symlink: /home/ubpi5/ws_livox/install/livox_ros2_driver/share/livox_ros2_driver/environment/library_path.dsv
[60.138s] -- Up-to-date symlink: /home/ubpi5/ws_livox/install/livox_ros2_driver/lib/liblivox_ros2_driver.so
[60.141s] -- Up-to-date symlink: /home/ubpi5/ws_livox/install/livox_ros2_driver/share/livox_ros2_driver/config/avia_config.json
[60.141s] -- Up-to-date symlink: /home/ubpi5/ws_livox/install/livox_ros2_driver/share/livox_ros2_driver/config/livox_hub.rviz
[60.141s] -- Up-to-date symlink: /home/ubpi5/ws_livox/install/livox_ros2_driver/share/livox_ros2_driver/config/livox_hub_config.json
[60.142s] -- Up-to-date symlink: /home/ubpi5/ws_livox/install/livox_ros2_driver/share/livox_ros2_driver/config/livox_lidar.rviz
[60.142s] -- Up-to-date symlink: /home/ubpi5/ws_livox/install/livox_ros2_driver/share/livox_ros2_driver/config/livox_lidar_config.json
[60.143s] -- Up-to-date symlink: /home/ubpi5/ws_livox/install/livox_ros2_driver/share/livox_ros2_driver/launch/livox_hub_launch.py
[60.144s] -- Up-to-date symlink: /home/ubpi5/ws_livox/install/livox_ros2_driver/share/livox_ros2_driver/launch/livox_hub_msg_launch .py
[60.144s] -- Up-to-date symlink: /home/ubpi5/ws_livox/install/livox_ros2_driver/share/livox_ros2_driver/launch/livox_hub_rviz_launch.py
[60.145s] -- Up-to-date symlink: /home/ubpi5/ws_livox/install/livox_ros2_driver/share/livox_ros2_driver/launch/livox_lidar_launch.py
[60.150s] -- Up-to-date symlink: /home/ubpi5/ws_livox/install/livox_ros2_driver/share/livox_ros2_driver/launch/livox_lidar_msg_launch.py
[60.150s] -- Up-to-date symlink: /home/ubpi5/ws_livox/install/livox_ros2_driver/share/livox_ros2_driver/launch/livox_lidar_rviz_launch.py
[60.150s] -- Up-to-date symlink: /home/ubpi5/ws_livox/install/livox_ros2_driver/share/livox_ros2_driver/launch/livox_template_launch.py
[60.150s] -- Up-to-date symlink: /home/ubpi5/ws_livox/install/livox_ros2_driver/share/ament_index/resource_index/package_run_dependencies/livox_ros2_driver
[60.150s] -- Up-to-date symlink: /home/ubpi5/ws_livox/install/livox_ros2_driver/share/ament_index/resource_index/parent_prefix_path/livox_ros2_driver
[60.151s] -- Up-to-date symlink: /home/ubpi5/ws_livox/install/livox_ros2_driver/share/livox_ros2_driver/environment/ament_prefix_path.sh
[60.151s] -- Up-to-date symlink: /home/ubpi5/ws_livox/install/livox_ros2_driver/share/livox_ros2_driver/environment/ament_prefix_path.dsv
[60.151s] -- Up-to-date symlink: /home/ubpi5/ws_livox/install/livox_ros2_driver/share/livox_ros2_driver/environment/path.sh
[60.151s] -- Up-to-date symlink: /home/ubpi5/ws_livox/install/livox_ros2_driver/share/livox_ros2_driver/environment/path.dsv
[60.157s] -- Up-to-date symlink: /home/ubpi5/ws_livox/install/livox_ros2_driver/share/livox_ros2_driver/local_setup.bash
[60.157s] -- Up-to-date symlink: /home/ubpi5/ws_livox/install/livox_ros2_driver/share/livox_ros2_driver/local_setup.sh
[60.157s] -- Up-to-date symlink: /home/ubpi5/ws_livox/install/livox_ros2_driver/share/livox_ros2_driver/local_setup.zsh
[60.157s] -- Up-to-date symlink: /home/ubpi5/ws_livox/install/livox_ros2_driver/share/livox_ros2_driver/local_setup.dsv
[60.157s] -- Symlinking: /home/ubpi5/ws_livox/install/livox_ros2_driver/share/livox_ros2_driver/package.dsv
[60.226s] -- Up-to-date symlink: /home/ubpi5/ws_livox/install/livox_ros2_driver/share/ament_index/resource_index/packages/livox_ros2_driver
[60.227s] -- Up-to-date symlink: /home/ubpi5/ws_livox/install/livox_ros2_driver/share/ament_index/resource_index/rclcpp_components/livox_ros2_driver
[60.227s] -- Up-to-date symlink: /home/ubpi5/ws_livox/install/livox_ros2_driver/share/livox_ros2_driver/cmake/ament_cmake_export_dependencies-extras.cmake
[60.228s] -- Up-to-date symlink: /home/ubpi5/ws_livox/install/livox_ros2_driver/share/livox_ros2_driver/cmake/ament_cmake_export_libraries-extras.cmake
[60.231s] -- Up-to-date symlink: /home/ubpi5/ws_livox/install/livox_ros2_driver/share/livox_ros2_driver/cmake/livox_ros2_driverConfig.cmake
[60.231s] -- Up-to-date symlink: /home/ubpi5/ws_livox/install/livox_ros2_driver/share/livox_ros2_driver/cmake/livox_ros2_driverConfig-version.cmake
[60.231s] -- Up-to-date symlink: /home/ubpi5/ws_livox/install/livox_ros2_driver/share/livox_ros2_driver/package.xml
[60.248s] Invoked command in '/home/ubpi5/ws_livox/build/livox_ros2_driver' returned '0': CMAKE_PREFIX_PATH=/home/ubpi5/ws_livox/install/livox_interfaces:/home/ubpi5/ws_livox/install/livox_ros2_driver:/opt/ros/jazzy/opt/gz_math_vendor:/opt/ros/jazzy/opt/gz_utils_vendor:/opt/ros/jazzy/opt/gz_cmake_vendor:/opt/ros/jazzy DEBUGINFOD_URLS=https://debuginfod.ubuntu.com LD_LIBRARY_PATH=/home/ubpi5/ws_livox/install/livox_interfaces/lib:/home/ubpi5/ws_livox/install/livox_ros2_driver/lib:/opt/ros/jazzy/opt/rviz_ogre_vendor/lib:/opt/ros/jazzy/lib/aarch64-linux-gnu:/opt/ros/jazzy/opt/gz_math_vendor/lib:/opt/ros/jazzy/opt/gz_utils_vendor/lib:/opt/ros/jazzy/opt/gz_cmake_vendor/lib:/opt/ros/jazzy/lib:/tmp/.mount_CursordCedJg/usr/lib/:/tmp/.mount_CursordCedJg/usr/lib32/:/tmp/.mount_CursordCedJg/usr/lib64/:/tmp/.mount_CursordCedJg/lib/:/tmp/.mount_CursordCedJg/lib/i386-linux-gnu/:/tmp/.mount_CursordCedJg/lib/x86_64-linux-gnu/:/tmp/.mount_CursordCedJg/lib/aarch64-linux-gnu/:/tmp/.mount_CursordCedJg/lib32/:/tmp/.mount_CursordCedJg/lib64/ /usr/bin/cmake --install /home/ubpi5/ws_livox/build/livox_ros2_driver
